<html>
<head>
<title>TestNG:  Unityworks</title>
<link href="../testng.css" rel="stylesheet" type="text/css" />
<link href="../my-testng.css" rel="stylesheet" type="text/css" />

<style type="text/css">
.log { display: none;} 
.stack-trace { display: none;} 
</style>
<script type="text/javascript">
<!--
function flip(e) {
  current = e.style.display;
  if (current == 'block') {
    e.style.display = 'none';
    return 0;
  }
  else {
    e.style.display = 'block';
    return 1;
  }
}

function toggleBox(szDivId, elem, msg1, msg2)
{
  var res = -1;  if (document.getElementById) {
    res = flip(document.getElementById(szDivId));
  }
  else if (document.all) {
    // this is the way old msie versions work
    res = flip(document.all[szDivId]);
  }
  if(elem) {
    if(res == 0) elem.innerHTML = msg1; else elem.innerHTML = msg2;
  }

}

function toggleAllBoxes() {
  if (document.getElementsByTagName) {
    d = document.getElementsByTagName('div');
    for (i = 0; i < d.length; i++) {
      if (d[i].className == 'log') {
        flip(d[i]);
      }
    }
  }
}

// -->
</script>

</head>
<body>
<h2 align='center'>Unityworks</h2><table border='1' align="center">
<tr>
<td>Tests passed/Failed/Skipped:</td><td>4/0/58</td>
</tr><tr>
<td>Started on:</td><td>Mon Apr 30 14:14:31 IST 2018</td>
</tr>
<tr><td>Total time:</td><td>118 seconds (118883 ms)</td>
</tr><tr>
<td>Included groups:</td><td></td>
</tr><tr>
<td>Excluded groups:</td><td></td>
</tr>
</table><p/>
<small><i>(Hover the method name to see the test class name)</i></small><p/>
<table width='100%' border='1' class='invocation-passed'>
<tr><td colspan='4' align='center'><b>PASSED TESTS</b></td></tr>
<tr><td><b>Test method</b></td>
<td width="30%"><b>Exception</b></td>
<td width="10%"><b>Time (seconds)</b></td>
<td><b>Instance</b></td>
</tr>
<tr>
<td title='com.unityworks.testcases.AffinitiveTest.doubleclickreportTest()'><b>doubleclickreportTest</b><br>Test class: com.unityworks.testcases.AffinitiveTest<br>Parameters: 12/01/2017, 03/01/2018, FCA Canada DoubleClick, FCA Canada DoubleClick, Custom Select, Canda, Cherokee, Canda-RamCherokee, No, No, No, Report, //span[text()='FCA Canada DoubleClick Report'], //*[@id="weekly_report_data_table"]/tfoot/tr/td[7], FCA Canada DoubleClick Report, 9,109,738, Yes</td>
<td></td>
<td>37</td>
<td>com.unityworks.testcases.AffinitiveTest@3d5c822d</td></tr>
<tr>
<td title='com.unityworks.testcases.AffinitiveTest.doubleclickreportTest()'><b>doubleclickreportTest</b><br>Test class: com.unityworks.testcases.AffinitiveTest<br>Parameters: 12/01/2017, 03/01/2018, FCA Canada DoubleClick, FCA Canada DoubleClick, Custom Select, Canda, Cherokee, Canda-RamCherokee, No, No, No, Management Fees, //span[text()='Management Fee Table'],  //*[@id="mgt_fees_data_table"]/tbody/tr[last()]/td, Management Fee Table, , Yes</td>
<td></td>
<td>27</td>
<td>com.unityworks.testcases.AffinitiveTest@3d5c822d</td></tr>
<tr>
<td title='com.unityworks.testcases.AffinitiveTest.verifyPageViewandReportTitle()'><b>verifyPageViewandReportTitle</b><br>Test class: com.unityworks.testcases.AffinitiveTest<br>Parameters: 03/01/2018, 03/10/2018, Epsilon, BMW Airbag Recall, //span[text()='BMW Airbag Recall'], //*[@id='first_report']/tbody/tr[last()]/td[5]/b, BMW Airbag Recall, 398, Yes</td>
<td></td>
<td>26</td>
<td>com.unityworks.testcases.AffinitiveTest@3d5c822d</td></tr>
<tr>
<td title='com.unityworks.testcases.AffinitiveTest.verifyPageViewandReportTitle()'><b>verifyPageViewandReportTitle</b><br>Test class: com.unityworks.testcases.AffinitiveTest<br>Parameters: 03/01/2018, 03/10/2018, UnityWorks Website, UnityWorks Website, //span[text()='UnityWorks Website Report'], //tbody/tr[last()]/td[6]/b, UnityWorks Website Report, , Yes</td>
<td></td>
<td>27</td>
<td>com.unityworks.testcases.AffinitiveTest@3d5c822d</td></tr>
</table><p>
<table width='100%' border='1' class='invocation-skipped'>
<tr><td colspan='4' align='center'><b>SKIPPED TESTS</b></td></tr>
<tr><td><b>Test method</b></td>
<td width="30%"><b>Exception</b></td>
<td width="10%"><b>Time (seconds)</b></td>
<td><b>Instance</b></td>
</tr>
<tr>
<td title='com.unityworks.testcases.AffinitiveTest.verifyPageViewandReportTitle()'><b>verifyPageViewandReportTitle</b><br>Test class: com.unityworks.testcases.AffinitiveTest<br>Parameters: 03/01/2018, 03/10/2018, Epsilon, 2014 Sales Touches Round 1, //span[text()='Epsilon Sales Touch'], //*[@id='first_report']/tbody/tr[last()]/td[5]/b, Epsilon Sales Touch, 95, No</td>
<td><div><pre>org.testng.SkipException: Skipping this exception
	at com.unityworks.testcases.AffinitiveTest.verifyPageViewandReportTitle(AffinitiveTest.java:155)
... Removed 25 stack frames</pre></div><a href='#' onClick='toggleBox("stack-trace742255664", this, "Click to show all stack frames", "Click to hide stack frames")'>Click to show all stack frames</a>
<div class='stack-trace' id='stack-trace742255664'><pre>org.testng.SkipException: Skipping this exception
	at com.unityworks.testcases.AffinitiveTest.verifyPageViewandReportTitle(AffinitiveTest.java:155)
	at sun.reflect.NativeMethodAccessorImpl.invoke0(Native Method)
	at sun.reflect.NativeMethodAccessorImpl.invoke(Unknown Source)
	at sun.reflect.DelegatingMethodAccessorImpl.invoke(Unknown Source)
	at java.lang.reflect.Method.invoke(Unknown Source)
	at org.testng.internal.MethodInvocationHelper.invokeMethod(MethodInvocationHelper.java:124)
	at org.testng.internal.Invoker.invokeMethod(Invoker.java:580)
	at org.testng.internal.Invoker.invokeTestMethod(Invoker.java:716)
	at org.testng.internal.Invoker.invokeTestMethods(Invoker.java:988)
	at org.testng.internal.TestMethodWorker.invokeTestMethods(TestMethodWorker.java:125)
	at org.testng.internal.TestMethodWorker.run(TestMethodWorker.java:109)
	at org.testng.TestRunner.privateRun(TestRunner.java:648)
	at org.testng.TestRunner.run(TestRunner.java:505)
	at org.testng.SuiteRunner.runTest(SuiteRunner.java:455)
	at org.testng.SuiteRunner.runSequentially(SuiteRunner.java:450)
	at org.testng.SuiteRunner.privateRun(SuiteRunner.java:415)
	at org.testng.SuiteRunner.run(SuiteRunner.java:364)
	at org.testng.SuiteRunnerWorker.runSuite(SuiteRunnerWorker.java:52)
	at org.testng.SuiteRunnerWorker.run(SuiteRunnerWorker.java:84)
	at org.testng.TestNG.runSuitesSequentially(TestNG.java:1208)
	at org.testng.TestNG.runSuitesLocally(TestNG.java:1137)
	at org.testng.TestNG.runSuites(TestNG.java:1049)
	at org.testng.TestNG.run(TestNG.java:1017)
	at org.testng.remote.AbstractRemoteTestNG.run(AbstractRemoteTestNG.java:114)
	at org.testng.remote.RemoteTestNG.initAndRun(RemoteTestNG.java:251)
	at org.testng.remote.RemoteTestNG.main(RemoteTestNG.java:77)
</pre></div></td>
<td>0</td>
<td>com.unityworks.testcases.AffinitiveTest@3d5c822d</td></tr>
<tr>
<td title='com.unityworks.testcases.AffinitiveTest.verifyPageViewandReportTitle()'><b>verifyPageViewandReportTitle</b><br>Test class: com.unityworks.testcases.AffinitiveTest<br>Parameters: 03/01/2018, 03/10/2018, Epsilon, BMW T2, //span[text()='Epsilon BMW T2'], //*[@id='first_report']/tbody/tr[last()]/td[5]/b, Epsilon BMW T2, , No</td>
<td><div><pre>org.testng.SkipException: Skipping this exception
	at com.unityworks.testcases.AffinitiveTest.verifyPageViewandReportTitle(AffinitiveTest.java:155)
... Removed 25 stack frames</pre></div><a href='#' onClick='toggleBox("stack-trace1115013644", this, "Click to show all stack frames", "Click to hide stack frames")'>Click to show all stack frames</a>
<div class='stack-trace' id='stack-trace1115013644'><pre>org.testng.SkipException: Skipping this exception
	at com.unityworks.testcases.AffinitiveTest.verifyPageViewandReportTitle(AffinitiveTest.java:155)
	at sun.reflect.NativeMethodAccessorImpl.invoke0(Native Method)
	at sun.reflect.NativeMethodAccessorImpl.invoke(Unknown Source)
	at sun.reflect.DelegatingMethodAccessorImpl.invoke(Unknown Source)
	at java.lang.reflect.Method.invoke(Unknown Source)
	at org.testng.internal.MethodInvocationHelper.invokeMethod(MethodInvocationHelper.java:124)
	at org.testng.internal.Invoker.invokeMethod(Invoker.java:580)
	at org.testng.internal.Invoker.invokeTestMethod(Invoker.java:716)
	at org.testng.internal.Invoker.invokeTestMethods(Invoker.java:988)
	at org.testng.internal.TestMethodWorker.invokeTestMethods(TestMethodWorker.java:125)
	at org.testng.internal.TestMethodWorker.run(TestMethodWorker.java:109)
	at org.testng.TestRunner.privateRun(TestRunner.java:648)
	at org.testng.TestRunner.run(TestRunner.java:505)
	at org.testng.SuiteRunner.runTest(SuiteRunner.java:455)
	at org.testng.SuiteRunner.runSequentially(SuiteRunner.java:450)
	at org.testng.SuiteRunner.privateRun(SuiteRunner.java:415)
	at org.testng.SuiteRunner.run(SuiteRunner.java:364)
	at org.testng.SuiteRunnerWorker.runSuite(SuiteRunnerWorker.java:52)
	at org.testng.SuiteRunnerWorker.run(SuiteRunnerWorker.java:84)
	at org.testng.TestNG.runSuitesSequentially(TestNG.java:1208)
	at org.testng.TestNG.runSuitesLocally(TestNG.java:1137)
	at org.testng.TestNG.runSuites(TestNG.java:1049)
	at org.testng.TestNG.run(TestNG.java:1017)
	at org.testng.remote.AbstractRemoteTestNG.run(AbstractRemoteTestNG.java:114)
	at org.testng.remote.RemoteTestNG.initAndRun(RemoteTestNG.java:251)
	at org.testng.remote.RemoteTestNG.main(RemoteTestNG.java:77)
</pre></div></td>
<td>0</td>
<td>com.unityworks.testcases.AffinitiveTest@3d5c822d</td></tr>
<tr>
<td title='com.unityworks.testcases.AffinitiveTest.verifyPageViewandReportTitle()'><b>verifyPageViewandReportTitle</b><br>Test class: com.unityworks.testcases.AffinitiveTest<br>Parameters: 03/01/2018, 03/10/2018, Epsilon, Business Elite, //span[text()='Epsilon Business Elite Standard, Non-Standard Report'], //*[@id='first_report']/tbody/tr[last()]/td[3]/b, Epsilon Business Elite Standard, Non-Standard Report, 1, No</td>
<td><div><pre>org.testng.SkipException: Skipping this exception
	at com.unityworks.testcases.AffinitiveTest.verifyPageViewandReportTitle(AffinitiveTest.java:155)
... Removed 25 stack frames</pre></div><a href='#' onClick='toggleBox("stack-trace1070194629", this, "Click to show all stack frames", "Click to hide stack frames")'>Click to show all stack frames</a>
<div class='stack-trace' id='stack-trace1070194629'><pre>org.testng.SkipException: Skipping this exception
	at com.unityworks.testcases.AffinitiveTest.verifyPageViewandReportTitle(AffinitiveTest.java:155)
	at sun.reflect.NativeMethodAccessorImpl.invoke0(Native Method)
	at sun.reflect.NativeMethodAccessorImpl.invoke(Unknown Source)
	at sun.reflect.DelegatingMethodAccessorImpl.invoke(Unknown Source)
	at java.lang.reflect.Method.invoke(Unknown Source)
	at org.testng.internal.MethodInvocationHelper.invokeMethod(MethodInvocationHelper.java:124)
	at org.testng.internal.Invoker.invokeMethod(Invoker.java:580)
	at org.testng.internal.Invoker.invokeTestMethod(Invoker.java:716)
	at org.testng.internal.Invoker.invokeTestMethods(Invoker.java:988)
	at org.testng.internal.TestMethodWorker.invokeTestMethods(TestMethodWorker.java:125)
	at org.testng.internal.TestMethodWorker.run(TestMethodWorker.java:109)
	at org.testng.TestRunner.privateRun(TestRunner.java:648)
	at org.testng.TestRunner.run(TestRunner.java:505)
	at org.testng.SuiteRunner.runTest(SuiteRunner.java:455)
	at org.testng.SuiteRunner.runSequentially(SuiteRunner.java:450)
	at org.testng.SuiteRunner.privateRun(SuiteRunner.java:415)
	at org.testng.SuiteRunner.run(SuiteRunner.java:364)
	at org.testng.SuiteRunnerWorker.runSuite(SuiteRunnerWorker.java:52)
	at org.testng.SuiteRunnerWorker.run(SuiteRunnerWorker.java:84)
	at org.testng.TestNG.runSuitesSequentially(TestNG.java:1208)
	at org.testng.TestNG.runSuitesLocally(TestNG.java:1137)
	at org.testng.TestNG.runSuites(TestNG.java:1049)
	at org.testng.TestNG.run(TestNG.java:1017)
	at org.testng.remote.AbstractRemoteTestNG.run(AbstractRemoteTestNG.java:114)
	at org.testng.remote.RemoteTestNG.initAndRun(RemoteTestNG.java:251)
	at org.testng.remote.RemoteTestNG.main(RemoteTestNG.java:77)
</pre></div></td>
<td>0</td>
<td>com.unityworks.testcases.AffinitiveTest@3d5c822d</td></tr>
<tr>
<td title='com.unityworks.testcases.AffinitiveTest.verifyPageViewandReportTitle()'><b>verifyPageViewandReportTitle</b><br>Test class: com.unityworks.testcases.AffinitiveTest<br>Parameters: 03/01/2018, 03/10/2018, Epsilon, CSSR - Car Care, //span[text()='Epsilon Car Care Report'], //*[@id='first_report']/tbody/tr[last()]/td[5]/b, Epsilon Car Care Report, 1926, No</td>
<td><div><pre>org.testng.SkipException: Skipping this exception
	at com.unityworks.testcases.AffinitiveTest.verifyPageViewandReportTitle(AffinitiveTest.java:155)
... Removed 25 stack frames</pre></div><a href='#' onClick='toggleBox("stack-trace749486981", this, "Click to show all stack frames", "Click to hide stack frames")'>Click to show all stack frames</a>
<div class='stack-trace' id='stack-trace749486981'><pre>org.testng.SkipException: Skipping this exception
	at com.unityworks.testcases.AffinitiveTest.verifyPageViewandReportTitle(AffinitiveTest.java:155)
	at sun.reflect.NativeMethodAccessorImpl.invoke0(Native Method)
	at sun.reflect.NativeMethodAccessorImpl.invoke(Unknown Source)
	at sun.reflect.DelegatingMethodAccessorImpl.invoke(Unknown Source)
	at java.lang.reflect.Method.invoke(Unknown Source)
	at org.testng.internal.MethodInvocationHelper.invokeMethod(MethodInvocationHelper.java:124)
	at org.testng.internal.Invoker.invokeMethod(Invoker.java:580)
	at org.testng.internal.Invoker.invokeTestMethod(Invoker.java:716)
	at org.testng.internal.Invoker.invokeTestMethods(Invoker.java:988)
	at org.testng.internal.TestMethodWorker.invokeTestMethods(TestMethodWorker.java:125)
	at org.testng.internal.TestMethodWorker.run(TestMethodWorker.java:109)
	at org.testng.TestRunner.privateRun(TestRunner.java:648)
	at org.testng.TestRunner.run(TestRunner.java:505)
	at org.testng.SuiteRunner.runTest(SuiteRunner.java:455)
	at org.testng.SuiteRunner.runSequentially(SuiteRunner.java:450)
	at org.testng.SuiteRunner.privateRun(SuiteRunner.java:415)
	at org.testng.SuiteRunner.run(SuiteRunner.java:364)
	at org.testng.SuiteRunnerWorker.runSuite(SuiteRunnerWorker.java:52)
	at org.testng.SuiteRunnerWorker.run(SuiteRunnerWorker.java:84)
	at org.testng.TestNG.runSuitesSequentially(TestNG.java:1208)
	at org.testng.TestNG.runSuitesLocally(TestNG.java:1137)
	at org.testng.TestNG.runSuites(TestNG.java:1049)
	at org.testng.TestNG.run(TestNG.java:1017)
	at org.testng.remote.AbstractRemoteTestNG.run(AbstractRemoteTestNG.java:114)
	at org.testng.remote.RemoteTestNG.initAndRun(RemoteTestNG.java:251)
	at org.testng.remote.RemoteTestNG.main(RemoteTestNG.java:77)
</pre></div></td>
<td>0</td>
<td>com.unityworks.testcases.AffinitiveTest@3d5c822d</td></tr>
<tr>
<td title='com.unityworks.testcases.AffinitiveTest.verifyPageViewandReportTitle()'><b>verifyPageViewandReportTitle</b><br>Test class: com.unityworks.testcases.AffinitiveTest<br>Parameters: 03/01/2018, 03/10/2018, Epsilon, CSSR - EVO, //span[text()='Epsilon EVO Report'], //tbody/tr[last()]/td[5]/b, Epsilon EVO Report, 729, No</td>
<td><div><pre>org.testng.SkipException: Skipping this exception
	at com.unityworks.testcases.AffinitiveTest.verifyPageViewandReportTitle(AffinitiveTest.java:155)
... Removed 25 stack frames</pre></div><a href='#' onClick='toggleBox("stack-trace385332399", this, "Click to show all stack frames", "Click to hide stack frames")'>Click to show all stack frames</a>
<div class='stack-trace' id='stack-trace385332399'><pre>org.testng.SkipException: Skipping this exception
	at com.unityworks.testcases.AffinitiveTest.verifyPageViewandReportTitle(AffinitiveTest.java:155)
	at sun.reflect.NativeMethodAccessorImpl.invoke0(Native Method)
	at sun.reflect.NativeMethodAccessorImpl.invoke(Unknown Source)
	at sun.reflect.DelegatingMethodAccessorImpl.invoke(Unknown Source)
	at java.lang.reflect.Method.invoke(Unknown Source)
	at org.testng.internal.MethodInvocationHelper.invokeMethod(MethodInvocationHelper.java:124)
	at org.testng.internal.Invoker.invokeMethod(Invoker.java:580)
	at org.testng.internal.Invoker.invokeTestMethod(Invoker.java:716)
	at org.testng.internal.Invoker.invokeTestMethods(Invoker.java:988)
	at org.testng.internal.TestMethodWorker.invokeTestMethods(TestMethodWorker.java:125)
	at org.testng.internal.TestMethodWorker.run(TestMethodWorker.java:109)
	at org.testng.TestRunner.privateRun(TestRunner.java:648)
	at org.testng.TestRunner.run(TestRunner.java:505)
	at org.testng.SuiteRunner.runTest(SuiteRunner.java:455)
	at org.testng.SuiteRunner.runSequentially(SuiteRunner.java:450)
	at org.testng.SuiteRunner.privateRun(SuiteRunner.java:415)
	at org.testng.SuiteRunner.run(SuiteRunner.java:364)
	at org.testng.SuiteRunnerWorker.runSuite(SuiteRunnerWorker.java:52)
	at org.testng.SuiteRunnerWorker.run(SuiteRunnerWorker.java:84)
	at org.testng.TestNG.runSuitesSequentially(TestNG.java:1208)
	at org.testng.TestNG.runSuitesLocally(TestNG.java:1137)
	at org.testng.TestNG.runSuites(TestNG.java:1049)
	at org.testng.TestNG.run(TestNG.java:1017)
	at org.testng.remote.AbstractRemoteTestNG.run(AbstractRemoteTestNG.java:114)
	at org.testng.remote.RemoteTestNG.initAndRun(RemoteTestNG.java:251)
	at org.testng.remote.RemoteTestNG.main(RemoteTestNG.java:77)
</pre></div></td>
<td>0</td>
<td>com.unityworks.testcases.AffinitiveTest@3d5c822d</td></tr>
<tr>
<td title='com.unityworks.testcases.AffinitiveTest.verifyPageViewandReportTitle()'><b>verifyPageViewandReportTitle</b><br>Test class: com.unityworks.testcases.AffinitiveTest<br>Parameters: 03/01/2018, 03/10/2018, Epsilon, CSSR - EVO & OLA Combined, //span[text()='EVO OLA Combined Report'], //*[@id='first_report']/tbody/tr[last()]/td[5]/b, EVO OLA Combined Report, 5734, No</td>
<td><div><pre>org.testng.SkipException: Skipping this exception
	at com.unityworks.testcases.AffinitiveTest.verifyPageViewandReportTitle(AffinitiveTest.java:155)
... Removed 25 stack frames</pre></div><a href='#' onClick='toggleBox("stack-trace883020319", this, "Click to show all stack frames", "Click to hide stack frames")'>Click to show all stack frames</a>
<div class='stack-trace' id='stack-trace883020319'><pre>org.testng.SkipException: Skipping this exception
	at com.unityworks.testcases.AffinitiveTest.verifyPageViewandReportTitle(AffinitiveTest.java:155)
	at sun.reflect.NativeMethodAccessorImpl.invoke0(Native Method)
	at sun.reflect.NativeMethodAccessorImpl.invoke(Unknown Source)
	at sun.reflect.DelegatingMethodAccessorImpl.invoke(Unknown Source)
	at java.lang.reflect.Method.invoke(Unknown Source)
	at org.testng.internal.MethodInvocationHelper.invokeMethod(MethodInvocationHelper.java:124)
	at org.testng.internal.Invoker.invokeMethod(Invoker.java:580)
	at org.testng.internal.Invoker.invokeTestMethod(Invoker.java:716)
	at org.testng.internal.Invoker.invokeTestMethods(Invoker.java:988)
	at org.testng.internal.TestMethodWorker.invokeTestMethods(TestMethodWorker.java:125)
	at org.testng.internal.TestMethodWorker.run(TestMethodWorker.java:109)
	at org.testng.TestRunner.privateRun(TestRunner.java:648)
	at org.testng.TestRunner.run(TestRunner.java:505)
	at org.testng.SuiteRunner.runTest(SuiteRunner.java:455)
	at org.testng.SuiteRunner.runSequentially(SuiteRunner.java:450)
	at org.testng.SuiteRunner.privateRun(SuiteRunner.java:415)
	at org.testng.SuiteRunner.run(SuiteRunner.java:364)
	at org.testng.SuiteRunnerWorker.runSuite(SuiteRunnerWorker.java:52)
	at org.testng.SuiteRunnerWorker.run(SuiteRunnerWorker.java:84)
	at org.testng.TestNG.runSuitesSequentially(TestNG.java:1208)
	at org.testng.TestNG.runSuitesLocally(TestNG.java:1137)
	at org.testng.TestNG.runSuites(TestNG.java:1049)
	at org.testng.TestNG.run(TestNG.java:1017)
	at org.testng.remote.AbstractRemoteTestNG.run(AbstractRemoteTestNG.java:114)
	at org.testng.remote.RemoteTestNG.initAndRun(RemoteTestNG.java:251)
	at org.testng.remote.RemoteTestNG.main(RemoteTestNG.java:77)
</pre></div></td>
<td>0</td>
<td>com.unityworks.testcases.AffinitiveTest@3d5c822d</td></tr>
<tr>
<td title='com.unityworks.testcases.AffinitiveTest.verifyPageViewandReportTitle()'><b>verifyPageViewandReportTitle</b><br>Test class: com.unityworks.testcases.AffinitiveTest<br>Parameters: 03/01/2018, 03/10/2018, Epsilon, CSSR - OLA, //span[text()='Epsilon OLA Report'], //*[@id='first_report']/tbody/tr[last()]/td[5]/b, Epsilon OLA Report, 5005, No</td>
<td><div><pre>org.testng.SkipException: Skipping this exception
	at com.unityworks.testcases.AffinitiveTest.verifyPageViewandReportTitle(AffinitiveTest.java:155)
... Removed 25 stack frames</pre></div><a href='#' onClick='toggleBox("stack-trace1942356772", this, "Click to show all stack frames", "Click to hide stack frames")'>Click to show all stack frames</a>
<div class='stack-trace' id='stack-trace1942356772'><pre>org.testng.SkipException: Skipping this exception
	at com.unityworks.testcases.AffinitiveTest.verifyPageViewandReportTitle(AffinitiveTest.java:155)
	at sun.reflect.NativeMethodAccessorImpl.invoke0(Native Method)
	at sun.reflect.NativeMethodAccessorImpl.invoke(Unknown Source)
	at sun.reflect.DelegatingMethodAccessorImpl.invoke(Unknown Source)
	at java.lang.reflect.Method.invoke(Unknown Source)
	at org.testng.internal.MethodInvocationHelper.invokeMethod(MethodInvocationHelper.java:124)
	at org.testng.internal.Invoker.invokeMethod(Invoker.java:580)
	at org.testng.internal.Invoker.invokeTestMethod(Invoker.java:716)
	at org.testng.internal.Invoker.invokeTestMethods(Invoker.java:988)
	at org.testng.internal.TestMethodWorker.invokeTestMethods(TestMethodWorker.java:125)
	at org.testng.internal.TestMethodWorker.run(TestMethodWorker.java:109)
	at org.testng.TestRunner.privateRun(TestRunner.java:648)
	at org.testng.TestRunner.run(TestRunner.java:505)
	at org.testng.SuiteRunner.runTest(SuiteRunner.java:455)
	at org.testng.SuiteRunner.runSequentially(SuiteRunner.java:450)
	at org.testng.SuiteRunner.privateRun(SuiteRunner.java:415)
	at org.testng.SuiteRunner.run(SuiteRunner.java:364)
	at org.testng.SuiteRunnerWorker.runSuite(SuiteRunnerWorker.java:52)
	at org.testng.SuiteRunnerWorker.run(SuiteRunnerWorker.java:84)
	at org.testng.TestNG.runSuitesSequentially(TestNG.java:1208)
	at org.testng.TestNG.runSuitesLocally(TestNG.java:1137)
	at org.testng.TestNG.runSuites(TestNG.java:1049)
	at org.testng.TestNG.run(TestNG.java:1017)
	at org.testng.remote.AbstractRemoteTestNG.run(AbstractRemoteTestNG.java:114)
	at org.testng.remote.RemoteTestNG.initAndRun(RemoteTestNG.java:251)
	at org.testng.remote.RemoteTestNG.main(RemoteTestNG.java:77)
</pre></div></td>
<td>0</td>
<td>com.unityworks.testcases.AffinitiveTest@3d5c822d</td></tr>
<tr>
<td title='com.unityworks.testcases.AffinitiveTest.verifyPageViewandReportTitle()'><b>verifyPageViewandReportTitle</b><br>Test class: com.unityworks.testcases.AffinitiveTest<br>Parameters: 03/01/2018, 03/10/2018, Epsilon, CSSR Lease, //span[text()='Epsilon CSSR Lease Report'], //*[@id='first_report']/tbody/tr[last()]/td[5]/b, Epsilon CSSR Lease Report, 184, No</td>
<td><div><pre>org.testng.SkipException: Skipping this exception
	at com.unityworks.testcases.AffinitiveTest.verifyPageViewandReportTitle(AffinitiveTest.java:155)
... Removed 25 stack frames</pre></div><a href='#' onClick='toggleBox("stack-trace1269118128", this, "Click to show all stack frames", "Click to hide stack frames")'>Click to show all stack frames</a>
<div class='stack-trace' id='stack-trace1269118128'><pre>org.testng.SkipException: Skipping this exception
	at com.unityworks.testcases.AffinitiveTest.verifyPageViewandReportTitle(AffinitiveTest.java:155)
	at sun.reflect.NativeMethodAccessorImpl.invoke0(Native Method)
	at sun.reflect.NativeMethodAccessorImpl.invoke(Unknown Source)
	at sun.reflect.DelegatingMethodAccessorImpl.invoke(Unknown Source)
	at java.lang.reflect.Method.invoke(Unknown Source)
	at org.testng.internal.MethodInvocationHelper.invokeMethod(MethodInvocationHelper.java:124)
	at org.testng.internal.Invoker.invokeMethod(Invoker.java:580)
	at org.testng.internal.Invoker.invokeTestMethod(Invoker.java:716)
	at org.testng.internal.Invoker.invokeTestMethods(Invoker.java:988)
	at org.testng.internal.TestMethodWorker.invokeTestMethods(TestMethodWorker.java:125)
	at org.testng.internal.TestMethodWorker.run(TestMethodWorker.java:109)
	at org.testng.TestRunner.privateRun(TestRunner.java:648)
	at org.testng.TestRunner.run(TestRunner.java:505)
	at org.testng.SuiteRunner.runTest(SuiteRunner.java:455)
	at org.testng.SuiteRunner.runSequentially(SuiteRunner.java:450)
	at org.testng.SuiteRunner.privateRun(SuiteRunner.java:415)
	at org.testng.SuiteRunner.run(SuiteRunner.java:364)
	at org.testng.SuiteRunnerWorker.runSuite(SuiteRunnerWorker.java:52)
	at org.testng.SuiteRunnerWorker.run(SuiteRunnerWorker.java:84)
	at org.testng.TestNG.runSuitesSequentially(TestNG.java:1208)
	at org.testng.TestNG.runSuitesLocally(TestNG.java:1137)
	at org.testng.TestNG.runSuites(TestNG.java:1049)
	at org.testng.TestNG.run(TestNG.java:1017)
	at org.testng.remote.AbstractRemoteTestNG.run(AbstractRemoteTestNG.java:114)
	at org.testng.remote.RemoteTestNG.initAndRun(RemoteTestNG.java:251)
	at org.testng.remote.RemoteTestNG.main(RemoteTestNG.java:77)
</pre></div></td>
<td>0</td>
<td>com.unityworks.testcases.AffinitiveTest@3d5c822d</td></tr>
<tr>
<td title='com.unityworks.testcases.AffinitiveTest.verifyPageViewandReportTitle()'><b>verifyPageViewandReportTitle</b><br>Test class: com.unityworks.testcases.AffinitiveTest<br>Parameters: 03/01/2018, 03/10/2018, Epsilon, Cherokee, //span[text()='Cherokee Report'], //tbody/tr[last()]/td[3]/b, Cherokee Report, 33, No</td>
<td><div><pre>org.testng.SkipException: Skipping this exception
	at com.unityworks.testcases.AffinitiveTest.verifyPageViewandReportTitle(AffinitiveTest.java:155)
... Removed 25 stack frames</pre></div><a href='#' onClick='toggleBox("stack-trace739264372", this, "Click to show all stack frames", "Click to hide stack frames")'>Click to show all stack frames</a>
<div class='stack-trace' id='stack-trace739264372'><pre>org.testng.SkipException: Skipping this exception
	at com.unityworks.testcases.AffinitiveTest.verifyPageViewandReportTitle(AffinitiveTest.java:155)
	at sun.reflect.NativeMethodAccessorImpl.invoke0(Native Method)
	at sun.reflect.NativeMethodAccessorImpl.invoke(Unknown Source)
	at sun.reflect.DelegatingMethodAccessorImpl.invoke(Unknown Source)
	at java.lang.reflect.Method.invoke(Unknown Source)
	at org.testng.internal.MethodInvocationHelper.invokeMethod(MethodInvocationHelper.java:124)
	at org.testng.internal.Invoker.invokeMethod(Invoker.java:580)
	at org.testng.internal.Invoker.invokeTestMethod(Invoker.java:716)
	at org.testng.internal.Invoker.invokeTestMethods(Invoker.java:988)
	at org.testng.internal.TestMethodWorker.invokeTestMethods(TestMethodWorker.java:125)
	at org.testng.internal.TestMethodWorker.run(TestMethodWorker.java:109)
	at org.testng.TestRunner.privateRun(TestRunner.java:648)
	at org.testng.TestRunner.run(TestRunner.java:505)
	at org.testng.SuiteRunner.runTest(SuiteRunner.java:455)
	at org.testng.SuiteRunner.runSequentially(SuiteRunner.java:450)
	at org.testng.SuiteRunner.privateRun(SuiteRunner.java:415)
	at org.testng.SuiteRunner.run(SuiteRunner.java:364)
	at org.testng.SuiteRunnerWorker.runSuite(SuiteRunnerWorker.java:52)
	at org.testng.SuiteRunnerWorker.run(SuiteRunnerWorker.java:84)
	at org.testng.TestNG.runSuitesSequentially(TestNG.java:1208)
	at org.testng.TestNG.runSuitesLocally(TestNG.java:1137)
	at org.testng.TestNG.runSuites(TestNG.java:1049)
	at org.testng.TestNG.run(TestNG.java:1017)
	at org.testng.remote.AbstractRemoteTestNG.run(AbstractRemoteTestNG.java:114)
	at org.testng.remote.RemoteTestNG.initAndRun(RemoteTestNG.java:251)
	at org.testng.remote.RemoteTestNG.main(RemoteTestNG.java:77)
</pre></div></td>
<td>0</td>
<td>com.unityworks.testcases.AffinitiveTest@3d5c822d</td></tr>
<tr>
<td title='com.unityworks.testcases.AffinitiveTest.verifyPageViewandReportTitle()'><b>verifyPageViewandReportTitle</b><br>Test class: com.unityworks.testcases.AffinitiveTest<br>Parameters: 03/01/2018, 03/10/2018, Epsilon, Ford Service, //span[text()='Ford Report'], //tbody/tr[last()]/td[3]/b, Ford Report, 33, No</td>
<td><div><pre>org.testng.SkipException: Skipping this exception
	at com.unityworks.testcases.AffinitiveTest.verifyPageViewandReportTitle(AffinitiveTest.java:155)
... Removed 25 stack frames</pre></div><a href='#' onClick='toggleBox("stack-trace1313960293", this, "Click to show all stack frames", "Click to hide stack frames")'>Click to show all stack frames</a>
<div class='stack-trace' id='stack-trace1313960293'><pre>org.testng.SkipException: Skipping this exception
	at com.unityworks.testcases.AffinitiveTest.verifyPageViewandReportTitle(AffinitiveTest.java:155)
	at sun.reflect.NativeMethodAccessorImpl.invoke0(Native Method)
	at sun.reflect.NativeMethodAccessorImpl.invoke(Unknown Source)
	at sun.reflect.DelegatingMethodAccessorImpl.invoke(Unknown Source)
	at java.lang.reflect.Method.invoke(Unknown Source)
	at org.testng.internal.MethodInvocationHelper.invokeMethod(MethodInvocationHelper.java:124)
	at org.testng.internal.Invoker.invokeMethod(Invoker.java:580)
	at org.testng.internal.Invoker.invokeTestMethod(Invoker.java:716)
	at org.testng.internal.Invoker.invokeTestMethods(Invoker.java:988)
	at org.testng.internal.TestMethodWorker.invokeTestMethods(TestMethodWorker.java:125)
	at org.testng.internal.TestMethodWorker.run(TestMethodWorker.java:109)
	at org.testng.TestRunner.privateRun(TestRunner.java:648)
	at org.testng.TestRunner.run(TestRunner.java:505)
	at org.testng.SuiteRunner.runTest(SuiteRunner.java:455)
	at org.testng.SuiteRunner.runSequentially(SuiteRunner.java:450)
	at org.testng.SuiteRunner.privateRun(SuiteRunner.java:415)
	at org.testng.SuiteRunner.run(SuiteRunner.java:364)
	at org.testng.SuiteRunnerWorker.runSuite(SuiteRunnerWorker.java:52)
	at org.testng.SuiteRunnerWorker.run(SuiteRunnerWorker.java:84)
	at org.testng.TestNG.runSuitesSequentially(TestNG.java:1208)
	at org.testng.TestNG.runSuitesLocally(TestNG.java:1137)
	at org.testng.TestNG.runSuites(TestNG.java:1049)
	at org.testng.TestNG.run(TestNG.java:1017)
	at org.testng.remote.AbstractRemoteTestNG.run(AbstractRemoteTestNG.java:114)
	at org.testng.remote.RemoteTestNG.initAndRun(RemoteTestNG.java:251)
	at org.testng.remote.RemoteTestNG.main(RemoteTestNG.java:77)
</pre></div></td>
<td>0</td>
<td>com.unityworks.testcases.AffinitiveTest@3d5c822d</td></tr>
<tr>
<td title='com.unityworks.testcases.AffinitiveTest.verifyPageViewandReportTitle()'><b>verifyPageViewandReportTitle</b><br>Test class: com.unityworks.testcases.AffinitiveTest<br>Parameters: 03/01/2018, 03/10/2018, Epsilon, Ford Truck, //span[text()='Ford Truck Report'], //tbody/tr[last()]/td[3]/b, Ford Truck Report, 8, No</td>
<td><div><pre>org.testng.SkipException: Skipping this exception
	at com.unityworks.testcases.AffinitiveTest.verifyPageViewandReportTitle(AffinitiveTest.java:155)
... Removed 25 stack frames</pre></div><a href='#' onClick='toggleBox("stack-trace1785111044", this, "Click to show all stack frames", "Click to hide stack frames")'>Click to show all stack frames</a>
<div class='stack-trace' id='stack-trace1785111044'><pre>org.testng.SkipException: Skipping this exception
	at com.unityworks.testcases.AffinitiveTest.verifyPageViewandReportTitle(AffinitiveTest.java:155)
	at sun.reflect.NativeMethodAccessorImpl.invoke0(Native Method)
	at sun.reflect.NativeMethodAccessorImpl.invoke(Unknown Source)
	at sun.reflect.DelegatingMethodAccessorImpl.invoke(Unknown Source)
	at java.lang.reflect.Method.invoke(Unknown Source)
	at org.testng.internal.MethodInvocationHelper.invokeMethod(MethodInvocationHelper.java:124)
	at org.testng.internal.Invoker.invokeMethod(Invoker.java:580)
	at org.testng.internal.Invoker.invokeTestMethod(Invoker.java:716)
	at org.testng.internal.Invoker.invokeTestMethods(Invoker.java:988)
	at org.testng.internal.TestMethodWorker.invokeTestMethods(TestMethodWorker.java:125)
	at org.testng.internal.TestMethodWorker.run(TestMethodWorker.java:109)
	at org.testng.TestRunner.privateRun(TestRunner.java:648)
	at org.testng.TestRunner.run(TestRunner.java:505)
	at org.testng.SuiteRunner.runTest(SuiteRunner.java:455)
	at org.testng.SuiteRunner.runSequentially(SuiteRunner.java:450)
	at org.testng.SuiteRunner.privateRun(SuiteRunner.java:415)
	at org.testng.SuiteRunner.run(SuiteRunner.java:364)
	at org.testng.SuiteRunnerWorker.runSuite(SuiteRunnerWorker.java:52)
	at org.testng.SuiteRunnerWorker.run(SuiteRunnerWorker.java:84)
	at org.testng.TestNG.runSuitesSequentially(TestNG.java:1208)
	at org.testng.TestNG.runSuitesLocally(TestNG.java:1137)
	at org.testng.TestNG.runSuites(TestNG.java:1049)
	at org.testng.TestNG.run(TestNG.java:1017)
	at org.testng.remote.AbstractRemoteTestNG.run(AbstractRemoteTestNG.java:114)
	at org.testng.remote.RemoteTestNG.initAndRun(RemoteTestNG.java:251)
	at org.testng.remote.RemoteTestNG.main(RemoteTestNG.java:77)
</pre></div></td>
<td>0</td>
<td>com.unityworks.testcases.AffinitiveTest@3d5c822d</td></tr>
<tr>
<td title='com.unityworks.testcases.AffinitiveTest.verifyPageViewandReportTitle()'><b>verifyPageViewandReportTitle</b><br>Test class: com.unityworks.testcases.AffinitiveTest<br>Parameters: 03/01/2018, 03/10/2018, Epsilon, Honda LCC, //span[text()='Honda Lcc'], //tbody/tr[last()]/td[5]/b, Honda Lcc, 1328, No</td>
<td><div><pre>org.testng.SkipException: Skipping this exception
	at com.unityworks.testcases.AffinitiveTest.verifyPageViewandReportTitle(AffinitiveTest.java:155)
... Removed 25 stack frames</pre></div><a href='#' onClick='toggleBox("stack-trace494894055", this, "Click to show all stack frames", "Click to hide stack frames")'>Click to show all stack frames</a>
<div class='stack-trace' id='stack-trace494894055'><pre>org.testng.SkipException: Skipping this exception
	at com.unityworks.testcases.AffinitiveTest.verifyPageViewandReportTitle(AffinitiveTest.java:155)
	at sun.reflect.NativeMethodAccessorImpl.invoke0(Native Method)
	at sun.reflect.NativeMethodAccessorImpl.invoke(Unknown Source)
	at sun.reflect.DelegatingMethodAccessorImpl.invoke(Unknown Source)
	at java.lang.reflect.Method.invoke(Unknown Source)
	at org.testng.internal.MethodInvocationHelper.invokeMethod(MethodInvocationHelper.java:124)
	at org.testng.internal.Invoker.invokeMethod(Invoker.java:580)
	at org.testng.internal.Invoker.invokeTestMethod(Invoker.java:716)
	at org.testng.internal.Invoker.invokeTestMethods(Invoker.java:988)
	at org.testng.internal.TestMethodWorker.invokeTestMethods(TestMethodWorker.java:125)
	at org.testng.internal.TestMethodWorker.run(TestMethodWorker.java:109)
	at org.testng.TestRunner.privateRun(TestRunner.java:648)
	at org.testng.TestRunner.run(TestRunner.java:505)
	at org.testng.SuiteRunner.runTest(SuiteRunner.java:455)
	at org.testng.SuiteRunner.runSequentially(SuiteRunner.java:450)
	at org.testng.SuiteRunner.privateRun(SuiteRunner.java:415)
	at org.testng.SuiteRunner.run(SuiteRunner.java:364)
	at org.testng.SuiteRunnerWorker.runSuite(SuiteRunnerWorker.java:52)
	at org.testng.SuiteRunnerWorker.run(SuiteRunnerWorker.java:84)
	at org.testng.TestNG.runSuitesSequentially(TestNG.java:1208)
	at org.testng.TestNG.runSuitesLocally(TestNG.java:1137)
	at org.testng.TestNG.runSuites(TestNG.java:1049)
	at org.testng.TestNG.run(TestNG.java:1017)
	at org.testng.remote.AbstractRemoteTestNG.run(AbstractRemoteTestNG.java:114)
	at org.testng.remote.RemoteTestNG.initAndRun(RemoteTestNG.java:251)
	at org.testng.remote.RemoteTestNG.main(RemoteTestNG.java:77)
</pre></div></td>
<td>0</td>
<td>com.unityworks.testcases.AffinitiveTest@3d5c822d</td></tr>
<tr>
<td title='com.unityworks.testcases.AffinitiveTest.verifyPageViewandReportTitle()'><b>verifyPageViewandReportTitle</b><br>Test class: com.unityworks.testcases.AffinitiveTest<br>Parameters: 03/01/2018, 03/10/2018, Epsilon, Honda SPS, //span[text()='Honda SPS'], //tbody/tr[last()]/td[5]/b, Honda SPS, 1579, No</td>
<td><div><pre>org.testng.SkipException: Skipping this exception
	at com.unityworks.testcases.AffinitiveTest.verifyPageViewandReportTitle(AffinitiveTest.java:155)
... Removed 25 stack frames</pre></div><a href='#' onClick='toggleBox("stack-trace500885941", this, "Click to show all stack frames", "Click to hide stack frames")'>Click to show all stack frames</a>
<div class='stack-trace' id='stack-trace500885941'><pre>org.testng.SkipException: Skipping this exception
	at com.unityworks.testcases.AffinitiveTest.verifyPageViewandReportTitle(AffinitiveTest.java:155)
	at sun.reflect.NativeMethodAccessorImpl.invoke0(Native Method)
	at sun.reflect.NativeMethodAccessorImpl.invoke(Unknown Source)
	at sun.reflect.DelegatingMethodAccessorImpl.invoke(Unknown Source)
	at java.lang.reflect.Method.invoke(Unknown Source)
	at org.testng.internal.MethodInvocationHelper.invokeMethod(MethodInvocationHelper.java:124)
	at org.testng.internal.Invoker.invokeMethod(Invoker.java:580)
	at org.testng.internal.Invoker.invokeTestMethod(Invoker.java:716)
	at org.testng.internal.Invoker.invokeTestMethods(Invoker.java:988)
	at org.testng.internal.TestMethodWorker.invokeTestMethods(TestMethodWorker.java:125)
	at org.testng.internal.TestMethodWorker.run(TestMethodWorker.java:109)
	at org.testng.TestRunner.privateRun(TestRunner.java:648)
	at org.testng.TestRunner.run(TestRunner.java:505)
	at org.testng.SuiteRunner.runTest(SuiteRunner.java:455)
	at org.testng.SuiteRunner.runSequentially(SuiteRunner.java:450)
	at org.testng.SuiteRunner.privateRun(SuiteRunner.java:415)
	at org.testng.SuiteRunner.run(SuiteRunner.java:364)
	at org.testng.SuiteRunnerWorker.runSuite(SuiteRunnerWorker.java:52)
	at org.testng.SuiteRunnerWorker.run(SuiteRunnerWorker.java:84)
	at org.testng.TestNG.runSuitesSequentially(TestNG.java:1208)
	at org.testng.TestNG.runSuitesLocally(TestNG.java:1137)
	at org.testng.TestNG.runSuites(TestNG.java:1049)
	at org.testng.TestNG.run(TestNG.java:1017)
	at org.testng.remote.AbstractRemoteTestNG.run(AbstractRemoteTestNG.java:114)
	at org.testng.remote.RemoteTestNG.initAndRun(RemoteTestNG.java:251)
	at org.testng.remote.RemoteTestNG.main(RemoteTestNG.java:77)
</pre></div></td>
<td>0</td>
<td>com.unityworks.testcases.AffinitiveTest@3d5c822d</td></tr>
<tr>
<td title='com.unityworks.testcases.AffinitiveTest.verifyPageViewandReportTitle()'><b>verifyPageViewandReportTitle</b><br>Test class: com.unityworks.testcases.AffinitiveTest<br>Parameters: 03/01/2018, 03/10/2018, Epsilon, Hyundai EM, //span[text()='Hyundai EM'], //tbody/tr[last()]/td[5]/b, Hyundai EM, 3319, No</td>
<td><div><pre>org.testng.SkipException: Skipping this exception
	at com.unityworks.testcases.AffinitiveTest.verifyPageViewandReportTitle(AffinitiveTest.java:155)
... Removed 25 stack frames</pre></div><a href='#' onClick='toggleBox("stack-trace2118096382", this, "Click to show all stack frames", "Click to hide stack frames")'>Click to show all stack frames</a>
<div class='stack-trace' id='stack-trace2118096382'><pre>org.testng.SkipException: Skipping this exception
	at com.unityworks.testcases.AffinitiveTest.verifyPageViewandReportTitle(AffinitiveTest.java:155)
	at sun.reflect.NativeMethodAccessorImpl.invoke0(Native Method)
	at sun.reflect.NativeMethodAccessorImpl.invoke(Unknown Source)
	at sun.reflect.DelegatingMethodAccessorImpl.invoke(Unknown Source)
	at java.lang.reflect.Method.invoke(Unknown Source)
	at org.testng.internal.MethodInvocationHelper.invokeMethod(MethodInvocationHelper.java:124)
	at org.testng.internal.Invoker.invokeMethod(Invoker.java:580)
	at org.testng.internal.Invoker.invokeTestMethod(Invoker.java:716)
	at org.testng.internal.Invoker.invokeTestMethods(Invoker.java:988)
	at org.testng.internal.TestMethodWorker.invokeTestMethods(TestMethodWorker.java:125)
	at org.testng.internal.TestMethodWorker.run(TestMethodWorker.java:109)
	at org.testng.TestRunner.privateRun(TestRunner.java:648)
	at org.testng.TestRunner.run(TestRunner.java:505)
	at org.testng.SuiteRunner.runTest(SuiteRunner.java:455)
	at org.testng.SuiteRunner.runSequentially(SuiteRunner.java:450)
	at org.testng.SuiteRunner.privateRun(SuiteRunner.java:415)
	at org.testng.SuiteRunner.run(SuiteRunner.java:364)
	at org.testng.SuiteRunnerWorker.runSuite(SuiteRunnerWorker.java:52)
	at org.testng.SuiteRunnerWorker.run(SuiteRunnerWorker.java:84)
	at org.testng.TestNG.runSuitesSequentially(TestNG.java:1208)
	at org.testng.TestNG.runSuitesLocally(TestNG.java:1137)
	at org.testng.TestNG.runSuites(TestNG.java:1049)
	at org.testng.TestNG.run(TestNG.java:1017)
	at org.testng.remote.AbstractRemoteTestNG.run(AbstractRemoteTestNG.java:114)
	at org.testng.remote.RemoteTestNG.initAndRun(RemoteTestNG.java:251)
	at org.testng.remote.RemoteTestNG.main(RemoteTestNG.java:77)
</pre></div></td>
<td>0</td>
<td>com.unityworks.testcases.AffinitiveTest@3d5c822d</td></tr>
<tr>
<td title='com.unityworks.testcases.AffinitiveTest.verifyPageViewandReportTitle()'><b>verifyPageViewandReportTitle</b><br>Test class: com.unityworks.testcases.AffinitiveTest<br>Parameters: 03/01/2018, 03/10/2018, Epsilon, Intercept National LMA, //span[text()='Epsilon National LMA Report'], //tbody/tr[last()]/td[4]/b, Epsilon National LMA Report, 89, No</td>
<td><div><pre>org.testng.SkipException: Skipping this exception
	at com.unityworks.testcases.AffinitiveTest.verifyPageViewandReportTitle(AffinitiveTest.java:155)
... Removed 25 stack frames</pre></div><a href='#' onClick='toggleBox("stack-trace1705665942", this, "Click to show all stack frames", "Click to hide stack frames")'>Click to show all stack frames</a>
<div class='stack-trace' id='stack-trace1705665942'><pre>org.testng.SkipException: Skipping this exception
	at com.unityworks.testcases.AffinitiveTest.verifyPageViewandReportTitle(AffinitiveTest.java:155)
	at sun.reflect.NativeMethodAccessorImpl.invoke0(Native Method)
	at sun.reflect.NativeMethodAccessorImpl.invoke(Unknown Source)
	at sun.reflect.DelegatingMethodAccessorImpl.invoke(Unknown Source)
	at java.lang.reflect.Method.invoke(Unknown Source)
	at org.testng.internal.MethodInvocationHelper.invokeMethod(MethodInvocationHelper.java:124)
	at org.testng.internal.Invoker.invokeMethod(Invoker.java:580)
	at org.testng.internal.Invoker.invokeTestMethod(Invoker.java:716)
	at org.testng.internal.Invoker.invokeTestMethods(Invoker.java:988)
	at org.testng.internal.TestMethodWorker.invokeTestMethods(TestMethodWorker.java:125)
	at org.testng.internal.TestMethodWorker.run(TestMethodWorker.java:109)
	at org.testng.TestRunner.privateRun(TestRunner.java:648)
	at org.testng.TestRunner.run(TestRunner.java:505)
	at org.testng.SuiteRunner.runTest(SuiteRunner.java:455)
	at org.testng.SuiteRunner.runSequentially(SuiteRunner.java:450)
	at org.testng.SuiteRunner.privateRun(SuiteRunner.java:415)
	at org.testng.SuiteRunner.run(SuiteRunner.java:364)
	at org.testng.SuiteRunnerWorker.runSuite(SuiteRunnerWorker.java:52)
	at org.testng.SuiteRunnerWorker.run(SuiteRunnerWorker.java:84)
	at org.testng.TestNG.runSuitesSequentially(TestNG.java:1208)
	at org.testng.TestNG.runSuitesLocally(TestNG.java:1137)
	at org.testng.TestNG.runSuites(TestNG.java:1049)
	at org.testng.TestNG.run(TestNG.java:1017)
	at org.testng.remote.AbstractRemoteTestNG.run(AbstractRemoteTestNG.java:114)
	at org.testng.remote.RemoteTestNG.initAndRun(RemoteTestNG.java:251)
	at org.testng.remote.RemoteTestNG.main(RemoteTestNG.java:77)
</pre></div></td>
<td>0</td>
<td>com.unityworks.testcases.AffinitiveTest@3d5c822d</td></tr>
<tr>
<td title='com.unityworks.testcases.AffinitiveTest.verifyPageViewandReportTitle()'><b>verifyPageViewandReportTitle</b><br>Test class: com.unityworks.testcases.AffinitiveTest<br>Parameters: 03/01/2018, 03/10/2018, Epsilon, Jaguar F-Type, //span[text()='Jaguar F Type'], //tbody/tr[last()]/td[3]/b, Jaguar F Type, 3, No</td>
<td><div><pre>org.testng.SkipException: Skipping this exception
	at com.unityworks.testcases.AffinitiveTest.verifyPageViewandReportTitle(AffinitiveTest.java:155)
... Removed 24 stack frames</pre></div><a href='#' onClick='toggleBox("stack-trace1100619942", this, "Click to show all stack frames", "Click to hide stack frames")'>Click to show all stack frames</a>
<div class='stack-trace' id='stack-trace1100619942'><pre>org.testng.SkipException: Skipping this exception
	at com.unityworks.testcases.AffinitiveTest.verifyPageViewandReportTitle(AffinitiveTest.java:155)
	at sun.reflect.GeneratedMethodAccessor2.invoke(Unknown Source)
	at sun.reflect.DelegatingMethodAccessorImpl.invoke(Unknown Source)
	at java.lang.reflect.Method.invoke(Unknown Source)
	at org.testng.internal.MethodInvocationHelper.invokeMethod(MethodInvocationHelper.java:124)
	at org.testng.internal.Invoker.invokeMethod(Invoker.java:580)
	at org.testng.internal.Invoker.invokeTestMethod(Invoker.java:716)
	at org.testng.internal.Invoker.invokeTestMethods(Invoker.java:988)
	at org.testng.internal.TestMethodWorker.invokeTestMethods(TestMethodWorker.java:125)
	at org.testng.internal.TestMethodWorker.run(TestMethodWorker.java:109)
	at org.testng.TestRunner.privateRun(TestRunner.java:648)
	at org.testng.TestRunner.run(TestRunner.java:505)
	at org.testng.SuiteRunner.runTest(SuiteRunner.java:455)
	at org.testng.SuiteRunner.runSequentially(SuiteRunner.java:450)
	at org.testng.SuiteRunner.privateRun(SuiteRunner.java:415)
	at org.testng.SuiteRunner.run(SuiteRunner.java:364)
	at org.testng.SuiteRunnerWorker.runSuite(SuiteRunnerWorker.java:52)
	at org.testng.SuiteRunnerWorker.run(SuiteRunnerWorker.java:84)
	at org.testng.TestNG.runSuitesSequentially(TestNG.java:1208)
	at org.testng.TestNG.runSuitesLocally(TestNG.java:1137)
	at org.testng.TestNG.runSuites(TestNG.java:1049)
	at org.testng.TestNG.run(TestNG.java:1017)
	at org.testng.remote.AbstractRemoteTestNG.run(AbstractRemoteTestNG.java:114)
	at org.testng.remote.RemoteTestNG.initAndRun(RemoteTestNG.java:251)
	at org.testng.remote.RemoteTestNG.main(RemoteTestNG.java:77)
</pre></div></td>
<td>0</td>
<td>com.unityworks.testcases.AffinitiveTest@3d5c822d</td></tr>
<tr>
<td title='com.unityworks.testcases.AffinitiveTest.verifyPageViewandReportTitle()'><b>verifyPageViewandReportTitle</b><br>Test class: com.unityworks.testcases.AffinitiveTest<br>Parameters: 03/01/2018, 03/10/2018, Epsilon, Mazda Airbag, //span[text()='Mazda Airbag'], //tbody/tr[last()]/td[5]/b, Mazda Airbag, 2, No</td>
<td><div><pre>org.testng.SkipException: Skipping this exception
	at com.unityworks.testcases.AffinitiveTest.verifyPageViewandReportTitle(AffinitiveTest.java:155)
... Removed 24 stack frames</pre></div><a href='#' onClick='toggleBox("stack-trace864248990", this, "Click to show all stack frames", "Click to hide stack frames")'>Click to show all stack frames</a>
<div class='stack-trace' id='stack-trace864248990'><pre>org.testng.SkipException: Skipping this exception
	at com.unityworks.testcases.AffinitiveTest.verifyPageViewandReportTitle(AffinitiveTest.java:155)
	at sun.reflect.GeneratedMethodAccessor2.invoke(Unknown Source)
	at sun.reflect.DelegatingMethodAccessorImpl.invoke(Unknown Source)
	at java.lang.reflect.Method.invoke(Unknown Source)
	at org.testng.internal.MethodInvocationHelper.invokeMethod(MethodInvocationHelper.java:124)
	at org.testng.internal.Invoker.invokeMethod(Invoker.java:580)
	at org.testng.internal.Invoker.invokeTestMethod(Invoker.java:716)
	at org.testng.internal.Invoker.invokeTestMethods(Invoker.java:988)
	at org.testng.internal.TestMethodWorker.invokeTestMethods(TestMethodWorker.java:125)
	at org.testng.internal.TestMethodWorker.run(TestMethodWorker.java:109)
	at org.testng.TestRunner.privateRun(TestRunner.java:648)
	at org.testng.TestRunner.run(TestRunner.java:505)
	at org.testng.SuiteRunner.runTest(SuiteRunner.java:455)
	at org.testng.SuiteRunner.runSequentially(SuiteRunner.java:450)
	at org.testng.SuiteRunner.privateRun(SuiteRunner.java:415)
	at org.testng.SuiteRunner.run(SuiteRunner.java:364)
	at org.testng.SuiteRunnerWorker.runSuite(SuiteRunnerWorker.java:52)
	at org.testng.SuiteRunnerWorker.run(SuiteRunnerWorker.java:84)
	at org.testng.TestNG.runSuitesSequentially(TestNG.java:1208)
	at org.testng.TestNG.runSuitesLocally(TestNG.java:1137)
	at org.testng.TestNG.runSuites(TestNG.java:1049)
	at org.testng.TestNG.run(TestNG.java:1017)
	at org.testng.remote.AbstractRemoteTestNG.run(AbstractRemoteTestNG.java:114)
	at org.testng.remote.RemoteTestNG.initAndRun(RemoteTestNG.java:251)
	at org.testng.remote.RemoteTestNG.main(RemoteTestNG.java:77)
</pre></div></td>
<td>0</td>
<td>com.unityworks.testcases.AffinitiveTest@3d5c822d</td></tr>
<tr>
<td title='com.unityworks.testcases.AffinitiveTest.verifyPageViewandReportTitle()'><b>verifyPageViewandReportTitle</b><br>Test class: com.unityworks.testcases.AffinitiveTest<br>Parameters: 03/01/2018, 03/10/2018, Epsilon, Mercedes Benz, //span[text()='Epsilon Mercedes Benz'], //tbody/tr[last()]/td[3]/b, Epsilon Mercedes Benz, 3, No</td>
<td><div><pre>org.testng.SkipException: Skipping this exception
	at com.unityworks.testcases.AffinitiveTest.verifyPageViewandReportTitle(AffinitiveTest.java:155)
... Removed 24 stack frames</pre></div><a href='#' onClick='toggleBox("stack-trace15892131", this, "Click to show all stack frames", "Click to hide stack frames")'>Click to show all stack frames</a>
<div class='stack-trace' id='stack-trace15892131'><pre>org.testng.SkipException: Skipping this exception
	at com.unityworks.testcases.AffinitiveTest.verifyPageViewandReportTitle(AffinitiveTest.java:155)
	at sun.reflect.GeneratedMethodAccessor2.invoke(Unknown Source)
	at sun.reflect.DelegatingMethodAccessorImpl.invoke(Unknown Source)
	at java.lang.reflect.Method.invoke(Unknown Source)
	at org.testng.internal.MethodInvocationHelper.invokeMethod(MethodInvocationHelper.java:124)
	at org.testng.internal.Invoker.invokeMethod(Invoker.java:580)
	at org.testng.internal.Invoker.invokeTestMethod(Invoker.java:716)
	at org.testng.internal.Invoker.invokeTestMethods(Invoker.java:988)
	at org.testng.internal.TestMethodWorker.invokeTestMethods(TestMethodWorker.java:125)
	at org.testng.internal.TestMethodWorker.run(TestMethodWorker.java:109)
	at org.testng.TestRunner.privateRun(TestRunner.java:648)
	at org.testng.TestRunner.run(TestRunner.java:505)
	at org.testng.SuiteRunner.runTest(SuiteRunner.java:455)
	at org.testng.SuiteRunner.runSequentially(SuiteRunner.java:450)
	at org.testng.SuiteRunner.privateRun(SuiteRunner.java:415)
	at org.testng.SuiteRunner.run(SuiteRunner.java:364)
	at org.testng.SuiteRunnerWorker.runSuite(SuiteRunnerWorker.java:52)
	at org.testng.SuiteRunnerWorker.run(SuiteRunnerWorker.java:84)
	at org.testng.TestNG.runSuitesSequentially(TestNG.java:1208)
	at org.testng.TestNG.runSuitesLocally(TestNG.java:1137)
	at org.testng.TestNG.runSuites(TestNG.java:1049)
	at org.testng.TestNG.run(TestNG.java:1017)
	at org.testng.remote.AbstractRemoteTestNG.run(AbstractRemoteTestNG.java:114)
	at org.testng.remote.RemoteTestNG.initAndRun(RemoteTestNG.java:251)
	at org.testng.remote.RemoteTestNG.main(RemoteTestNG.java:77)
</pre></div></td>
<td>0</td>
<td>com.unityworks.testcases.AffinitiveTest@3d5c822d</td></tr>
<tr>
<td title='com.unityworks.testcases.AffinitiveTest.verifyPageViewandReportTitle()'><b>verifyPageViewandReportTitle</b><br>Test class: com.unityworks.testcases.AffinitiveTest<br>Parameters: 03/01/2018, 03/10/2018, Epsilon, OnPoint OnTarget Combined, //span[text()='Epsilon OnTarget and OnPoint Report'], //tbody/tr[last()]/td[5]/b, Epsilon OnTarget and OnPoint Report, 891, No</td>
<td><div><pre>org.testng.SkipException: Skipping this exception
	at com.unityworks.testcases.AffinitiveTest.verifyPageViewandReportTitle(AffinitiveTest.java:155)
... Removed 24 stack frames</pre></div><a href='#' onClick='toggleBox("stack-trace879311295", this, "Click to show all stack frames", "Click to hide stack frames")'>Click to show all stack frames</a>
<div class='stack-trace' id='stack-trace879311295'><pre>org.testng.SkipException: Skipping this exception
	at com.unityworks.testcases.AffinitiveTest.verifyPageViewandReportTitle(AffinitiveTest.java:155)
	at sun.reflect.GeneratedMethodAccessor2.invoke(Unknown Source)
	at sun.reflect.DelegatingMethodAccessorImpl.invoke(Unknown Source)
	at java.lang.reflect.Method.invoke(Unknown Source)
	at org.testng.internal.MethodInvocationHelper.invokeMethod(MethodInvocationHelper.java:124)
	at org.testng.internal.Invoker.invokeMethod(Invoker.java:580)
	at org.testng.internal.Invoker.invokeTestMethod(Invoker.java:716)
	at org.testng.internal.Invoker.invokeTestMethods(Invoker.java:988)
	at org.testng.internal.TestMethodWorker.invokeTestMethods(TestMethodWorker.java:125)
	at org.testng.internal.TestMethodWorker.run(TestMethodWorker.java:109)
	at org.testng.TestRunner.privateRun(TestRunner.java:648)
	at org.testng.TestRunner.run(TestRunner.java:505)
	at org.testng.SuiteRunner.runTest(SuiteRunner.java:455)
	at org.testng.SuiteRunner.runSequentially(SuiteRunner.java:450)
	at org.testng.SuiteRunner.privateRun(SuiteRunner.java:415)
	at org.testng.SuiteRunner.run(SuiteRunner.java:364)
	at org.testng.SuiteRunnerWorker.runSuite(SuiteRunnerWorker.java:52)
	at org.testng.SuiteRunnerWorker.run(SuiteRunnerWorker.java:84)
	at org.testng.TestNG.runSuitesSequentially(TestNG.java:1208)
	at org.testng.TestNG.runSuitesLocally(TestNG.java:1137)
	at org.testng.TestNG.runSuites(TestNG.java:1049)
	at org.testng.TestNG.run(TestNG.java:1017)
	at org.testng.remote.AbstractRemoteTestNG.run(AbstractRemoteTestNG.java:114)
	at org.testng.remote.RemoteTestNG.initAndRun(RemoteTestNG.java:251)
	at org.testng.remote.RemoteTestNG.main(RemoteTestNG.java:77)
</pre></div></td>
<td>0</td>
<td>com.unityworks.testcases.AffinitiveTest@3d5c822d</td></tr>
<tr>
<td title='com.unityworks.testcases.AffinitiveTest.verifyPageViewandReportTitle()'><b>verifyPageViewandReportTitle</b><br>Test class: com.unityworks.testcases.AffinitiveTest<br>Parameters: 03/01/2018, 03/10/2018, Epsilon, OnTarget, //span[text()='Epsilon OnTarget Report'], //tbody/tr[last()]/td[5]/b, Epsilon OnTarget Report, 438, No</td>
<td><div><pre>org.testng.SkipException: Skipping this exception
	at com.unityworks.testcases.AffinitiveTest.verifyPageViewandReportTitle(AffinitiveTest.java:155)
... Removed 24 stack frames</pre></div><a href='#' onClick='toggleBox("stack-trace1483145520", this, "Click to show all stack frames", "Click to hide stack frames")'>Click to show all stack frames</a>
<div class='stack-trace' id='stack-trace1483145520'><pre>org.testng.SkipException: Skipping this exception
	at com.unityworks.testcases.AffinitiveTest.verifyPageViewandReportTitle(AffinitiveTest.java:155)
	at sun.reflect.GeneratedMethodAccessor2.invoke(Unknown Source)
	at sun.reflect.DelegatingMethodAccessorImpl.invoke(Unknown Source)
	at java.lang.reflect.Method.invoke(Unknown Source)
	at org.testng.internal.MethodInvocationHelper.invokeMethod(MethodInvocationHelper.java:124)
	at org.testng.internal.Invoker.invokeMethod(Invoker.java:580)
	at org.testng.internal.Invoker.invokeTestMethod(Invoker.java:716)
	at org.testng.internal.Invoker.invokeTestMethods(Invoker.java:988)
	at org.testng.internal.TestMethodWorker.invokeTestMethods(TestMethodWorker.java:125)
	at org.testng.internal.TestMethodWorker.run(TestMethodWorker.java:109)
	at org.testng.TestRunner.privateRun(TestRunner.java:648)
	at org.testng.TestRunner.run(TestRunner.java:505)
	at org.testng.SuiteRunner.runTest(SuiteRunner.java:455)
	at org.testng.SuiteRunner.runSequentially(SuiteRunner.java:450)
	at org.testng.SuiteRunner.privateRun(SuiteRunner.java:415)
	at org.testng.SuiteRunner.run(SuiteRunner.java:364)
	at org.testng.SuiteRunnerWorker.runSuite(SuiteRunnerWorker.java:52)
	at org.testng.SuiteRunnerWorker.run(SuiteRunnerWorker.java:84)
	at org.testng.TestNG.runSuitesSequentially(TestNG.java:1208)
	at org.testng.TestNG.runSuitesLocally(TestNG.java:1137)
	at org.testng.TestNG.runSuites(TestNG.java:1049)
	at org.testng.TestNG.run(TestNG.java:1017)
	at org.testng.remote.AbstractRemoteTestNG.run(AbstractRemoteTestNG.java:114)
	at org.testng.remote.RemoteTestNG.initAndRun(RemoteTestNG.java:251)
	at org.testng.remote.RemoteTestNG.main(RemoteTestNG.java:77)
</pre></div></td>
<td>0</td>
<td>com.unityworks.testcases.AffinitiveTest@3d5c822d</td></tr>
<tr>
<td title='com.unityworks.testcases.AffinitiveTest.verifyPageViewandReportTitle()'><b>verifyPageViewandReportTitle</b><br>Test class: com.unityworks.testcases.AffinitiveTest<br>Parameters: 03/01/2018, 03/10/2018, Epsilon, Used VIN Video - GM, //span[text()='Epsilon Used VIN Video - GM'], //tbody/tr[last()]/td[5]/b, Epsilon Used VIN Video - GM, 95, No</td>
<td><div><pre>org.testng.SkipException: Skipping this exception
	at com.unityworks.testcases.AffinitiveTest.verifyPageViewandReportTitle(AffinitiveTest.java:155)
... Removed 24 stack frames</pre></div><a href='#' onClick='toggleBox("stack-trace163385254", this, "Click to show all stack frames", "Click to hide stack frames")'>Click to show all stack frames</a>
<div class='stack-trace' id='stack-trace163385254'><pre>org.testng.SkipException: Skipping this exception
	at com.unityworks.testcases.AffinitiveTest.verifyPageViewandReportTitle(AffinitiveTest.java:155)
	at sun.reflect.GeneratedMethodAccessor2.invoke(Unknown Source)
	at sun.reflect.DelegatingMethodAccessorImpl.invoke(Unknown Source)
	at java.lang.reflect.Method.invoke(Unknown Source)
	at org.testng.internal.MethodInvocationHelper.invokeMethod(MethodInvocationHelper.java:124)
	at org.testng.internal.Invoker.invokeMethod(Invoker.java:580)
	at org.testng.internal.Invoker.invokeTestMethod(Invoker.java:716)
	at org.testng.internal.Invoker.invokeTestMethods(Invoker.java:988)
	at org.testng.internal.TestMethodWorker.invokeTestMethods(TestMethodWorker.java:125)
	at org.testng.internal.TestMethodWorker.run(TestMethodWorker.java:109)
	at org.testng.TestRunner.privateRun(TestRunner.java:648)
	at org.testng.TestRunner.run(TestRunner.java:505)
	at org.testng.SuiteRunner.runTest(SuiteRunner.java:455)
	at org.testng.SuiteRunner.runSequentially(SuiteRunner.java:450)
	at org.testng.SuiteRunner.privateRun(SuiteRunner.java:415)
	at org.testng.SuiteRunner.run(SuiteRunner.java:364)
	at org.testng.SuiteRunnerWorker.runSuite(SuiteRunnerWorker.java:52)
	at org.testng.SuiteRunnerWorker.run(SuiteRunnerWorker.java:84)
	at org.testng.TestNG.runSuitesSequentially(TestNG.java:1208)
	at org.testng.TestNG.runSuitesLocally(TestNG.java:1137)
	at org.testng.TestNG.runSuites(TestNG.java:1049)
	at org.testng.TestNG.run(TestNG.java:1017)
	at org.testng.remote.AbstractRemoteTestNG.run(AbstractRemoteTestNG.java:114)
	at org.testng.remote.RemoteTestNG.initAndRun(RemoteTestNG.java:251)
	at org.testng.remote.RemoteTestNG.main(RemoteTestNG.java:77)
</pre></div></td>
<td>0</td>
<td>com.unityworks.testcases.AffinitiveTest@3d5c822d</td></tr>
<tr>
<td title='com.unityworks.testcases.AffinitiveTest.verifyPageViewandReportTitle()'><b>verifyPageViewandReportTitle</b><br>Test class: com.unityworks.testcases.AffinitiveTest<br>Parameters: 03/01/2018, 03/10/2018, Epsilon, eOnPoint, //span[text()='Epsilon eOnPoint Report'], //tbody/tr[last()]/td[5]/b, Epsilon eOnPoint Report, 59, No</td>
<td><div><pre>org.testng.SkipException: Skipping this exception
	at com.unityworks.testcases.AffinitiveTest.verifyPageViewandReportTitle(AffinitiveTest.java:155)
... Removed 24 stack frames</pre></div><a href='#' onClick='toggleBox("stack-trace970781872", this, "Click to show all stack frames", "Click to hide stack frames")'>Click to show all stack frames</a>
<div class='stack-trace' id='stack-trace970781872'><pre>org.testng.SkipException: Skipping this exception
	at com.unityworks.testcases.AffinitiveTest.verifyPageViewandReportTitle(AffinitiveTest.java:155)
	at sun.reflect.GeneratedMethodAccessor2.invoke(Unknown Source)
	at sun.reflect.DelegatingMethodAccessorImpl.invoke(Unknown Source)
	at java.lang.reflect.Method.invoke(Unknown Source)
	at org.testng.internal.MethodInvocationHelper.invokeMethod(MethodInvocationHelper.java:124)
	at org.testng.internal.Invoker.invokeMethod(Invoker.java:580)
	at org.testng.internal.Invoker.invokeTestMethod(Invoker.java:716)
	at org.testng.internal.Invoker.invokeTestMethods(Invoker.java:988)
	at org.testng.internal.TestMethodWorker.invokeTestMethods(TestMethodWorker.java:125)
	at org.testng.internal.TestMethodWorker.run(TestMethodWorker.java:109)
	at org.testng.TestRunner.privateRun(TestRunner.java:648)
	at org.testng.TestRunner.run(TestRunner.java:505)
	at org.testng.SuiteRunner.runTest(SuiteRunner.java:455)
	at org.testng.SuiteRunner.runSequentially(SuiteRunner.java:450)
	at org.testng.SuiteRunner.privateRun(SuiteRunner.java:415)
	at org.testng.SuiteRunner.run(SuiteRunner.java:364)
	at org.testng.SuiteRunnerWorker.runSuite(SuiteRunnerWorker.java:52)
	at org.testng.SuiteRunnerWorker.run(SuiteRunnerWorker.java:84)
	at org.testng.TestNG.runSuitesSequentially(TestNG.java:1208)
	at org.testng.TestNG.runSuitesLocally(TestNG.java:1137)
	at org.testng.TestNG.runSuites(TestNG.java:1049)
	at org.testng.TestNG.run(TestNG.java:1017)
	at org.testng.remote.AbstractRemoteTestNG.run(AbstractRemoteTestNG.java:114)
	at org.testng.remote.RemoteTestNG.initAndRun(RemoteTestNG.java:251)
	at org.testng.remote.RemoteTestNG.main(RemoteTestNG.java:77)
</pre></div></td>
<td>0</td>
<td>com.unityworks.testcases.AffinitiveTest@3d5c822d</td></tr>
<tr>
<td title='com.unityworks.testcases.AffinitiveTest.verifyPageViewandReportTitle()'><b>verifyPageViewandReportTitle</b><br>Test class: com.unityworks.testcases.AffinitiveTest<br>Parameters: 03/01/2018, 03/10/2018, Epsilon, eStrike Service - GM, //span[text()='Epsilon eStrike Service - GM '], //tbody/tr[last()]/td[3]/b, Epsilon eStrike Service - GM, , No</td>
<td><div><pre>org.testng.SkipException: Skipping this exception
	at com.unityworks.testcases.AffinitiveTest.verifyPageViewandReportTitle(AffinitiveTest.java:155)
... Removed 24 stack frames</pre></div><a href='#' onClick='toggleBox("stack-trace258737099", this, "Click to show all stack frames", "Click to hide stack frames")'>Click to show all stack frames</a>
<div class='stack-trace' id='stack-trace258737099'><pre>org.testng.SkipException: Skipping this exception
	at com.unityworks.testcases.AffinitiveTest.verifyPageViewandReportTitle(AffinitiveTest.java:155)
	at sun.reflect.GeneratedMethodAccessor2.invoke(Unknown Source)
	at sun.reflect.DelegatingMethodAccessorImpl.invoke(Unknown Source)
	at java.lang.reflect.Method.invoke(Unknown Source)
	at org.testng.internal.MethodInvocationHelper.invokeMethod(MethodInvocationHelper.java:124)
	at org.testng.internal.Invoker.invokeMethod(Invoker.java:580)
	at org.testng.internal.Invoker.invokeTestMethod(Invoker.java:716)
	at org.testng.internal.Invoker.invokeTestMethods(Invoker.java:988)
	at org.testng.internal.TestMethodWorker.invokeTestMethods(TestMethodWorker.java:125)
	at org.testng.internal.TestMethodWorker.run(TestMethodWorker.java:109)
	at org.testng.TestRunner.privateRun(TestRunner.java:648)
	at org.testng.TestRunner.run(TestRunner.java:505)
	at org.testng.SuiteRunner.runTest(SuiteRunner.java:455)
	at org.testng.SuiteRunner.runSequentially(SuiteRunner.java:450)
	at org.testng.SuiteRunner.privateRun(SuiteRunner.java:415)
	at org.testng.SuiteRunner.run(SuiteRunner.java:364)
	at org.testng.SuiteRunnerWorker.runSuite(SuiteRunnerWorker.java:52)
	at org.testng.SuiteRunnerWorker.run(SuiteRunnerWorker.java:84)
	at org.testng.TestNG.runSuitesSequentially(TestNG.java:1208)
	at org.testng.TestNG.runSuitesLocally(TestNG.java:1137)
	at org.testng.TestNG.runSuites(TestNG.java:1049)
	at org.testng.TestNG.run(TestNG.java:1017)
	at org.testng.remote.AbstractRemoteTestNG.run(AbstractRemoteTestNG.java:114)
	at org.testng.remote.RemoteTestNG.initAndRun(RemoteTestNG.java:251)
	at org.testng.remote.RemoteTestNG.main(RemoteTestNG.java:77)
</pre></div></td>
<td>0</td>
<td>com.unityworks.testcases.AffinitiveTest@3d5c822d</td></tr>
<tr>
<td title='com.unityworks.testcases.AffinitiveTest.verifyPageViewandReportTitle()'><b>verifyPageViewandReportTitle</b><br>Test class: com.unityworks.testcases.AffinitiveTest<br>Parameters: 03/01/2018, 03/10/2018, Affinitiv, BMW Affinitiv Tire, //span[text()='Bmw Affinitiv Tire'], //tbody/tr[last()]/td[5]/b, Bmw Affinitiv Tire, 4, No</td>
<td><div><pre>org.testng.SkipException: Skipping this exception
	at com.unityworks.testcases.AffinitiveTest.verifyPageViewandReportTitle(AffinitiveTest.java:155)
... Removed 24 stack frames</pre></div><a href='#' onClick='toggleBox("stack-trace407997647", this, "Click to show all stack frames", "Click to hide stack frames")'>Click to show all stack frames</a>
<div class='stack-trace' id='stack-trace407997647'><pre>org.testng.SkipException: Skipping this exception
	at com.unityworks.testcases.AffinitiveTest.verifyPageViewandReportTitle(AffinitiveTest.java:155)
	at sun.reflect.GeneratedMethodAccessor2.invoke(Unknown Source)
	at sun.reflect.DelegatingMethodAccessorImpl.invoke(Unknown Source)
	at java.lang.reflect.Method.invoke(Unknown Source)
	at org.testng.internal.MethodInvocationHelper.invokeMethod(MethodInvocationHelper.java:124)
	at org.testng.internal.Invoker.invokeMethod(Invoker.java:580)
	at org.testng.internal.Invoker.invokeTestMethod(Invoker.java:716)
	at org.testng.internal.Invoker.invokeTestMethods(Invoker.java:988)
	at org.testng.internal.TestMethodWorker.invokeTestMethods(TestMethodWorker.java:125)
	at org.testng.internal.TestMethodWorker.run(TestMethodWorker.java:109)
	at org.testng.TestRunner.privateRun(TestRunner.java:648)
	at org.testng.TestRunner.run(TestRunner.java:505)
	at org.testng.SuiteRunner.runTest(SuiteRunner.java:455)
	at org.testng.SuiteRunner.runSequentially(SuiteRunner.java:450)
	at org.testng.SuiteRunner.privateRun(SuiteRunner.java:415)
	at org.testng.SuiteRunner.run(SuiteRunner.java:364)
	at org.testng.SuiteRunnerWorker.runSuite(SuiteRunnerWorker.java:52)
	at org.testng.SuiteRunnerWorker.run(SuiteRunnerWorker.java:84)
	at org.testng.TestNG.runSuitesSequentially(TestNG.java:1208)
	at org.testng.TestNG.runSuitesLocally(TestNG.java:1137)
	at org.testng.TestNG.runSuites(TestNG.java:1049)
	at org.testng.TestNG.run(TestNG.java:1017)
	at org.testng.remote.AbstractRemoteTestNG.run(AbstractRemoteTestNG.java:114)
	at org.testng.remote.RemoteTestNG.initAndRun(RemoteTestNG.java:251)
	at org.testng.remote.RemoteTestNG.main(RemoteTestNG.java:77)
</pre></div></td>
<td>0</td>
<td>com.unityworks.testcases.AffinitiveTest@3d5c822d</td></tr>
<tr>
<td title='com.unityworks.testcases.AffinitiveTest.verifyPageViewandReportTitle()'><b>verifyPageViewandReportTitle</b><br>Test class: com.unityworks.testcases.AffinitiveTest<br>Parameters: 03/01/2018, 03/10/2018, Affinitiv, BMW SCP Affinitiv, //span[text()='Bmw Affinitiv Scp'], //tbody/tr[last()]/td[5]/b, Bmw Affinitiv Scp, 62, No</td>
<td><div><pre>org.testng.SkipException: Skipping this exception
	at com.unityworks.testcases.AffinitiveTest.verifyPageViewandReportTitle(AffinitiveTest.java:155)
... Removed 24 stack frames</pre></div><a href='#' onClick='toggleBox("stack-trace1988939205", this, "Click to show all stack frames", "Click to hide stack frames")'>Click to show all stack frames</a>
<div class='stack-trace' id='stack-trace1988939205'><pre>org.testng.SkipException: Skipping this exception
	at com.unityworks.testcases.AffinitiveTest.verifyPageViewandReportTitle(AffinitiveTest.java:155)
	at sun.reflect.GeneratedMethodAccessor2.invoke(Unknown Source)
	at sun.reflect.DelegatingMethodAccessorImpl.invoke(Unknown Source)
	at java.lang.reflect.Method.invoke(Unknown Source)
	at org.testng.internal.MethodInvocationHelper.invokeMethod(MethodInvocationHelper.java:124)
	at org.testng.internal.Invoker.invokeMethod(Invoker.java:580)
	at org.testng.internal.Invoker.invokeTestMethod(Invoker.java:716)
	at org.testng.internal.Invoker.invokeTestMethods(Invoker.java:988)
	at org.testng.internal.TestMethodWorker.invokeTestMethods(TestMethodWorker.java:125)
	at org.testng.internal.TestMethodWorker.run(TestMethodWorker.java:109)
	at org.testng.TestRunner.privateRun(TestRunner.java:648)
	at org.testng.TestRunner.run(TestRunner.java:505)
	at org.testng.SuiteRunner.runTest(SuiteRunner.java:455)
	at org.testng.SuiteRunner.runSequentially(SuiteRunner.java:450)
	at org.testng.SuiteRunner.privateRun(SuiteRunner.java:415)
	at org.testng.SuiteRunner.run(SuiteRunner.java:364)
	at org.testng.SuiteRunnerWorker.runSuite(SuiteRunnerWorker.java:52)
	at org.testng.SuiteRunnerWorker.run(SuiteRunnerWorker.java:84)
	at org.testng.TestNG.runSuitesSequentially(TestNG.java:1208)
	at org.testng.TestNG.runSuitesLocally(TestNG.java:1137)
	at org.testng.TestNG.runSuites(TestNG.java:1049)
	at org.testng.TestNG.run(TestNG.java:1017)
	at org.testng.remote.AbstractRemoteTestNG.run(AbstractRemoteTestNG.java:114)
	at org.testng.remote.RemoteTestNG.initAndRun(RemoteTestNG.java:251)
	at org.testng.remote.RemoteTestNG.main(RemoteTestNG.java:77)
</pre></div></td>
<td>0</td>
<td>com.unityworks.testcases.AffinitiveTest@3d5c822d</td></tr>
<tr>
<td title='com.unityworks.testcases.AffinitiveTest.verifyPageViewandReportTitle()'><b>verifyPageViewandReportTitle</b><br>Test class: com.unityworks.testcases.AffinitiveTest<br>Parameters: 03/01/2018, 03/10/2018, Affinitiv, Lexus Affinitiv Tire, //span[text()='Lexus Affinitiv Tire'], //tbody/tr[last()]/td[5]/b, Lexus Affinitiv Tire, 4, No</td>
<td><div><pre>org.testng.SkipException: Skipping this exception
	at com.unityworks.testcases.AffinitiveTest.verifyPageViewandReportTitle(AffinitiveTest.java:155)
... Removed 24 stack frames</pre></div><a href='#' onClick='toggleBox("stack-trace275056979", this, "Click to show all stack frames", "Click to hide stack frames")'>Click to show all stack frames</a>
<div class='stack-trace' id='stack-trace275056979'><pre>org.testng.SkipException: Skipping this exception
	at com.unityworks.testcases.AffinitiveTest.verifyPageViewandReportTitle(AffinitiveTest.java:155)
	at sun.reflect.GeneratedMethodAccessor2.invoke(Unknown Source)
	at sun.reflect.DelegatingMethodAccessorImpl.invoke(Unknown Source)
	at java.lang.reflect.Method.invoke(Unknown Source)
	at org.testng.internal.MethodInvocationHelper.invokeMethod(MethodInvocationHelper.java:124)
	at org.testng.internal.Invoker.invokeMethod(Invoker.java:580)
	at org.testng.internal.Invoker.invokeTestMethod(Invoker.java:716)
	at org.testng.internal.Invoker.invokeTestMethods(Invoker.java:988)
	at org.testng.internal.TestMethodWorker.invokeTestMethods(TestMethodWorker.java:125)
	at org.testng.internal.TestMethodWorker.run(TestMethodWorker.java:109)
	at org.testng.TestRunner.privateRun(TestRunner.java:648)
	at org.testng.TestRunner.run(TestRunner.java:505)
	at org.testng.SuiteRunner.runTest(SuiteRunner.java:455)
	at org.testng.SuiteRunner.runSequentially(SuiteRunner.java:450)
	at org.testng.SuiteRunner.privateRun(SuiteRunner.java:415)
	at org.testng.SuiteRunner.run(SuiteRunner.java:364)
	at org.testng.SuiteRunnerWorker.runSuite(SuiteRunnerWorker.java:52)
	at org.testng.SuiteRunnerWorker.run(SuiteRunnerWorker.java:84)
	at org.testng.TestNG.runSuitesSequentially(TestNG.java:1208)
	at org.testng.TestNG.runSuitesLocally(TestNG.java:1137)
	at org.testng.TestNG.runSuites(TestNG.java:1049)
	at org.testng.TestNG.run(TestNG.java:1017)
	at org.testng.remote.AbstractRemoteTestNG.run(AbstractRemoteTestNG.java:114)
	at org.testng.remote.RemoteTestNG.initAndRun(RemoteTestNG.java:251)
	at org.testng.remote.RemoteTestNG.main(RemoteTestNG.java:77)
</pre></div></td>
<td>0</td>
<td>com.unityworks.testcases.AffinitiveTest@3d5c822d</td></tr>
<tr>
<td title='com.unityworks.testcases.AffinitiveTest.verifyPageViewandReportTitle()'><b>verifyPageViewandReportTitle</b><br>Test class: com.unityworks.testcases.AffinitiveTest<br>Parameters: 03/01/2018, 03/10/2018, Campaign Manager, Agency 720, //span[text()='Agency 720'], //tbody/tr[last()]/td[2]/b, Agency 720, 1905, No</td>
<td><div><pre>org.testng.SkipException: Skipping this exception
	at com.unityworks.testcases.AffinitiveTest.verifyPageViewandReportTitle(AffinitiveTest.java:155)
... Removed 24 stack frames</pre></div><a href='#' onClick='toggleBox("stack-trace371976476", this, "Click to show all stack frames", "Click to hide stack frames")'>Click to show all stack frames</a>
<div class='stack-trace' id='stack-trace371976476'><pre>org.testng.SkipException: Skipping this exception
	at com.unityworks.testcases.AffinitiveTest.verifyPageViewandReportTitle(AffinitiveTest.java:155)
	at sun.reflect.GeneratedMethodAccessor2.invoke(Unknown Source)
	at sun.reflect.DelegatingMethodAccessorImpl.invoke(Unknown Source)
	at java.lang.reflect.Method.invoke(Unknown Source)
	at org.testng.internal.MethodInvocationHelper.invokeMethod(MethodInvocationHelper.java:124)
	at org.testng.internal.Invoker.invokeMethod(Invoker.java:580)
	at org.testng.internal.Invoker.invokeTestMethod(Invoker.java:716)
	at org.testng.internal.Invoker.invokeTestMethods(Invoker.java:988)
	at org.testng.internal.TestMethodWorker.invokeTestMethods(TestMethodWorker.java:125)
	at org.testng.internal.TestMethodWorker.run(TestMethodWorker.java:109)
	at org.testng.TestRunner.privateRun(TestRunner.java:648)
	at org.testng.TestRunner.run(TestRunner.java:505)
	at org.testng.SuiteRunner.runTest(SuiteRunner.java:455)
	at org.testng.SuiteRunner.runSequentially(SuiteRunner.java:450)
	at org.testng.SuiteRunner.privateRun(SuiteRunner.java:415)
	at org.testng.SuiteRunner.run(SuiteRunner.java:364)
	at org.testng.SuiteRunnerWorker.runSuite(SuiteRunnerWorker.java:52)
	at org.testng.SuiteRunnerWorker.run(SuiteRunnerWorker.java:84)
	at org.testng.TestNG.runSuitesSequentially(TestNG.java:1208)
	at org.testng.TestNG.runSuitesLocally(TestNG.java:1137)
	at org.testng.TestNG.runSuites(TestNG.java:1049)
	at org.testng.TestNG.run(TestNG.java:1017)
	at org.testng.remote.AbstractRemoteTestNG.run(AbstractRemoteTestNG.java:114)
	at org.testng.remote.RemoteTestNG.initAndRun(RemoteTestNG.java:251)
	at org.testng.remote.RemoteTestNG.main(RemoteTestNG.java:77)
</pre></div></td>
<td>0</td>
<td>com.unityworks.testcases.AffinitiveTest@3d5c822d</td></tr>
<tr>
<td title='com.unityworks.testcases.AffinitiveTest.verifyPageViewandReportTitle()'><b>verifyPageViewandReportTitle</b><br>Test class: com.unityworks.testcases.AffinitiveTest<br>Parameters: 03/01/2018, 03/10/2018, Campaign Manager, Agency 720 DC and GA, //span[text()='Intercept Report : A720 Heartland Chevy Dealers'], //tbody/tr[last()-1]/td[10]/b, Intercept Report : A720 Heartland Chevy Dealers, 1889, No</td>
<td><div><pre>org.testng.SkipException: Skipping this exception
	at com.unityworks.testcases.AffinitiveTest.verifyPageViewandReportTitle(AffinitiveTest.java:155)
... Removed 24 stack frames</pre></div><a href='#' onClick='toggleBox("stack-trace480184864", this, "Click to show all stack frames", "Click to hide stack frames")'>Click to show all stack frames</a>
<div class='stack-trace' id='stack-trace480184864'><pre>org.testng.SkipException: Skipping this exception
	at com.unityworks.testcases.AffinitiveTest.verifyPageViewandReportTitle(AffinitiveTest.java:155)
	at sun.reflect.GeneratedMethodAccessor2.invoke(Unknown Source)
	at sun.reflect.DelegatingMethodAccessorImpl.invoke(Unknown Source)
	at java.lang.reflect.Method.invoke(Unknown Source)
	at org.testng.internal.MethodInvocationHelper.invokeMethod(MethodInvocationHelper.java:124)
	at org.testng.internal.Invoker.invokeMethod(Invoker.java:580)
	at org.testng.internal.Invoker.invokeTestMethod(Invoker.java:716)
	at org.testng.internal.Invoker.invokeTestMethods(Invoker.java:988)
	at org.testng.internal.TestMethodWorker.invokeTestMethods(TestMethodWorker.java:125)
	at org.testng.internal.TestMethodWorker.run(TestMethodWorker.java:109)
	at org.testng.TestRunner.privateRun(TestRunner.java:648)
	at org.testng.TestRunner.run(TestRunner.java:505)
	at org.testng.SuiteRunner.runTest(SuiteRunner.java:455)
	at org.testng.SuiteRunner.runSequentially(SuiteRunner.java:450)
	at org.testng.SuiteRunner.privateRun(SuiteRunner.java:415)
	at org.testng.SuiteRunner.run(SuiteRunner.java:364)
	at org.testng.SuiteRunnerWorker.runSuite(SuiteRunnerWorker.java:52)
	at org.testng.SuiteRunnerWorker.run(SuiteRunnerWorker.java:84)
	at org.testng.TestNG.runSuitesSequentially(TestNG.java:1208)
	at org.testng.TestNG.runSuitesLocally(TestNG.java:1137)
	at org.testng.TestNG.runSuites(TestNG.java:1049)
	at org.testng.TestNG.run(TestNG.java:1017)
	at org.testng.remote.AbstractRemoteTestNG.run(AbstractRemoteTestNG.java:114)
	at org.testng.remote.RemoteTestNG.initAndRun(RemoteTestNG.java:251)
	at org.testng.remote.RemoteTestNG.main(RemoteTestNG.java:77)
</pre></div></td>
<td>0</td>
<td>com.unityworks.testcases.AffinitiveTest@3d5c822d</td></tr>
<tr>
<td title='com.unityworks.testcases.AffinitiveTest.verifyPageViewandReportTitle()'><b>verifyPageViewandReportTitle</b><br>Test class: com.unityworks.testcases.AffinitiveTest<br>Parameters: 03/01/2018, 03/10/2018, Campaign Manager, Ford Sales, //span[text()='Ford Report'], //tbody/tr[last()]/td[5]/b, Ford Report, 37, No</td>
<td><div><pre>org.testng.SkipException: Skipping this exception
	at com.unityworks.testcases.AffinitiveTest.verifyPageViewandReportTitle(AffinitiveTest.java:155)
... Removed 24 stack frames</pre></div><a href='#' onClick='toggleBox("stack-trace483525032", this, "Click to show all stack frames", "Click to hide stack frames")'>Click to show all stack frames</a>
<div class='stack-trace' id='stack-trace483525032'><pre>org.testng.SkipException: Skipping this exception
	at com.unityworks.testcases.AffinitiveTest.verifyPageViewandReportTitle(AffinitiveTest.java:155)
	at sun.reflect.GeneratedMethodAccessor2.invoke(Unknown Source)
	at sun.reflect.DelegatingMethodAccessorImpl.invoke(Unknown Source)
	at java.lang.reflect.Method.invoke(Unknown Source)
	at org.testng.internal.MethodInvocationHelper.invokeMethod(MethodInvocationHelper.java:124)
	at org.testng.internal.Invoker.invokeMethod(Invoker.java:580)
	at org.testng.internal.Invoker.invokeTestMethod(Invoker.java:716)
	at org.testng.internal.Invoker.invokeTestMethods(Invoker.java:988)
	at org.testng.internal.TestMethodWorker.invokeTestMethods(TestMethodWorker.java:125)
	at org.testng.internal.TestMethodWorker.run(TestMethodWorker.java:109)
	at org.testng.TestRunner.privateRun(TestRunner.java:648)
	at org.testng.TestRunner.run(TestRunner.java:505)
	at org.testng.SuiteRunner.runTest(SuiteRunner.java:455)
	at org.testng.SuiteRunner.runSequentially(SuiteRunner.java:450)
	at org.testng.SuiteRunner.privateRun(SuiteRunner.java:415)
	at org.testng.SuiteRunner.run(SuiteRunner.java:364)
	at org.testng.SuiteRunnerWorker.runSuite(SuiteRunnerWorker.java:52)
	at org.testng.SuiteRunnerWorker.run(SuiteRunnerWorker.java:84)
	at org.testng.TestNG.runSuitesSequentially(TestNG.java:1208)
	at org.testng.TestNG.runSuitesLocally(TestNG.java:1137)
	at org.testng.TestNG.runSuites(TestNG.java:1049)
	at org.testng.TestNG.run(TestNG.java:1017)
	at org.testng.remote.AbstractRemoteTestNG.run(AbstractRemoteTestNG.java:114)
	at org.testng.remote.RemoteTestNG.initAndRun(RemoteTestNG.java:251)
	at org.testng.remote.RemoteTestNG.main(RemoteTestNG.java:77)
</pre></div></td>
<td>0</td>
<td>com.unityworks.testcases.AffinitiveTest@3d5c822d</td></tr>
<tr>
<td title='com.unityworks.testcases.AffinitiveTest.verifyPageViewandReportTitle()'><b>verifyPageViewandReportTitle</b><br>Test class: com.unityworks.testcases.AffinitiveTest<br>Parameters: 03/01/2018, 03/10/2018, Campaign Manager, Kia, //span[text()='Kia Report'], //tbody/tr[last()]/td[3]/b, Kia Report, 260, No</td>
<td><div><pre>org.testng.SkipException: Skipping this exception
	at com.unityworks.testcases.AffinitiveTest.verifyPageViewandReportTitle(AffinitiveTest.java:155)
... Removed 24 stack frames</pre></div><a href='#' onClick='toggleBox("stack-trace429058804", this, "Click to show all stack frames", "Click to hide stack frames")'>Click to show all stack frames</a>
<div class='stack-trace' id='stack-trace429058804'><pre>org.testng.SkipException: Skipping this exception
	at com.unityworks.testcases.AffinitiveTest.verifyPageViewandReportTitle(AffinitiveTest.java:155)
	at sun.reflect.GeneratedMethodAccessor2.invoke(Unknown Source)
	at sun.reflect.DelegatingMethodAccessorImpl.invoke(Unknown Source)
	at java.lang.reflect.Method.invoke(Unknown Source)
	at org.testng.internal.MethodInvocationHelper.invokeMethod(MethodInvocationHelper.java:124)
	at org.testng.internal.Invoker.invokeMethod(Invoker.java:580)
	at org.testng.internal.Invoker.invokeTestMethod(Invoker.java:716)
	at org.testng.internal.Invoker.invokeTestMethods(Invoker.java:988)
	at org.testng.internal.TestMethodWorker.invokeTestMethods(TestMethodWorker.java:125)
	at org.testng.internal.TestMethodWorker.run(TestMethodWorker.java:109)
	at org.testng.TestRunner.privateRun(TestRunner.java:648)
	at org.testng.TestRunner.run(TestRunner.java:505)
	at org.testng.SuiteRunner.runTest(SuiteRunner.java:455)
	at org.testng.SuiteRunner.runSequentially(SuiteRunner.java:450)
	at org.testng.SuiteRunner.privateRun(SuiteRunner.java:415)
	at org.testng.SuiteRunner.run(SuiteRunner.java:364)
	at org.testng.SuiteRunnerWorker.runSuite(SuiteRunnerWorker.java:52)
	at org.testng.SuiteRunnerWorker.run(SuiteRunnerWorker.java:84)
	at org.testng.TestNG.runSuitesSequentially(TestNG.java:1208)
	at org.testng.TestNG.runSuitesLocally(TestNG.java:1137)
	at org.testng.TestNG.runSuites(TestNG.java:1049)
	at org.testng.TestNG.run(TestNG.java:1017)
	at org.testng.remote.AbstractRemoteTestNG.run(AbstractRemoteTestNG.java:114)
	at org.testng.remote.RemoteTestNG.initAndRun(RemoteTestNG.java:251)
	at org.testng.remote.RemoteTestNG.main(RemoteTestNG.java:77)
</pre></div></td>
<td>0</td>
<td>com.unityworks.testcases.AffinitiveTest@3d5c822d</td></tr>
<tr>
<td title='com.unityworks.testcases.AffinitiveTest.verifyPageViewandReportTitle()'><b>verifyPageViewandReportTitle</b><br>Test class: com.unityworks.testcases.AffinitiveTest<br>Parameters: 03/01/2018, 03/10/2018, Chrysler Pacifica, Chrysler Pacifica, //span[text()='Chrysler Pacifica Report'], //tbody/tr[last()]/td[3]/b, Chrysler Pacifica Report, , No</td>
<td><div><pre>org.testng.SkipException: Skipping this exception
	at com.unityworks.testcases.AffinitiveTest.verifyPageViewandReportTitle(AffinitiveTest.java:155)
... Removed 24 stack frames</pre></div><a href='#' onClick='toggleBox("stack-trace52913970", this, "Click to show all stack frames", "Click to hide stack frames")'>Click to show all stack frames</a>
<div class='stack-trace' id='stack-trace52913970'><pre>org.testng.SkipException: Skipping this exception
	at com.unityworks.testcases.AffinitiveTest.verifyPageViewandReportTitle(AffinitiveTest.java:155)
	at sun.reflect.GeneratedMethodAccessor2.invoke(Unknown Source)
	at sun.reflect.DelegatingMethodAccessorImpl.invoke(Unknown Source)
	at java.lang.reflect.Method.invoke(Unknown Source)
	at org.testng.internal.MethodInvocationHelper.invokeMethod(MethodInvocationHelper.java:124)
	at org.testng.internal.Invoker.invokeMethod(Invoker.java:580)
	at org.testng.internal.Invoker.invokeTestMethod(Invoker.java:716)
	at org.testng.internal.Invoker.invokeTestMethods(Invoker.java:988)
	at org.testng.internal.TestMethodWorker.invokeTestMethods(TestMethodWorker.java:125)
	at org.testng.internal.TestMethodWorker.run(TestMethodWorker.java:109)
	at org.testng.TestRunner.privateRun(TestRunner.java:648)
	at org.testng.TestRunner.run(TestRunner.java:505)
	at org.testng.SuiteRunner.runTest(SuiteRunner.java:455)
	at org.testng.SuiteRunner.runSequentially(SuiteRunner.java:450)
	at org.testng.SuiteRunner.privateRun(SuiteRunner.java:415)
	at org.testng.SuiteRunner.run(SuiteRunner.java:364)
	at org.testng.SuiteRunnerWorker.runSuite(SuiteRunnerWorker.java:52)
	at org.testng.SuiteRunnerWorker.run(SuiteRunnerWorker.java:84)
	at org.testng.TestNG.runSuitesSequentially(TestNG.java:1208)
	at org.testng.TestNG.runSuitesLocally(TestNG.java:1137)
	at org.testng.TestNG.runSuites(TestNG.java:1049)
	at org.testng.TestNG.run(TestNG.java:1017)
	at org.testng.remote.AbstractRemoteTestNG.run(AbstractRemoteTestNG.java:114)
	at org.testng.remote.RemoteTestNG.initAndRun(RemoteTestNG.java:251)
	at org.testng.remote.RemoteTestNG.main(RemoteTestNG.java:77)
</pre></div></td>
<td>0</td>
<td>com.unityworks.testcases.AffinitiveTest@3d5c822d</td></tr>
<tr>
<td title='com.unityworks.testcases.AffinitiveTest.verifyPageViewandReportTitle()'><b>verifyPageViewandReportTitle</b><br>Test class: com.unityworks.testcases.AffinitiveTest<br>Parameters: 03/01/2018, 03/10/2018, Dialogue Direct, Honda Airbag, //span[text()='Epsilon Honda Airbag'], //tbody/tr[last()]/td[3]/b, Epsilon Honda Airbag, , No</td>
<td><div><pre>org.testng.SkipException: Skipping this exception
	at com.unityworks.testcases.AffinitiveTest.verifyPageViewandReportTitle(AffinitiveTest.java:155)
... Removed 24 stack frames</pre></div><a href='#' onClick='toggleBox("stack-trace836969741", this, "Click to show all stack frames", "Click to hide stack frames")'>Click to show all stack frames</a>
<div class='stack-trace' id='stack-trace836969741'><pre>org.testng.SkipException: Skipping this exception
	at com.unityworks.testcases.AffinitiveTest.verifyPageViewandReportTitle(AffinitiveTest.java:155)
	at sun.reflect.GeneratedMethodAccessor2.invoke(Unknown Source)
	at sun.reflect.DelegatingMethodAccessorImpl.invoke(Unknown Source)
	at java.lang.reflect.Method.invoke(Unknown Source)
	at org.testng.internal.MethodInvocationHelper.invokeMethod(MethodInvocationHelper.java:124)
	at org.testng.internal.Invoker.invokeMethod(Invoker.java:580)
	at org.testng.internal.Invoker.invokeTestMethod(Invoker.java:716)
	at org.testng.internal.Invoker.invokeTestMethods(Invoker.java:988)
	at org.testng.internal.TestMethodWorker.invokeTestMethods(TestMethodWorker.java:125)
	at org.testng.internal.TestMethodWorker.run(TestMethodWorker.java:109)
	at org.testng.TestRunner.privateRun(TestRunner.java:648)
	at org.testng.TestRunner.run(TestRunner.java:505)
	at org.testng.SuiteRunner.runTest(SuiteRunner.java:455)
	at org.testng.SuiteRunner.runSequentially(SuiteRunner.java:450)
	at org.testng.SuiteRunner.privateRun(SuiteRunner.java:415)
	at org.testng.SuiteRunner.run(SuiteRunner.java:364)
	at org.testng.SuiteRunnerWorker.runSuite(SuiteRunnerWorker.java:52)
	at org.testng.SuiteRunnerWorker.run(SuiteRunnerWorker.java:84)
	at org.testng.TestNG.runSuitesSequentially(TestNG.java:1208)
	at org.testng.TestNG.runSuitesLocally(TestNG.java:1137)
	at org.testng.TestNG.runSuites(TestNG.java:1049)
	at org.testng.TestNG.run(TestNG.java:1017)
	at org.testng.remote.AbstractRemoteTestNG.run(AbstractRemoteTestNG.java:114)
	at org.testng.remote.RemoteTestNG.initAndRun(RemoteTestNG.java:251)
	at org.testng.remote.RemoteTestNG.main(RemoteTestNG.java:77)
</pre></div></td>
<td>0</td>
<td>com.unityworks.testcases.AffinitiveTest@3d5c822d</td></tr>
<tr>
<td title='com.unityworks.testcases.AffinitiveTest.verifyPageViewandReportTitle()'><b>verifyPageViewandReportTitle</b><br>Test class: com.unityworks.testcases.AffinitiveTest<br>Parameters: 03/01/2018, 03/10/2018, Fiat Chrysler Automobiles, BMW T3, //span[text()='Bmw T3'], //tbody/tr[last()]/td[3]/b, Bmw T3, 31, No</td>
<td><div><pre>org.testng.SkipException: Skipping this exception
	at com.unityworks.testcases.AffinitiveTest.verifyPageViewandReportTitle(AffinitiveTest.java:155)
... Removed 24 stack frames</pre></div><a href='#' onClick='toggleBox("stack-trace567852222", this, "Click to show all stack frames", "Click to hide stack frames")'>Click to show all stack frames</a>
<div class='stack-trace' id='stack-trace567852222'><pre>org.testng.SkipException: Skipping this exception
	at com.unityworks.testcases.AffinitiveTest.verifyPageViewandReportTitle(AffinitiveTest.java:155)
	at sun.reflect.GeneratedMethodAccessor2.invoke(Unknown Source)
	at sun.reflect.DelegatingMethodAccessorImpl.invoke(Unknown Source)
	at java.lang.reflect.Method.invoke(Unknown Source)
	at org.testng.internal.MethodInvocationHelper.invokeMethod(MethodInvocationHelper.java:124)
	at org.testng.internal.Invoker.invokeMethod(Invoker.java:580)
	at org.testng.internal.Invoker.invokeTestMethod(Invoker.java:716)
	at org.testng.internal.Invoker.invokeTestMethods(Invoker.java:988)
	at org.testng.internal.TestMethodWorker.invokeTestMethods(TestMethodWorker.java:125)
	at org.testng.internal.TestMethodWorker.run(TestMethodWorker.java:109)
	at org.testng.TestRunner.privateRun(TestRunner.java:648)
	at org.testng.TestRunner.run(TestRunner.java:505)
	at org.testng.SuiteRunner.runTest(SuiteRunner.java:455)
	at org.testng.SuiteRunner.runSequentially(SuiteRunner.java:450)
	at org.testng.SuiteRunner.privateRun(SuiteRunner.java:415)
	at org.testng.SuiteRunner.run(SuiteRunner.java:364)
	at org.testng.SuiteRunnerWorker.runSuite(SuiteRunnerWorker.java:52)
	at org.testng.SuiteRunnerWorker.run(SuiteRunnerWorker.java:84)
	at org.testng.TestNG.runSuitesSequentially(TestNG.java:1208)
	at org.testng.TestNG.runSuitesLocally(TestNG.java:1137)
	at org.testng.TestNG.runSuites(TestNG.java:1049)
	at org.testng.TestNG.run(TestNG.java:1017)
	at org.testng.remote.AbstractRemoteTestNG.run(AbstractRemoteTestNG.java:114)
	at org.testng.remote.RemoteTestNG.initAndRun(RemoteTestNG.java:251)
	at org.testng.remote.RemoteTestNG.main(RemoteTestNG.java:77)
</pre></div></td>
<td>0</td>
<td>com.unityworks.testcases.AffinitiveTest@3d5c822d</td></tr>
<tr>
<td title='com.unityworks.testcases.AffinitiveTest.verifyPageViewandReportTitle()'><b>verifyPageViewandReportTitle</b><br>Test class: com.unityworks.testcases.AffinitiveTest<br>Parameters: 03/01/2018, 03/10/2018, Fiat Chrysler Automobiles, CBC T2.5 Commercial, //span[text()='CBC T2.5 Commercial'], //tbody/tr[last()]/td[2]/b, CBC T2.5 Commercial, 202, No</td>
<td><div><pre>org.testng.SkipException: Skipping this exception
	at com.unityworks.testcases.AffinitiveTest.verifyPageViewandReportTitle(AffinitiveTest.java:155)
... Removed 24 stack frames</pre></div><a href='#' onClick='toggleBox("stack-trace1938025186", this, "Click to show all stack frames", "Click to hide stack frames")'>Click to show all stack frames</a>
<div class='stack-trace' id='stack-trace1938025186'><pre>org.testng.SkipException: Skipping this exception
	at com.unityworks.testcases.AffinitiveTest.verifyPageViewandReportTitle(AffinitiveTest.java:155)
	at sun.reflect.GeneratedMethodAccessor2.invoke(Unknown Source)
	at sun.reflect.DelegatingMethodAccessorImpl.invoke(Unknown Source)
	at java.lang.reflect.Method.invoke(Unknown Source)
	at org.testng.internal.MethodInvocationHelper.invokeMethod(MethodInvocationHelper.java:124)
	at org.testng.internal.Invoker.invokeMethod(Invoker.java:580)
	at org.testng.internal.Invoker.invokeTestMethod(Invoker.java:716)
	at org.testng.internal.Invoker.invokeTestMethods(Invoker.java:988)
	at org.testng.internal.TestMethodWorker.invokeTestMethods(TestMethodWorker.java:125)
	at org.testng.internal.TestMethodWorker.run(TestMethodWorker.java:109)
	at org.testng.TestRunner.privateRun(TestRunner.java:648)
	at org.testng.TestRunner.run(TestRunner.java:505)
	at org.testng.SuiteRunner.runTest(SuiteRunner.java:455)
	at org.testng.SuiteRunner.runSequentially(SuiteRunner.java:450)
	at org.testng.SuiteRunner.privateRun(SuiteRunner.java:415)
	at org.testng.SuiteRunner.run(SuiteRunner.java:364)
	at org.testng.SuiteRunnerWorker.runSuite(SuiteRunnerWorker.java:52)
	at org.testng.SuiteRunnerWorker.run(SuiteRunnerWorker.java:84)
	at org.testng.TestNG.runSuitesSequentially(TestNG.java:1208)
	at org.testng.TestNG.runSuitesLocally(TestNG.java:1137)
	at org.testng.TestNG.runSuites(TestNG.java:1049)
	at org.testng.TestNG.run(TestNG.java:1017)
	at org.testng.remote.AbstractRemoteTestNG.run(AbstractRemoteTestNG.java:114)
	at org.testng.remote.RemoteTestNG.initAndRun(RemoteTestNG.java:251)
	at org.testng.remote.RemoteTestNG.main(RemoteTestNG.java:77)
</pre></div></td>
<td>0</td>
<td>com.unityworks.testcases.AffinitiveTest@3d5c822d</td></tr>
<tr>
<td title='com.unityworks.testcases.AffinitiveTest.verifyPageViewandReportTitle()'><b>verifyPageViewandReportTitle</b><br>Test class: com.unityworks.testcases.AffinitiveTest<br>Parameters: 03/01/2018, 03/10/2018, Fiat Chrysler Automobiles, California BC, //span[text()='California BC'], //tbody/tr[last()]/td[2]/b, California BC, 11, No</td>
<td><div><pre>org.testng.SkipException: Skipping this exception
	at com.unityworks.testcases.AffinitiveTest.verifyPageViewandReportTitle(AffinitiveTest.java:155)
... Removed 24 stack frames</pre></div><a href='#' onClick='toggleBox("stack-trace2088582214", this, "Click to show all stack frames", "Click to hide stack frames")'>Click to show all stack frames</a>
<div class='stack-trace' id='stack-trace2088582214'><pre>org.testng.SkipException: Skipping this exception
	at com.unityworks.testcases.AffinitiveTest.verifyPageViewandReportTitle(AffinitiveTest.java:155)
	at sun.reflect.GeneratedMethodAccessor2.invoke(Unknown Source)
	at sun.reflect.DelegatingMethodAccessorImpl.invoke(Unknown Source)
	at java.lang.reflect.Method.invoke(Unknown Source)
	at org.testng.internal.MethodInvocationHelper.invokeMethod(MethodInvocationHelper.java:124)
	at org.testng.internal.Invoker.invokeMethod(Invoker.java:580)
	at org.testng.internal.Invoker.invokeTestMethod(Invoker.java:716)
	at org.testng.internal.Invoker.invokeTestMethods(Invoker.java:988)
	at org.testng.internal.TestMethodWorker.invokeTestMethods(TestMethodWorker.java:125)
	at org.testng.internal.TestMethodWorker.run(TestMethodWorker.java:109)
	at org.testng.TestRunner.privateRun(TestRunner.java:648)
	at org.testng.TestRunner.run(TestRunner.java:505)
	at org.testng.SuiteRunner.runTest(SuiteRunner.java:455)
	at org.testng.SuiteRunner.runSequentially(SuiteRunner.java:450)
	at org.testng.SuiteRunner.privateRun(SuiteRunner.java:415)
	at org.testng.SuiteRunner.run(SuiteRunner.java:364)
	at org.testng.SuiteRunnerWorker.runSuite(SuiteRunnerWorker.java:52)
	at org.testng.SuiteRunnerWorker.run(SuiteRunnerWorker.java:84)
	at org.testng.TestNG.runSuitesSequentially(TestNG.java:1208)
	at org.testng.TestNG.runSuitesLocally(TestNG.java:1137)
	at org.testng.TestNG.runSuites(TestNG.java:1049)
	at org.testng.TestNG.run(TestNG.java:1017)
	at org.testng.remote.AbstractRemoteTestNG.run(AbstractRemoteTestNG.java:114)
	at org.testng.remote.RemoteTestNG.initAndRun(RemoteTestNG.java:251)
	at org.testng.remote.RemoteTestNG.main(RemoteTestNG.java:77)
</pre></div></td>
<td>0</td>
<td>com.unityworks.testcases.AffinitiveTest@3d5c822d</td></tr>
<tr>
<td title='com.unityworks.testcases.AffinitiveTest.verifyPageViewandReportTitle()'><b>verifyPageViewandReportTitle</b><br>Test class: com.unityworks.testcases.AffinitiveTest<br>Parameters: 03/01/2018, 03/10/2018, Fiat Chrysler Automobiles, Commercial, //span[text()='Commercial'], //tbody/tr[last()]/td[2]/b, Commercial, 900, No</td>
<td><div><pre>org.testng.SkipException: Skipping this exception
	at com.unityworks.testcases.AffinitiveTest.verifyPageViewandReportTitle(AffinitiveTest.java:155)
... Removed 24 stack frames</pre></div><a href='#' onClick='toggleBox("stack-trace1220759559", this, "Click to show all stack frames", "Click to hide stack frames")'>Click to show all stack frames</a>
<div class='stack-trace' id='stack-trace1220759559'><pre>org.testng.SkipException: Skipping this exception
	at com.unityworks.testcases.AffinitiveTest.verifyPageViewandReportTitle(AffinitiveTest.java:155)
	at sun.reflect.GeneratedMethodAccessor2.invoke(Unknown Source)
	at sun.reflect.DelegatingMethodAccessorImpl.invoke(Unknown Source)
	at java.lang.reflect.Method.invoke(Unknown Source)
	at org.testng.internal.MethodInvocationHelper.invokeMethod(MethodInvocationHelper.java:124)
	at org.testng.internal.Invoker.invokeMethod(Invoker.java:580)
	at org.testng.internal.Invoker.invokeTestMethod(Invoker.java:716)
	at org.testng.internal.Invoker.invokeTestMethods(Invoker.java:988)
	at org.testng.internal.TestMethodWorker.invokeTestMethods(TestMethodWorker.java:125)
	at org.testng.internal.TestMethodWorker.run(TestMethodWorker.java:109)
	at org.testng.TestRunner.privateRun(TestRunner.java:648)
	at org.testng.TestRunner.run(TestRunner.java:505)
	at org.testng.SuiteRunner.runTest(SuiteRunner.java:455)
	at org.testng.SuiteRunner.runSequentially(SuiteRunner.java:450)
	at org.testng.SuiteRunner.privateRun(SuiteRunner.java:415)
	at org.testng.SuiteRunner.run(SuiteRunner.java:364)
	at org.testng.SuiteRunnerWorker.runSuite(SuiteRunnerWorker.java:52)
	at org.testng.SuiteRunnerWorker.run(SuiteRunnerWorker.java:84)
	at org.testng.TestNG.runSuitesSequentially(TestNG.java:1208)
	at org.testng.TestNG.runSuitesLocally(TestNG.java:1137)
	at org.testng.TestNG.runSuites(TestNG.java:1049)
	at org.testng.TestNG.run(TestNG.java:1017)
	at org.testng.remote.AbstractRemoteTestNG.run(AbstractRemoteTestNG.java:114)
	at org.testng.remote.RemoteTestNG.initAndRun(RemoteTestNG.java:251)
	at org.testng.remote.RemoteTestNG.main(RemoteTestNG.java:77)
</pre></div></td>
<td>0</td>
<td>com.unityworks.testcases.AffinitiveTest@3d5c822d</td></tr>
<tr>
<td title='com.unityworks.testcases.AffinitiveTest.verifyPageViewandReportTitle()'><b>verifyPageViewandReportTitle</b><br>Test class: com.unityworks.testcases.AffinitiveTest<br>Parameters: 03/01/2018, 03/10/2018, Fiat Chrysler Automobiles, DBC Heavy Duty Farmers, //span[text()='DBC Heavy Duty Farmers'], //tbody/tr[last()]/td[2]/b, DBC Heavy Duty Farmers, , No</td>
<td><div><pre>org.testng.SkipException: Skipping this exception
	at com.unityworks.testcases.AffinitiveTest.verifyPageViewandReportTitle(AffinitiveTest.java:155)
... Removed 24 stack frames</pre></div><a href='#' onClick='toggleBox("stack-trace1730337646", this, "Click to show all stack frames", "Click to hide stack frames")'>Click to show all stack frames</a>
<div class='stack-trace' id='stack-trace1730337646'><pre>org.testng.SkipException: Skipping this exception
	at com.unityworks.testcases.AffinitiveTest.verifyPageViewandReportTitle(AffinitiveTest.java:155)
	at sun.reflect.GeneratedMethodAccessor2.invoke(Unknown Source)
	at sun.reflect.DelegatingMethodAccessorImpl.invoke(Unknown Source)
	at java.lang.reflect.Method.invoke(Unknown Source)
	at org.testng.internal.MethodInvocationHelper.invokeMethod(MethodInvocationHelper.java:124)
	at org.testng.internal.Invoker.invokeMethod(Invoker.java:580)
	at org.testng.internal.Invoker.invokeTestMethod(Invoker.java:716)
	at org.testng.internal.Invoker.invokeTestMethods(Invoker.java:988)
	at org.testng.internal.TestMethodWorker.invokeTestMethods(TestMethodWorker.java:125)
	at org.testng.internal.TestMethodWorker.run(TestMethodWorker.java:109)
	at org.testng.TestRunner.privateRun(TestRunner.java:648)
	at org.testng.TestRunner.run(TestRunner.java:505)
	at org.testng.SuiteRunner.runTest(SuiteRunner.java:455)
	at org.testng.SuiteRunner.runSequentially(SuiteRunner.java:450)
	at org.testng.SuiteRunner.privateRun(SuiteRunner.java:415)
	at org.testng.SuiteRunner.run(SuiteRunner.java:364)
	at org.testng.SuiteRunnerWorker.runSuite(SuiteRunnerWorker.java:52)
	at org.testng.SuiteRunnerWorker.run(SuiteRunnerWorker.java:84)
	at org.testng.TestNG.runSuitesSequentially(TestNG.java:1208)
	at org.testng.TestNG.runSuitesLocally(TestNG.java:1137)
	at org.testng.TestNG.runSuites(TestNG.java:1049)
	at org.testng.TestNG.run(TestNG.java:1017)
	at org.testng.remote.AbstractRemoteTestNG.run(AbstractRemoteTestNG.java:114)
	at org.testng.remote.RemoteTestNG.initAndRun(RemoteTestNG.java:251)
	at org.testng.remote.RemoteTestNG.main(RemoteTestNG.java:77)
</pre></div></td>
<td>0</td>
<td>com.unityworks.testcases.AffinitiveTest@3d5c822d</td></tr>
<tr>
<td title='com.unityworks.testcases.AffinitiveTest.verifyPageViewandReportTitle()'><b>verifyPageViewandReportTitle</b><br>Test class: com.unityworks.testcases.AffinitiveTest<br>Parameters: 03/01/2018, 03/10/2018, Fiat Chrysler Automobiles, DBC Compass Compare T2.5, //span[text()='DBC Compass Compare T2.5'], //tbody/tr[last()]/td[2]/b, DBC Compass Compare T2.5, 3, No</td>
<td><div><pre>org.testng.SkipException: Skipping this exception
	at com.unityworks.testcases.AffinitiveTest.verifyPageViewandReportTitle(AffinitiveTest.java:155)
... Removed 24 stack frames</pre></div><a href='#' onClick='toggleBox("stack-trace1256405521", this, "Click to show all stack frames", "Click to hide stack frames")'>Click to show all stack frames</a>
<div class='stack-trace' id='stack-trace1256405521'><pre>org.testng.SkipException: Skipping this exception
	at com.unityworks.testcases.AffinitiveTest.verifyPageViewandReportTitle(AffinitiveTest.java:155)
	at sun.reflect.GeneratedMethodAccessor2.invoke(Unknown Source)
	at sun.reflect.DelegatingMethodAccessorImpl.invoke(Unknown Source)
	at java.lang.reflect.Method.invoke(Unknown Source)
	at org.testng.internal.MethodInvocationHelper.invokeMethod(MethodInvocationHelper.java:124)
	at org.testng.internal.Invoker.invokeMethod(Invoker.java:580)
	at org.testng.internal.Invoker.invokeTestMethod(Invoker.java:716)
	at org.testng.internal.Invoker.invokeTestMethods(Invoker.java:988)
	at org.testng.internal.TestMethodWorker.invokeTestMethods(TestMethodWorker.java:125)
	at org.testng.internal.TestMethodWorker.run(TestMethodWorker.java:109)
	at org.testng.TestRunner.privateRun(TestRunner.java:648)
	at org.testng.TestRunner.run(TestRunner.java:505)
	at org.testng.SuiteRunner.runTest(SuiteRunner.java:455)
	at org.testng.SuiteRunner.runSequentially(SuiteRunner.java:450)
	at org.testng.SuiteRunner.privateRun(SuiteRunner.java:415)
	at org.testng.SuiteRunner.run(SuiteRunner.java:364)
	at org.testng.SuiteRunnerWorker.runSuite(SuiteRunnerWorker.java:52)
	at org.testng.SuiteRunnerWorker.run(SuiteRunnerWorker.java:84)
	at org.testng.TestNG.runSuitesSequentially(TestNG.java:1208)
	at org.testng.TestNG.runSuitesLocally(TestNG.java:1137)
	at org.testng.TestNG.runSuites(TestNG.java:1049)
	at org.testng.TestNG.run(TestNG.java:1017)
	at org.testng.remote.AbstractRemoteTestNG.run(AbstractRemoteTestNG.java:114)
	at org.testng.remote.RemoteTestNG.initAndRun(RemoteTestNG.java:251)
	at org.testng.remote.RemoteTestNG.main(RemoteTestNG.java:77)
</pre></div></td>
<td>0</td>
<td>com.unityworks.testcases.AffinitiveTest@3d5c822d</td></tr>
<tr>
<td title='com.unityworks.testcases.AffinitiveTest.verifyPageViewandReportTitle()'><b>verifyPageViewandReportTitle</b><br>Test class: com.unityworks.testcases.AffinitiveTest<br>Parameters: 03/01/2018, 03/10/2018, Fiat Chrysler Automobiles, DBC Mopar, //span[text()='DBC Mopar'], //tbody/tr[last()]/td[2]/b, DBC Mopar, 44, No</td>
<td><div><pre>org.testng.SkipException: Skipping this exception
	at com.unityworks.testcases.AffinitiveTest.verifyPageViewandReportTitle(AffinitiveTest.java:155)
... Removed 24 stack frames</pre></div><a href='#' onClick='toggleBox("stack-trace188791662", this, "Click to show all stack frames", "Click to hide stack frames")'>Click to show all stack frames</a>
<div class='stack-trace' id='stack-trace188791662'><pre>org.testng.SkipException: Skipping this exception
	at com.unityworks.testcases.AffinitiveTest.verifyPageViewandReportTitle(AffinitiveTest.java:155)
	at sun.reflect.GeneratedMethodAccessor2.invoke(Unknown Source)
	at sun.reflect.DelegatingMethodAccessorImpl.invoke(Unknown Source)
	at java.lang.reflect.Method.invoke(Unknown Source)
	at org.testng.internal.MethodInvocationHelper.invokeMethod(MethodInvocationHelper.java:124)
	at org.testng.internal.Invoker.invokeMethod(Invoker.java:580)
	at org.testng.internal.Invoker.invokeTestMethod(Invoker.java:716)
	at org.testng.internal.Invoker.invokeTestMethods(Invoker.java:988)
	at org.testng.internal.TestMethodWorker.invokeTestMethods(TestMethodWorker.java:125)
	at org.testng.internal.TestMethodWorker.run(TestMethodWorker.java:109)
	at org.testng.TestRunner.privateRun(TestRunner.java:648)
	at org.testng.TestRunner.run(TestRunner.java:505)
	at org.testng.SuiteRunner.runTest(SuiteRunner.java:455)
	at org.testng.SuiteRunner.runSequentially(SuiteRunner.java:450)
	at org.testng.SuiteRunner.privateRun(SuiteRunner.java:415)
	at org.testng.SuiteRunner.run(SuiteRunner.java:364)
	at org.testng.SuiteRunnerWorker.runSuite(SuiteRunnerWorker.java:52)
	at org.testng.SuiteRunnerWorker.run(SuiteRunnerWorker.java:84)
	at org.testng.TestNG.runSuitesSequentially(TestNG.java:1208)
	at org.testng.TestNG.runSuitesLocally(TestNG.java:1137)
	at org.testng.TestNG.runSuites(TestNG.java:1049)
	at org.testng.TestNG.run(TestNG.java:1017)
	at org.testng.remote.AbstractRemoteTestNG.run(AbstractRemoteTestNG.java:114)
	at org.testng.remote.RemoteTestNG.initAndRun(RemoteTestNG.java:251)
	at org.testng.remote.RemoteTestNG.main(RemoteTestNG.java:77)
</pre></div></td>
<td>0</td>
<td>com.unityworks.testcases.AffinitiveTest@3d5c822d</td></tr>
<tr>
<td title='com.unityworks.testcases.AffinitiveTest.verifyPageViewandReportTitle()'><b>verifyPageViewandReportTitle</b><br>Test class: com.unityworks.testcases.AffinitiveTest<br>Parameters: 03/01/2018, 03/10/2018, Fiat Chrysler Automobiles, DBC ProMaster Commercial, //span[text()='DBC ProMaster Commercial'], //tbody/tr[last()]/td[2]/b, DBC ProMaster Commercial, , No</td>
<td><div><pre>org.testng.SkipException: Skipping this exception
	at com.unityworks.testcases.AffinitiveTest.verifyPageViewandReportTitle(AffinitiveTest.java:155)
... Removed 24 stack frames</pre></div><a href='#' onClick='toggleBox("stack-trace1347016882", this, "Click to show all stack frames", "Click to hide stack frames")'>Click to show all stack frames</a>
<div class='stack-trace' id='stack-trace1347016882'><pre>org.testng.SkipException: Skipping this exception
	at com.unityworks.testcases.AffinitiveTest.verifyPageViewandReportTitle(AffinitiveTest.java:155)
	at sun.reflect.GeneratedMethodAccessor2.invoke(Unknown Source)
	at sun.reflect.DelegatingMethodAccessorImpl.invoke(Unknown Source)
	at java.lang.reflect.Method.invoke(Unknown Source)
	at org.testng.internal.MethodInvocationHelper.invokeMethod(MethodInvocationHelper.java:124)
	at org.testng.internal.Invoker.invokeMethod(Invoker.java:580)
	at org.testng.internal.Invoker.invokeTestMethod(Invoker.java:716)
	at org.testng.internal.Invoker.invokeTestMethods(Invoker.java:988)
	at org.testng.internal.TestMethodWorker.invokeTestMethods(TestMethodWorker.java:125)
	at org.testng.internal.TestMethodWorker.run(TestMethodWorker.java:109)
	at org.testng.TestRunner.privateRun(TestRunner.java:648)
	at org.testng.TestRunner.run(TestRunner.java:505)
	at org.testng.SuiteRunner.runTest(SuiteRunner.java:455)
	at org.testng.SuiteRunner.runSequentially(SuiteRunner.java:450)
	at org.testng.SuiteRunner.privateRun(SuiteRunner.java:415)
	at org.testng.SuiteRunner.run(SuiteRunner.java:364)
	at org.testng.SuiteRunnerWorker.runSuite(SuiteRunnerWorker.java:52)
	at org.testng.SuiteRunnerWorker.run(SuiteRunnerWorker.java:84)
	at org.testng.TestNG.runSuitesSequentially(TestNG.java:1208)
	at org.testng.TestNG.runSuitesLocally(TestNG.java:1137)
	at org.testng.TestNG.runSuites(TestNG.java:1049)
	at org.testng.TestNG.run(TestNG.java:1017)
	at org.testng.remote.AbstractRemoteTestNG.run(AbstractRemoteTestNG.java:114)
	at org.testng.remote.RemoteTestNG.initAndRun(RemoteTestNG.java:251)
	at org.testng.remote.RemoteTestNG.main(RemoteTestNG.java:77)
</pre></div></td>
<td>0</td>
<td>com.unityworks.testcases.AffinitiveTest@3d5c822d</td></tr>
<tr>
<td title='com.unityworks.testcases.AffinitiveTest.verifyPageViewandReportTitle()'><b>verifyPageViewandReportTitle</b><br>Test class: com.unityworks.testcases.AffinitiveTest<br>Parameters: 03/01/2018, 03/10/2018, Fiat Chrysler Automobiles, FCA Lease, //span[text()='Fca Lease'], //tbody/tr[last()]/td[2]/b, Fca Lease, 246, No</td>
<td><div><pre>org.testng.SkipException: Skipping this exception
	at com.unityworks.testcases.AffinitiveTest.verifyPageViewandReportTitle(AffinitiveTest.java:155)
... Removed 24 stack frames</pre></div><a href='#' onClick='toggleBox("stack-trace1662912171", this, "Click to show all stack frames", "Click to hide stack frames")'>Click to show all stack frames</a>
<div class='stack-trace' id='stack-trace1662912171'><pre>org.testng.SkipException: Skipping this exception
	at com.unityworks.testcases.AffinitiveTest.verifyPageViewandReportTitle(AffinitiveTest.java:155)
	at sun.reflect.GeneratedMethodAccessor2.invoke(Unknown Source)
	at sun.reflect.DelegatingMethodAccessorImpl.invoke(Unknown Source)
	at java.lang.reflect.Method.invoke(Unknown Source)
	at org.testng.internal.MethodInvocationHelper.invokeMethod(MethodInvocationHelper.java:124)
	at org.testng.internal.Invoker.invokeMethod(Invoker.java:580)
	at org.testng.internal.Invoker.invokeTestMethod(Invoker.java:716)
	at org.testng.internal.Invoker.invokeTestMethods(Invoker.java:988)
	at org.testng.internal.TestMethodWorker.invokeTestMethods(TestMethodWorker.java:125)
	at org.testng.internal.TestMethodWorker.run(TestMethodWorker.java:109)
	at org.testng.TestRunner.privateRun(TestRunner.java:648)
	at org.testng.TestRunner.run(TestRunner.java:505)
	at org.testng.SuiteRunner.runTest(SuiteRunner.java:455)
	at org.testng.SuiteRunner.runSequentially(SuiteRunner.java:450)
	at org.testng.SuiteRunner.privateRun(SuiteRunner.java:415)
	at org.testng.SuiteRunner.run(SuiteRunner.java:364)
	at org.testng.SuiteRunnerWorker.runSuite(SuiteRunnerWorker.java:52)
	at org.testng.SuiteRunnerWorker.run(SuiteRunnerWorker.java:84)
	at org.testng.TestNG.runSuitesSequentially(TestNG.java:1208)
	at org.testng.TestNG.runSuitesLocally(TestNG.java:1137)
	at org.testng.TestNG.runSuites(TestNG.java:1049)
	at org.testng.TestNG.run(TestNG.java:1017)
	at org.testng.remote.AbstractRemoteTestNG.run(AbstractRemoteTestNG.java:114)
	at org.testng.remote.RemoteTestNG.initAndRun(RemoteTestNG.java:251)
	at org.testng.remote.RemoteTestNG.main(RemoteTestNG.java:77)
</pre></div></td>
<td>0</td>
<td>com.unityworks.testcases.AffinitiveTest@3d5c822d</td></tr>
<tr>
<td title='com.unityworks.testcases.AffinitiveTest.verifyPageViewandReportTitle()'><b>verifyPageViewandReportTitle</b><br>Test class: com.unityworks.testcases.AffinitiveTest<br>Parameters: 03/01/2018, 03/10/2018, Fiat Chrysler Automobiles, GLBC Jeep Lease, //span[text()='GLBC Jeep Lease'], //tbody/tr[last()]/td[2]/b, GLBC Jeep Lease, , No</td>
<td><div><pre>org.testng.SkipException: Skipping this exception
	at com.unityworks.testcases.AffinitiveTest.verifyPageViewandReportTitle(AffinitiveTest.java:155)
... Removed 24 stack frames</pre></div><a href='#' onClick='toggleBox("stack-trace883380345", this, "Click to show all stack frames", "Click to hide stack frames")'>Click to show all stack frames</a>
<div class='stack-trace' id='stack-trace883380345'><pre>org.testng.SkipException: Skipping this exception
	at com.unityworks.testcases.AffinitiveTest.verifyPageViewandReportTitle(AffinitiveTest.java:155)
	at sun.reflect.GeneratedMethodAccessor2.invoke(Unknown Source)
	at sun.reflect.DelegatingMethodAccessorImpl.invoke(Unknown Source)
	at java.lang.reflect.Method.invoke(Unknown Source)
	at org.testng.internal.MethodInvocationHelper.invokeMethod(MethodInvocationHelper.java:124)
	at org.testng.internal.Invoker.invokeMethod(Invoker.java:580)
	at org.testng.internal.Invoker.invokeTestMethod(Invoker.java:716)
	at org.testng.internal.Invoker.invokeTestMethods(Invoker.java:988)
	at org.testng.internal.TestMethodWorker.invokeTestMethods(TestMethodWorker.java:125)
	at org.testng.internal.TestMethodWorker.run(TestMethodWorker.java:109)
	at org.testng.TestRunner.privateRun(TestRunner.java:648)
	at org.testng.TestRunner.run(TestRunner.java:505)
	at org.testng.SuiteRunner.runTest(SuiteRunner.java:455)
	at org.testng.SuiteRunner.runSequentially(SuiteRunner.java:450)
	at org.testng.SuiteRunner.privateRun(SuiteRunner.java:415)
	at org.testng.SuiteRunner.run(SuiteRunner.java:364)
	at org.testng.SuiteRunnerWorker.runSuite(SuiteRunnerWorker.java:52)
	at org.testng.SuiteRunnerWorker.run(SuiteRunnerWorker.java:84)
	at org.testng.TestNG.runSuitesSequentially(TestNG.java:1208)
	at org.testng.TestNG.runSuitesLocally(TestNG.java:1137)
	at org.testng.TestNG.runSuites(TestNG.java:1049)
	at org.testng.TestNG.run(TestNG.java:1017)
	at org.testng.remote.AbstractRemoteTestNG.run(AbstractRemoteTestNG.java:114)
	at org.testng.remote.RemoteTestNG.initAndRun(RemoteTestNG.java:251)
	at org.testng.remote.RemoteTestNG.main(RemoteTestNG.java:77)
</pre></div></td>
<td>0</td>
<td>com.unityworks.testcases.AffinitiveTest@3d5c822d</td></tr>
<tr>
<td title='com.unityworks.testcases.AffinitiveTest.verifyPageViewandReportTitle()'><b>verifyPageViewandReportTitle</b><br>Test class: com.unityworks.testcases.AffinitiveTest<br>Parameters: 03/01/2018, 03/10/2018, Fiat Chrysler Automobiles, GLBC RAM, //span[text()='GLBC RAM'], //tbody/tr[last()]/td[2]/b, GLBC RAM, 2, No</td>
<td><div><pre>org.testng.SkipException: Skipping this exception
	at com.unityworks.testcases.AffinitiveTest.verifyPageViewandReportTitle(AffinitiveTest.java:155)
... Removed 24 stack frames</pre></div><a href='#' onClick='toggleBox("stack-trace276748028", this, "Click to show all stack frames", "Click to hide stack frames")'>Click to show all stack frames</a>
<div class='stack-trace' id='stack-trace276748028'><pre>org.testng.SkipException: Skipping this exception
	at com.unityworks.testcases.AffinitiveTest.verifyPageViewandReportTitle(AffinitiveTest.java:155)
	at sun.reflect.GeneratedMethodAccessor2.invoke(Unknown Source)
	at sun.reflect.DelegatingMethodAccessorImpl.invoke(Unknown Source)
	at java.lang.reflect.Method.invoke(Unknown Source)
	at org.testng.internal.MethodInvocationHelper.invokeMethod(MethodInvocationHelper.java:124)
	at org.testng.internal.Invoker.invokeMethod(Invoker.java:580)
	at org.testng.internal.Invoker.invokeTestMethod(Invoker.java:716)
	at org.testng.internal.Invoker.invokeTestMethods(Invoker.java:988)
	at org.testng.internal.TestMethodWorker.invokeTestMethods(TestMethodWorker.java:125)
	at org.testng.internal.TestMethodWorker.run(TestMethodWorker.java:109)
	at org.testng.TestRunner.privateRun(TestRunner.java:648)
	at org.testng.TestRunner.run(TestRunner.java:505)
	at org.testng.SuiteRunner.runTest(SuiteRunner.java:455)
	at org.testng.SuiteRunner.runSequentially(SuiteRunner.java:450)
	at org.testng.SuiteRunner.privateRun(SuiteRunner.java:415)
	at org.testng.SuiteRunner.run(SuiteRunner.java:364)
	at org.testng.SuiteRunnerWorker.runSuite(SuiteRunnerWorker.java:52)
	at org.testng.SuiteRunnerWorker.run(SuiteRunnerWorker.java:84)
	at org.testng.TestNG.runSuitesSequentially(TestNG.java:1208)
	at org.testng.TestNG.runSuitesLocally(TestNG.java:1137)
	at org.testng.TestNG.runSuites(TestNG.java:1049)
	at org.testng.TestNG.run(TestNG.java:1017)
	at org.testng.remote.AbstractRemoteTestNG.run(AbstractRemoteTestNG.java:114)
	at org.testng.remote.RemoteTestNG.initAndRun(RemoteTestNG.java:251)
	at org.testng.remote.RemoteTestNG.main(RemoteTestNG.java:77)
</pre></div></td>
<td>0</td>
<td>com.unityworks.testcases.AffinitiveTest@3d5c822d</td></tr>
<tr>
<td title='com.unityworks.testcases.AffinitiveTest.verifyPageViewandReportTitle()'><b>verifyPageViewandReportTitle</b><br>Test class: com.unityworks.testcases.AffinitiveTest<br>Parameters: 03/01/2018, 03/10/2018, Fiat Chrysler Automobiles, Infiniti Microsite, //span[text()='Infiniti Microsite'], //tbody/tr[last()]/td[5]/b, Infiniti Microsite, 31, No</td>
<td><div><pre>org.testng.SkipException: Skipping this exception
	at com.unityworks.testcases.AffinitiveTest.verifyPageViewandReportTitle(AffinitiveTest.java:155)
... Removed 24 stack frames</pre></div><a href='#' onClick='toggleBox("stack-trace409565350", this, "Click to show all stack frames", "Click to hide stack frames")'>Click to show all stack frames</a>
<div class='stack-trace' id='stack-trace409565350'><pre>org.testng.SkipException: Skipping this exception
	at com.unityworks.testcases.AffinitiveTest.verifyPageViewandReportTitle(AffinitiveTest.java:155)
	at sun.reflect.GeneratedMethodAccessor2.invoke(Unknown Source)
	at sun.reflect.DelegatingMethodAccessorImpl.invoke(Unknown Source)
	at java.lang.reflect.Method.invoke(Unknown Source)
	at org.testng.internal.MethodInvocationHelper.invokeMethod(MethodInvocationHelper.java:124)
	at org.testng.internal.Invoker.invokeMethod(Invoker.java:580)
	at org.testng.internal.Invoker.invokeTestMethod(Invoker.java:716)
	at org.testng.internal.Invoker.invokeTestMethods(Invoker.java:988)
	at org.testng.internal.TestMethodWorker.invokeTestMethods(TestMethodWorker.java:125)
	at org.testng.internal.TestMethodWorker.run(TestMethodWorker.java:109)
	at org.testng.TestRunner.privateRun(TestRunner.java:648)
	at org.testng.TestRunner.run(TestRunner.java:505)
	at org.testng.SuiteRunner.runTest(SuiteRunner.java:455)
	at org.testng.SuiteRunner.runSequentially(SuiteRunner.java:450)
	at org.testng.SuiteRunner.privateRun(SuiteRunner.java:415)
	at org.testng.SuiteRunner.run(SuiteRunner.java:364)
	at org.testng.SuiteRunnerWorker.runSuite(SuiteRunnerWorker.java:52)
	at org.testng.SuiteRunnerWorker.run(SuiteRunnerWorker.java:84)
	at org.testng.TestNG.runSuitesSequentially(TestNG.java:1208)
	at org.testng.TestNG.runSuitesLocally(TestNG.java:1137)
	at org.testng.TestNG.runSuites(TestNG.java:1049)
	at org.testng.TestNG.run(TestNG.java:1017)
	at org.testng.remote.AbstractRemoteTestNG.run(AbstractRemoteTestNG.java:114)
	at org.testng.remote.RemoteTestNG.initAndRun(RemoteTestNG.java:251)
	at org.testng.remote.RemoteTestNG.main(RemoteTestNG.java:77)
</pre></div></td>
<td>0</td>
<td>com.unityworks.testcases.AffinitiveTest@3d5c822d</td></tr>
<tr>
<td title='com.unityworks.testcases.AffinitiveTest.verifyPageViewandReportTitle()'><b>verifyPageViewandReportTitle</b><br>Test class: com.unityworks.testcases.AffinitiveTest<br>Parameters: 03/01/2018, 03/10/2018, Fiat Chrysler Automobiles, Jaguar T3, //span[text()='Jaguar T3'], //tbody/tr[last()]/td[3]/b, Jaguar T3, 608, No</td>
<td><div><pre>org.testng.SkipException: Skipping this exception
	at com.unityworks.testcases.AffinitiveTest.verifyPageViewandReportTitle(AffinitiveTest.java:155)
... Removed 24 stack frames</pre></div><a href='#' onClick='toggleBox("stack-trace1210939243", this, "Click to show all stack frames", "Click to hide stack frames")'>Click to show all stack frames</a>
<div class='stack-trace' id='stack-trace1210939243'><pre>org.testng.SkipException: Skipping this exception
	at com.unityworks.testcases.AffinitiveTest.verifyPageViewandReportTitle(AffinitiveTest.java:155)
	at sun.reflect.GeneratedMethodAccessor2.invoke(Unknown Source)
	at sun.reflect.DelegatingMethodAccessorImpl.invoke(Unknown Source)
	at java.lang.reflect.Method.invoke(Unknown Source)
	at org.testng.internal.MethodInvocationHelper.invokeMethod(MethodInvocationHelper.java:124)
	at org.testng.internal.Invoker.invokeMethod(Invoker.java:580)
	at org.testng.internal.Invoker.invokeTestMethod(Invoker.java:716)
	at org.testng.internal.Invoker.invokeTestMethods(Invoker.java:988)
	at org.testng.internal.TestMethodWorker.invokeTestMethods(TestMethodWorker.java:125)
	at org.testng.internal.TestMethodWorker.run(TestMethodWorker.java:109)
	at org.testng.TestRunner.privateRun(TestRunner.java:648)
	at org.testng.TestRunner.run(TestRunner.java:505)
	at org.testng.SuiteRunner.runTest(SuiteRunner.java:455)
	at org.testng.SuiteRunner.runSequentially(SuiteRunner.java:450)
	at org.testng.SuiteRunner.privateRun(SuiteRunner.java:415)
	at org.testng.SuiteRunner.run(SuiteRunner.java:364)
	at org.testng.SuiteRunnerWorker.runSuite(SuiteRunnerWorker.java:52)
	at org.testng.SuiteRunnerWorker.run(SuiteRunnerWorker.java:84)
	at org.testng.TestNG.runSuitesSequentially(TestNG.java:1208)
	at org.testng.TestNG.runSuitesLocally(TestNG.java:1137)
	at org.testng.TestNG.runSuites(TestNG.java:1049)
	at org.testng.TestNG.run(TestNG.java:1017)
	at org.testng.remote.AbstractRemoteTestNG.run(AbstractRemoteTestNG.java:114)
	at org.testng.remote.RemoteTestNG.initAndRun(RemoteTestNG.java:251)
	at org.testng.remote.RemoteTestNG.main(RemoteTestNG.java:77)
</pre></div></td>
<td>0</td>
<td>com.unityworks.testcases.AffinitiveTest@3d5c822d</td></tr>
<tr>
<td title='com.unityworks.testcases.AffinitiveTest.verifyPageViewandReportTitle()'><b>verifyPageViewandReportTitle</b><br>Test class: com.unityworks.testcases.AffinitiveTest<br>Parameters: 03/01/2018, 03/10/2018, Fiat Chrysler Automobiles, Land Rover T3, //span[text()='Land Rover T3'], //tbody/tr[last()]/td[3]/b, Land Rover T3, 237, No</td>
<td><div><pre>org.testng.SkipException: Skipping this exception
	at com.unityworks.testcases.AffinitiveTest.verifyPageViewandReportTitle(AffinitiveTest.java:155)
... Removed 24 stack frames</pre></div><a href='#' onClick='toggleBox("stack-trace321772459", this, "Click to show all stack frames", "Click to hide stack frames")'>Click to show all stack frames</a>
<div class='stack-trace' id='stack-trace321772459'><pre>org.testng.SkipException: Skipping this exception
	at com.unityworks.testcases.AffinitiveTest.verifyPageViewandReportTitle(AffinitiveTest.java:155)
	at sun.reflect.GeneratedMethodAccessor2.invoke(Unknown Source)
	at sun.reflect.DelegatingMethodAccessorImpl.invoke(Unknown Source)
	at java.lang.reflect.Method.invoke(Unknown Source)
	at org.testng.internal.MethodInvocationHelper.invokeMethod(MethodInvocationHelper.java:124)
	at org.testng.internal.Invoker.invokeMethod(Invoker.java:580)
	at org.testng.internal.Invoker.invokeTestMethod(Invoker.java:716)
	at org.testng.internal.Invoker.invokeTestMethods(Invoker.java:988)
	at org.testng.internal.TestMethodWorker.invokeTestMethods(TestMethodWorker.java:125)
	at org.testng.internal.TestMethodWorker.run(TestMethodWorker.java:109)
	at org.testng.TestRunner.privateRun(TestRunner.java:648)
	at org.testng.TestRunner.run(TestRunner.java:505)
	at org.testng.SuiteRunner.runTest(SuiteRunner.java:455)
	at org.testng.SuiteRunner.runSequentially(SuiteRunner.java:450)
	at org.testng.SuiteRunner.privateRun(SuiteRunner.java:415)
	at org.testng.SuiteRunner.run(SuiteRunner.java:364)
	at org.testng.SuiteRunnerWorker.runSuite(SuiteRunnerWorker.java:52)
	at org.testng.SuiteRunnerWorker.run(SuiteRunnerWorker.java:84)
	at org.testng.TestNG.runSuitesSequentially(TestNG.java:1208)
	at org.testng.TestNG.runSuitesLocally(TestNG.java:1137)
	at org.testng.TestNG.runSuites(TestNG.java:1049)
	at org.testng.TestNG.run(TestNG.java:1017)
	at org.testng.remote.AbstractRemoteTestNG.run(AbstractRemoteTestNG.java:114)
	at org.testng.remote.RemoteTestNG.initAndRun(RemoteTestNG.java:251)
	at org.testng.remote.RemoteTestNG.main(RemoteTestNG.java:77)
</pre></div></td>
<td>0</td>
<td>com.unityworks.testcases.AffinitiveTest@3d5c822d</td></tr>
<tr>
<td title='com.unityworks.testcases.AffinitiveTest.verifyPageViewandReportTitle()'><b>verifyPageViewandReportTitle</b><br>Test class: com.unityworks.testcases.AffinitiveTest<br>Parameters: 03/01/2018, 03/10/2018, Fiat Chrysler Automobiles, MABC T2.5 Promaster, //span[text()='MABC T2.5 Promaster'], //tbody/tr[last()]/td[2]/b, MABC T2.5 Promaster, 2, No</td>
<td><div><pre>org.testng.SkipException: Skipping this exception
	at com.unityworks.testcases.AffinitiveTest.verifyPageViewandReportTitle(AffinitiveTest.java:155)
... Removed 24 stack frames</pre></div><a href='#' onClick='toggleBox("stack-trace181078353", this, "Click to show all stack frames", "Click to hide stack frames")'>Click to show all stack frames</a>
<div class='stack-trace' id='stack-trace181078353'><pre>org.testng.SkipException: Skipping this exception
	at com.unityworks.testcases.AffinitiveTest.verifyPageViewandReportTitle(AffinitiveTest.java:155)
	at sun.reflect.GeneratedMethodAccessor2.invoke(Unknown Source)
	at sun.reflect.DelegatingMethodAccessorImpl.invoke(Unknown Source)
	at java.lang.reflect.Method.invoke(Unknown Source)
	at org.testng.internal.MethodInvocationHelper.invokeMethod(MethodInvocationHelper.java:124)
	at org.testng.internal.Invoker.invokeMethod(Invoker.java:580)
	at org.testng.internal.Invoker.invokeTestMethod(Invoker.java:716)
	at org.testng.internal.Invoker.invokeTestMethods(Invoker.java:988)
	at org.testng.internal.TestMethodWorker.invokeTestMethods(TestMethodWorker.java:125)
	at org.testng.internal.TestMethodWorker.run(TestMethodWorker.java:109)
	at org.testng.TestRunner.privateRun(TestRunner.java:648)
	at org.testng.TestRunner.run(TestRunner.java:505)
	at org.testng.SuiteRunner.runTest(SuiteRunner.java:455)
	at org.testng.SuiteRunner.runSequentially(SuiteRunner.java:450)
	at org.testng.SuiteRunner.privateRun(SuiteRunner.java:415)
	at org.testng.SuiteRunner.run(SuiteRunner.java:364)
	at org.testng.SuiteRunnerWorker.runSuite(SuiteRunnerWorker.java:52)
	at org.testng.SuiteRunnerWorker.run(SuiteRunnerWorker.java:84)
	at org.testng.TestNG.runSuitesSequentially(TestNG.java:1208)
	at org.testng.TestNG.runSuitesLocally(TestNG.java:1137)
	at org.testng.TestNG.runSuites(TestNG.java:1049)
	at org.testng.TestNG.run(TestNG.java:1017)
	at org.testng.remote.AbstractRemoteTestNG.run(AbstractRemoteTestNG.java:114)
	at org.testng.remote.RemoteTestNG.initAndRun(RemoteTestNG.java:251)
	at org.testng.remote.RemoteTestNG.main(RemoteTestNG.java:77)
</pre></div></td>
<td>0</td>
<td>com.unityworks.testcases.AffinitiveTest@3d5c822d</td></tr>
<tr>
<td title='com.unityworks.testcases.AffinitiveTest.verifyPageViewandReportTitle()'><b>verifyPageViewandReportTitle</b><br>Test class: com.unityworks.testcases.AffinitiveTest<br>Parameters: 03/01/2018, 03/10/2018, Fiat Chrysler Automobiles, Maserati Microsite, //span[text()='Maserati Microsite'], //tbody/tr[last()]/td[3]/b, Maserati Microsite, 3, No</td>
<td><div><pre>org.testng.SkipException: Skipping this exception
	at com.unityworks.testcases.AffinitiveTest.verifyPageViewandReportTitle(AffinitiveTest.java:155)
... Removed 24 stack frames</pre></div><a href='#' onClick='toggleBox("stack-trace645875534", this, "Click to show all stack frames", "Click to hide stack frames")'>Click to show all stack frames</a>
<div class='stack-trace' id='stack-trace645875534'><pre>org.testng.SkipException: Skipping this exception
	at com.unityworks.testcases.AffinitiveTest.verifyPageViewandReportTitle(AffinitiveTest.java:155)
	at sun.reflect.GeneratedMethodAccessor2.invoke(Unknown Source)
	at sun.reflect.DelegatingMethodAccessorImpl.invoke(Unknown Source)
	at java.lang.reflect.Method.invoke(Unknown Source)
	at org.testng.internal.MethodInvocationHelper.invokeMethod(MethodInvocationHelper.java:124)
	at org.testng.internal.Invoker.invokeMethod(Invoker.java:580)
	at org.testng.internal.Invoker.invokeTestMethod(Invoker.java:716)
	at org.testng.internal.Invoker.invokeTestMethods(Invoker.java:988)
	at org.testng.internal.TestMethodWorker.invokeTestMethods(TestMethodWorker.java:125)
	at org.testng.internal.TestMethodWorker.run(TestMethodWorker.java:109)
	at org.testng.TestRunner.privateRun(TestRunner.java:648)
	at org.testng.TestRunner.run(TestRunner.java:505)
	at org.testng.SuiteRunner.runTest(SuiteRunner.java:455)
	at org.testng.SuiteRunner.runSequentially(SuiteRunner.java:450)
	at org.testng.SuiteRunner.privateRun(SuiteRunner.java:415)
	at org.testng.SuiteRunner.run(SuiteRunner.java:364)
	at org.testng.SuiteRunnerWorker.runSuite(SuiteRunnerWorker.java:52)
	at org.testng.SuiteRunnerWorker.run(SuiteRunnerWorker.java:84)
	at org.testng.TestNG.runSuitesSequentially(TestNG.java:1208)
	at org.testng.TestNG.runSuitesLocally(TestNG.java:1137)
	at org.testng.TestNG.runSuites(TestNG.java:1049)
	at org.testng.TestNG.run(TestNG.java:1017)
	at org.testng.remote.AbstractRemoteTestNG.run(AbstractRemoteTestNG.java:114)
	at org.testng.remote.RemoteTestNG.initAndRun(RemoteTestNG.java:251)
	at org.testng.remote.RemoteTestNG.main(RemoteTestNG.java:77)
</pre></div></td>
<td>0</td>
<td>com.unityworks.testcases.AffinitiveTest@3d5c822d</td></tr>
<tr>
<td title='com.unityworks.testcases.AffinitiveTest.verifyPageViewandReportTitle()'><b>verifyPageViewandReportTitle</b><br>Test class: com.unityworks.testcases.AffinitiveTest<br>Parameters: 03/01/2018, 03/10/2018, Fiat Chrysler Automobiles, Mopar SEBC, //span[text()='Southeast Business Center Mopar'], //tbody/tr[last()]/td[2]/b, Southeast Business Center Mopar, 13, No</td>
<td><div><pre>org.testng.SkipException: Skipping this exception
	at com.unityworks.testcases.AffinitiveTest.verifyPageViewandReportTitle(AffinitiveTest.java:155)
... Removed 24 stack frames</pre></div><a href='#' onClick='toggleBox("stack-trace673672784", this, "Click to show all stack frames", "Click to hide stack frames")'>Click to show all stack frames</a>
<div class='stack-trace' id='stack-trace673672784'><pre>org.testng.SkipException: Skipping this exception
	at com.unityworks.testcases.AffinitiveTest.verifyPageViewandReportTitle(AffinitiveTest.java:155)
	at sun.reflect.GeneratedMethodAccessor2.invoke(Unknown Source)
	at sun.reflect.DelegatingMethodAccessorImpl.invoke(Unknown Source)
	at java.lang.reflect.Method.invoke(Unknown Source)
	at org.testng.internal.MethodInvocationHelper.invokeMethod(MethodInvocationHelper.java:124)
	at org.testng.internal.Invoker.invokeMethod(Invoker.java:580)
	at org.testng.internal.Invoker.invokeTestMethod(Invoker.java:716)
	at org.testng.internal.Invoker.invokeTestMethods(Invoker.java:988)
	at org.testng.internal.TestMethodWorker.invokeTestMethods(TestMethodWorker.java:125)
	at org.testng.internal.TestMethodWorker.run(TestMethodWorker.java:109)
	at org.testng.TestRunner.privateRun(TestRunner.java:648)
	at org.testng.TestRunner.run(TestRunner.java:505)
	at org.testng.SuiteRunner.runTest(SuiteRunner.java:455)
	at org.testng.SuiteRunner.runSequentially(SuiteRunner.java:450)
	at org.testng.SuiteRunner.privateRun(SuiteRunner.java:415)
	at org.testng.SuiteRunner.run(SuiteRunner.java:364)
	at org.testng.SuiteRunnerWorker.runSuite(SuiteRunnerWorker.java:52)
	at org.testng.SuiteRunnerWorker.run(SuiteRunnerWorker.java:84)
	at org.testng.TestNG.runSuitesSequentially(TestNG.java:1208)
	at org.testng.TestNG.runSuitesLocally(TestNG.java:1137)
	at org.testng.TestNG.runSuites(TestNG.java:1049)
	at org.testng.TestNG.run(TestNG.java:1017)
	at org.testng.remote.AbstractRemoteTestNG.run(AbstractRemoteTestNG.java:114)
	at org.testng.remote.RemoteTestNG.initAndRun(RemoteTestNG.java:251)
	at org.testng.remote.RemoteTestNG.main(RemoteTestNG.java:77)
</pre></div></td>
<td>0</td>
<td>com.unityworks.testcases.AffinitiveTest@3d5c822d</td></tr>
<tr>
<td title='com.unityworks.testcases.AffinitiveTest.verifyPageViewandReportTitle()'><b>verifyPageViewandReportTitle</b><br>Test class: com.unityworks.testcases.AffinitiveTest<br>Parameters: 03/01/2018, 03/10/2018, Fiat Chrysler Automobiles, Pacifica Tier 2.5, //span[text()='Pacifica Tier 2.5'], //tbody/tr[last()]/td[2]/b, Pacifica Tier 2.5, 1, No</td>
<td><div><pre>org.testng.SkipException: Skipping this exception
	at com.unityworks.testcases.AffinitiveTest.verifyPageViewandReportTitle(AffinitiveTest.java:155)
... Removed 24 stack frames</pre></div><a href='#' onClick='toggleBox("stack-trace1056862342", this, "Click to show all stack frames", "Click to hide stack frames")'>Click to show all stack frames</a>
<div class='stack-trace' id='stack-trace1056862342'><pre>org.testng.SkipException: Skipping this exception
	at com.unityworks.testcases.AffinitiveTest.verifyPageViewandReportTitle(AffinitiveTest.java:155)
	at sun.reflect.GeneratedMethodAccessor2.invoke(Unknown Source)
	at sun.reflect.DelegatingMethodAccessorImpl.invoke(Unknown Source)
	at java.lang.reflect.Method.invoke(Unknown Source)
	at org.testng.internal.MethodInvocationHelper.invokeMethod(MethodInvocationHelper.java:124)
	at org.testng.internal.Invoker.invokeMethod(Invoker.java:580)
	at org.testng.internal.Invoker.invokeTestMethod(Invoker.java:716)
	at org.testng.internal.Invoker.invokeTestMethods(Invoker.java:988)
	at org.testng.internal.TestMethodWorker.invokeTestMethods(TestMethodWorker.java:125)
	at org.testng.internal.TestMethodWorker.run(TestMethodWorker.java:109)
	at org.testng.TestRunner.privateRun(TestRunner.java:648)
	at org.testng.TestRunner.run(TestRunner.java:505)
	at org.testng.SuiteRunner.runTest(SuiteRunner.java:455)
	at org.testng.SuiteRunner.runSequentially(SuiteRunner.java:450)
	at org.testng.SuiteRunner.privateRun(SuiteRunner.java:415)
	at org.testng.SuiteRunner.run(SuiteRunner.java:364)
	at org.testng.SuiteRunnerWorker.runSuite(SuiteRunnerWorker.java:52)
	at org.testng.SuiteRunnerWorker.run(SuiteRunnerWorker.java:84)
	at org.testng.TestNG.runSuitesSequentially(TestNG.java:1208)
	at org.testng.TestNG.runSuitesLocally(TestNG.java:1137)
	at org.testng.TestNG.runSuites(TestNG.java:1049)
	at org.testng.TestNG.run(TestNG.java:1017)
	at org.testng.remote.AbstractRemoteTestNG.run(AbstractRemoteTestNG.java:114)
	at org.testng.remote.RemoteTestNG.initAndRun(RemoteTestNG.java:251)
	at org.testng.remote.RemoteTestNG.main(RemoteTestNG.java:77)
</pre></div></td>
<td>0</td>
<td>com.unityworks.testcases.AffinitiveTest@3d5c822d</td></tr>
<tr>
<td title='com.unityworks.testcases.AffinitiveTest.verifyPageViewandReportTitle()'><b>verifyPageViewandReportTitle</b><br>Test class: com.unityworks.testcases.AffinitiveTest<br>Parameters: 03/01/2018, 03/10/2018, Fiat Chrysler Automobiles, SEBC Compass, //span[text()='SEBC Compass'], //tbody/tr[last()]/td[2]/b, SEBC Compass, , No</td>
<td><div><pre>org.testng.SkipException: Skipping this exception
	at com.unityworks.testcases.AffinitiveTest.verifyPageViewandReportTitle(AffinitiveTest.java:155)
... Removed 24 stack frames</pre></div><a href='#' onClick='toggleBox("stack-trace1947941827", this, "Click to show all stack frames", "Click to hide stack frames")'>Click to show all stack frames</a>
<div class='stack-trace' id='stack-trace1947941827'><pre>org.testng.SkipException: Skipping this exception
	at com.unityworks.testcases.AffinitiveTest.verifyPageViewandReportTitle(AffinitiveTest.java:155)
	at sun.reflect.GeneratedMethodAccessor2.invoke(Unknown Source)
	at sun.reflect.DelegatingMethodAccessorImpl.invoke(Unknown Source)
	at java.lang.reflect.Method.invoke(Unknown Source)
	at org.testng.internal.MethodInvocationHelper.invokeMethod(MethodInvocationHelper.java:124)
	at org.testng.internal.Invoker.invokeMethod(Invoker.java:580)
	at org.testng.internal.Invoker.invokeTestMethod(Invoker.java:716)
	at org.testng.internal.Invoker.invokeTestMethods(Invoker.java:988)
	at org.testng.internal.TestMethodWorker.invokeTestMethods(TestMethodWorker.java:125)
	at org.testng.internal.TestMethodWorker.run(TestMethodWorker.java:109)
	at org.testng.TestRunner.privateRun(TestRunner.java:648)
	at org.testng.TestRunner.run(TestRunner.java:505)
	at org.testng.SuiteRunner.runTest(SuiteRunner.java:455)
	at org.testng.SuiteRunner.runSequentially(SuiteRunner.java:450)
	at org.testng.SuiteRunner.privateRun(SuiteRunner.java:415)
	at org.testng.SuiteRunner.run(SuiteRunner.java:364)
	at org.testng.SuiteRunnerWorker.runSuite(SuiteRunnerWorker.java:52)
	at org.testng.SuiteRunnerWorker.run(SuiteRunnerWorker.java:84)
	at org.testng.TestNG.runSuitesSequentially(TestNG.java:1208)
	at org.testng.TestNG.runSuitesLocally(TestNG.java:1137)
	at org.testng.TestNG.runSuites(TestNG.java:1049)
	at org.testng.TestNG.run(TestNG.java:1017)
	at org.testng.remote.AbstractRemoteTestNG.run(AbstractRemoteTestNG.java:114)
	at org.testng.remote.RemoteTestNG.initAndRun(RemoteTestNG.java:251)
	at org.testng.remote.RemoteTestNG.main(RemoteTestNG.java:77)
</pre></div></td>
<td>0</td>
<td>com.unityworks.testcases.AffinitiveTest@3d5c822d</td></tr>
<tr>
<td title='com.unityworks.testcases.AffinitiveTest.verifyPageViewandReportTitle()'><b>verifyPageViewandReportTitle</b><br>Test class: com.unityworks.testcases.AffinitiveTest<br>Parameters: 03/01/2018, 03/10/2018, Fiat Chrysler Automobiles, SEBC DODGE, //span[text()='SEBC DODGE'], //tbody/tr[last()]/td[2]/b, SEBC DODGE, 1837, No</td>
<td><div><pre>org.testng.SkipException: Skipping this exception
	at com.unityworks.testcases.AffinitiveTest.verifyPageViewandReportTitle(AffinitiveTest.java:155)
... Removed 24 stack frames</pre></div><a href='#' onClick='toggleBox("stack-trace1667534569", this, "Click to show all stack frames", "Click to hide stack frames")'>Click to show all stack frames</a>
<div class='stack-trace' id='stack-trace1667534569'><pre>org.testng.SkipException: Skipping this exception
	at com.unityworks.testcases.AffinitiveTest.verifyPageViewandReportTitle(AffinitiveTest.java:155)
	at sun.reflect.GeneratedMethodAccessor2.invoke(Unknown Source)
	at sun.reflect.DelegatingMethodAccessorImpl.invoke(Unknown Source)
	at java.lang.reflect.Method.invoke(Unknown Source)
	at org.testng.internal.MethodInvocationHelper.invokeMethod(MethodInvocationHelper.java:124)
	at org.testng.internal.Invoker.invokeMethod(Invoker.java:580)
	at org.testng.internal.Invoker.invokeTestMethod(Invoker.java:716)
	at org.testng.internal.Invoker.invokeTestMethods(Invoker.java:988)
	at org.testng.internal.TestMethodWorker.invokeTestMethods(TestMethodWorker.java:125)
	at org.testng.internal.TestMethodWorker.run(TestMethodWorker.java:109)
	at org.testng.TestRunner.privateRun(TestRunner.java:648)
	at org.testng.TestRunner.run(TestRunner.java:505)
	at org.testng.SuiteRunner.runTest(SuiteRunner.java:455)
	at org.testng.SuiteRunner.runSequentially(SuiteRunner.java:450)
	at org.testng.SuiteRunner.privateRun(SuiteRunner.java:415)
	at org.testng.SuiteRunner.run(SuiteRunner.java:364)
	at org.testng.SuiteRunnerWorker.runSuite(SuiteRunnerWorker.java:52)
	at org.testng.SuiteRunnerWorker.run(SuiteRunnerWorker.java:84)
	at org.testng.TestNG.runSuitesSequentially(TestNG.java:1208)
	at org.testng.TestNG.runSuitesLocally(TestNG.java:1137)
	at org.testng.TestNG.runSuites(TestNG.java:1049)
	at org.testng.TestNG.run(TestNG.java:1017)
	at org.testng.remote.AbstractRemoteTestNG.run(AbstractRemoteTestNG.java:114)
	at org.testng.remote.RemoteTestNG.initAndRun(RemoteTestNG.java:251)
	at org.testng.remote.RemoteTestNG.main(RemoteTestNG.java:77)
</pre></div></td>
<td>0</td>
<td>com.unityworks.testcases.AffinitiveTest@3d5c822d</td></tr>
<tr>
<td title='com.unityworks.testcases.AffinitiveTest.verifyPageViewandReportTitle()'><b>verifyPageViewandReportTitle</b><br>Test class: com.unityworks.testcases.AffinitiveTest<br>Parameters: 03/01/2018, 03/10/2018, Fiat Chrysler Automobiles, SEBC T2.5 Alfa Romeo, //span[text()='SEBC T2.5 Alfa Romeo'], //tbody/tr[last()]/td[2]/b, SEBC T2.5 Alfa Romeo, 1, No</td>
<td><div><pre>org.testng.SkipException: Skipping this exception
	at com.unityworks.testcases.AffinitiveTest.verifyPageViewandReportTitle(AffinitiveTest.java:155)
... Removed 24 stack frames</pre></div><a href='#' onClick='toggleBox("stack-trace1170111701", this, "Click to show all stack frames", "Click to hide stack frames")'>Click to show all stack frames</a>
<div class='stack-trace' id='stack-trace1170111701'><pre>org.testng.SkipException: Skipping this exception
	at com.unityworks.testcases.AffinitiveTest.verifyPageViewandReportTitle(AffinitiveTest.java:155)
	at sun.reflect.GeneratedMethodAccessor2.invoke(Unknown Source)
	at sun.reflect.DelegatingMethodAccessorImpl.invoke(Unknown Source)
	at java.lang.reflect.Method.invoke(Unknown Source)
	at org.testng.internal.MethodInvocationHelper.invokeMethod(MethodInvocationHelper.java:124)
	at org.testng.internal.Invoker.invokeMethod(Invoker.java:580)
	at org.testng.internal.Invoker.invokeTestMethod(Invoker.java:716)
	at org.testng.internal.Invoker.invokeTestMethods(Invoker.java:988)
	at org.testng.internal.TestMethodWorker.invokeTestMethods(TestMethodWorker.java:125)
	at org.testng.internal.TestMethodWorker.run(TestMethodWorker.java:109)
	at org.testng.TestRunner.privateRun(TestRunner.java:648)
	at org.testng.TestRunner.run(TestRunner.java:505)
	at org.testng.SuiteRunner.runTest(SuiteRunner.java:455)
	at org.testng.SuiteRunner.runSequentially(SuiteRunner.java:450)
	at org.testng.SuiteRunner.privateRun(SuiteRunner.java:415)
	at org.testng.SuiteRunner.run(SuiteRunner.java:364)
	at org.testng.SuiteRunnerWorker.runSuite(SuiteRunnerWorker.java:52)
	at org.testng.SuiteRunnerWorker.run(SuiteRunnerWorker.java:84)
	at org.testng.TestNG.runSuitesSequentially(TestNG.java:1208)
	at org.testng.TestNG.runSuitesLocally(TestNG.java:1137)
	at org.testng.TestNG.runSuites(TestNG.java:1049)
	at org.testng.TestNG.run(TestNG.java:1017)
	at org.testng.remote.AbstractRemoteTestNG.run(AbstractRemoteTestNG.java:114)
	at org.testng.remote.RemoteTestNG.initAndRun(RemoteTestNG.java:251)
	at org.testng.remote.RemoteTestNG.main(RemoteTestNG.java:77)
</pre></div></td>
<td>0</td>
<td>com.unityworks.testcases.AffinitiveTest@3d5c822d</td></tr>
<tr>
<td title='com.unityworks.testcases.AffinitiveTest.verifyPageViewandReportTitle()'><b>verifyPageViewandReportTitle</b><br>Test class: com.unityworks.testcases.AffinitiveTest<br>Parameters: 03/01/2018, 03/10/2018, Fiat Chrysler Automobiles, WBC T2.5 Commercial, //span[text()='WBC T2.5 Commercial'], //tbody/tr[last()]/td[2]/b, WBC T2.5 Commercial, , No</td>
<td><div><pre>org.testng.SkipException: Skipping this exception
	at com.unityworks.testcases.AffinitiveTest.verifyPageViewandReportTitle(AffinitiveTest.java:155)
... Removed 24 stack frames</pre></div><a href='#' onClick='toggleBox("stack-trace830863979", this, "Click to show all stack frames", "Click to hide stack frames")'>Click to show all stack frames</a>
<div class='stack-trace' id='stack-trace830863979'><pre>org.testng.SkipException: Skipping this exception
	at com.unityworks.testcases.AffinitiveTest.verifyPageViewandReportTitle(AffinitiveTest.java:155)
	at sun.reflect.GeneratedMethodAccessor2.invoke(Unknown Source)
	at sun.reflect.DelegatingMethodAccessorImpl.invoke(Unknown Source)
	at java.lang.reflect.Method.invoke(Unknown Source)
	at org.testng.internal.MethodInvocationHelper.invokeMethod(MethodInvocationHelper.java:124)
	at org.testng.internal.Invoker.invokeMethod(Invoker.java:580)
	at org.testng.internal.Invoker.invokeTestMethod(Invoker.java:716)
	at org.testng.internal.Invoker.invokeTestMethods(Invoker.java:988)
	at org.testng.internal.TestMethodWorker.invokeTestMethods(TestMethodWorker.java:125)
	at org.testng.internal.TestMethodWorker.run(TestMethodWorker.java:109)
	at org.testng.TestRunner.privateRun(TestRunner.java:648)
	at org.testng.TestRunner.run(TestRunner.java:505)
	at org.testng.SuiteRunner.runTest(SuiteRunner.java:455)
	at org.testng.SuiteRunner.runSequentially(SuiteRunner.java:450)
	at org.testng.SuiteRunner.privateRun(SuiteRunner.java:415)
	at org.testng.SuiteRunner.run(SuiteRunner.java:364)
	at org.testng.SuiteRunnerWorker.runSuite(SuiteRunnerWorker.java:52)
	at org.testng.SuiteRunnerWorker.run(SuiteRunnerWorker.java:84)
	at org.testng.TestNG.runSuitesSequentially(TestNG.java:1208)
	at org.testng.TestNG.runSuitesLocally(TestNG.java:1137)
	at org.testng.TestNG.runSuites(TestNG.java:1049)
	at org.testng.TestNG.run(TestNG.java:1017)
	at org.testng.remote.AbstractRemoteTestNG.run(AbstractRemoteTestNG.java:114)
	at org.testng.remote.RemoteTestNG.initAndRun(RemoteTestNG.java:251)
	at org.testng.remote.RemoteTestNG.main(RemoteTestNG.java:77)
</pre></div></td>
<td>0</td>
<td>com.unityworks.testcases.AffinitiveTest@3d5c822d</td></tr>
<tr>
<td title='com.unityworks.testcases.AffinitiveTest.verifyPageViewandReportTitle()'><b>verifyPageViewandReportTitle</b><br>Test class: com.unityworks.testcases.AffinitiveTest<br>Parameters: 03/01/2018, 03/10/2018, LifeTouch, LifeTouch, //span[text()='Life Touch Report'], //tbody/tr[last()]/td[3]/b, Life Touch Report, , No</td>
<td><div><pre>org.testng.SkipException: Skipping this exception
	at com.unityworks.testcases.AffinitiveTest.verifyPageViewandReportTitle(AffinitiveTest.java:155)
... Removed 24 stack frames</pre></div><a href='#' onClick='toggleBox("stack-trace1532554556", this, "Click to show all stack frames", "Click to hide stack frames")'>Click to show all stack frames</a>
<div class='stack-trace' id='stack-trace1532554556'><pre>org.testng.SkipException: Skipping this exception
	at com.unityworks.testcases.AffinitiveTest.verifyPageViewandReportTitle(AffinitiveTest.java:155)
	at sun.reflect.GeneratedMethodAccessor2.invoke(Unknown Source)
	at sun.reflect.DelegatingMethodAccessorImpl.invoke(Unknown Source)
	at java.lang.reflect.Method.invoke(Unknown Source)
	at org.testng.internal.MethodInvocationHelper.invokeMethod(MethodInvocationHelper.java:124)
	at org.testng.internal.Invoker.invokeMethod(Invoker.java:580)
	at org.testng.internal.Invoker.invokeTestMethod(Invoker.java:716)
	at org.testng.internal.Invoker.invokeTestMethods(Invoker.java:988)
	at org.testng.internal.TestMethodWorker.invokeTestMethods(TestMethodWorker.java:125)
	at org.testng.internal.TestMethodWorker.run(TestMethodWorker.java:109)
	at org.testng.TestRunner.privateRun(TestRunner.java:648)
	at org.testng.TestRunner.run(TestRunner.java:505)
	at org.testng.SuiteRunner.runTest(SuiteRunner.java:455)
	at org.testng.SuiteRunner.runSequentially(SuiteRunner.java:450)
	at org.testng.SuiteRunner.privateRun(SuiteRunner.java:415)
	at org.testng.SuiteRunner.run(SuiteRunner.java:364)
	at org.testng.SuiteRunnerWorker.runSuite(SuiteRunnerWorker.java:52)
	at org.testng.SuiteRunnerWorker.run(SuiteRunnerWorker.java:84)
	at org.testng.TestNG.runSuitesSequentially(TestNG.java:1208)
	at org.testng.TestNG.runSuitesLocally(TestNG.java:1137)
	at org.testng.TestNG.runSuites(TestNG.java:1049)
	at org.testng.TestNG.run(TestNG.java:1017)
	at org.testng.remote.AbstractRemoteTestNG.run(AbstractRemoteTestNG.java:114)
	at org.testng.remote.RemoteTestNG.initAndRun(RemoteTestNG.java:251)
	at org.testng.remote.RemoteTestNG.main(RemoteTestNG.java:77)
</pre></div></td>
<td>0</td>
<td>com.unityworks.testcases.AffinitiveTest@3d5c822d</td></tr>
<tr>
<td title='com.unityworks.testcases.AffinitiveTest.verifyPageViewandReportTitle()'><b>verifyPageViewandReportTitle</b><br>Test class: com.unityworks.testcases.AffinitiveTest<br>Parameters: 03/01/2018, 03/10/2018, MVP - New Schema, MVP, //span[text()='MVP Reports'], //tbody/tr[last()]/td[5]/b, MVP Reports, 10354, No</td>
<td><div><pre>org.testng.SkipException: Skipping this exception
	at com.unityworks.testcases.AffinitiveTest.verifyPageViewandReportTitle(AffinitiveTest.java:155)
... Removed 24 stack frames</pre></div><a href='#' onClick='toggleBox("stack-trace976358110", this, "Click to show all stack frames", "Click to hide stack frames")'>Click to show all stack frames</a>
<div class='stack-trace' id='stack-trace976358110'><pre>org.testng.SkipException: Skipping this exception
	at com.unityworks.testcases.AffinitiveTest.verifyPageViewandReportTitle(AffinitiveTest.java:155)
	at sun.reflect.GeneratedMethodAccessor2.invoke(Unknown Source)
	at sun.reflect.DelegatingMethodAccessorImpl.invoke(Unknown Source)
	at java.lang.reflect.Method.invoke(Unknown Source)
	at org.testng.internal.MethodInvocationHelper.invokeMethod(MethodInvocationHelper.java:124)
	at org.testng.internal.Invoker.invokeMethod(Invoker.java:580)
	at org.testng.internal.Invoker.invokeTestMethod(Invoker.java:716)
	at org.testng.internal.Invoker.invokeTestMethods(Invoker.java:988)
	at org.testng.internal.TestMethodWorker.invokeTestMethods(TestMethodWorker.java:125)
	at org.testng.internal.TestMethodWorker.run(TestMethodWorker.java:109)
	at org.testng.TestRunner.privateRun(TestRunner.java:648)
	at org.testng.TestRunner.run(TestRunner.java:505)
	at org.testng.SuiteRunner.runTest(SuiteRunner.java:455)
	at org.testng.SuiteRunner.runSequentially(SuiteRunner.java:450)
	at org.testng.SuiteRunner.privateRun(SuiteRunner.java:415)
	at org.testng.SuiteRunner.run(SuiteRunner.java:364)
	at org.testng.SuiteRunnerWorker.runSuite(SuiteRunnerWorker.java:52)
	at org.testng.SuiteRunnerWorker.run(SuiteRunnerWorker.java:84)
	at org.testng.TestNG.runSuitesSequentially(TestNG.java:1208)
	at org.testng.TestNG.runSuitesLocally(TestNG.java:1137)
	at org.testng.TestNG.runSuites(TestNG.java:1049)
	at org.testng.TestNG.run(TestNG.java:1017)
	at org.testng.remote.AbstractRemoteTestNG.run(AbstractRemoteTestNG.java:114)
	at org.testng.remote.RemoteTestNG.initAndRun(RemoteTestNG.java:251)
	at org.testng.remote.RemoteTestNG.main(RemoteTestNG.java:77)
</pre></div></td>
<td>0</td>
<td>com.unityworks.testcases.AffinitiveTest@3d5c822d</td></tr>
<tr>
<td title='com.unityworks.testcases.AffinitiveTest.verifyPageViewandReportTitle()'><b>verifyPageViewandReportTitle</b><br>Test class: com.unityworks.testcases.AffinitiveTest<br>Parameters: 03/01/2018, 03/10/2018, National Karate, National Karate, //span[text()='National Karate Report'], //tbody/tr[last()]/td[3]/b, National Karate Report, 133, No</td>
<td><div><pre>org.testng.SkipException: Skipping this exception
	at com.unityworks.testcases.AffinitiveTest.verifyPageViewandReportTitle(AffinitiveTest.java:155)
... Removed 24 stack frames</pre></div><a href='#' onClick='toggleBox("stack-trace2014563089", this, "Click to show all stack frames", "Click to hide stack frames")'>Click to show all stack frames</a>
<div class='stack-trace' id='stack-trace2014563089'><pre>org.testng.SkipException: Skipping this exception
	at com.unityworks.testcases.AffinitiveTest.verifyPageViewandReportTitle(AffinitiveTest.java:155)
	at sun.reflect.GeneratedMethodAccessor2.invoke(Unknown Source)
	at sun.reflect.DelegatingMethodAccessorImpl.invoke(Unknown Source)
	at java.lang.reflect.Method.invoke(Unknown Source)
	at org.testng.internal.MethodInvocationHelper.invokeMethod(MethodInvocationHelper.java:124)
	at org.testng.internal.Invoker.invokeMethod(Invoker.java:580)
	at org.testng.internal.Invoker.invokeTestMethod(Invoker.java:716)
	at org.testng.internal.Invoker.invokeTestMethods(Invoker.java:988)
	at org.testng.internal.TestMethodWorker.invokeTestMethods(TestMethodWorker.java:125)
	at org.testng.internal.TestMethodWorker.run(TestMethodWorker.java:109)
	at org.testng.TestRunner.privateRun(TestRunner.java:648)
	at org.testng.TestRunner.run(TestRunner.java:505)
	at org.testng.SuiteRunner.runTest(SuiteRunner.java:455)
	at org.testng.SuiteRunner.runSequentially(SuiteRunner.java:450)
	at org.testng.SuiteRunner.privateRun(SuiteRunner.java:415)
	at org.testng.SuiteRunner.run(SuiteRunner.java:364)
	at org.testng.SuiteRunnerWorker.runSuite(SuiteRunnerWorker.java:52)
	at org.testng.SuiteRunnerWorker.run(SuiteRunnerWorker.java:84)
	at org.testng.TestNG.runSuitesSequentially(TestNG.java:1208)
	at org.testng.TestNG.runSuitesLocally(TestNG.java:1137)
	at org.testng.TestNG.runSuites(TestNG.java:1049)
	at org.testng.TestNG.run(TestNG.java:1017)
	at org.testng.remote.AbstractRemoteTestNG.run(AbstractRemoteTestNG.java:114)
	at org.testng.remote.RemoteTestNG.initAndRun(RemoteTestNG.java:251)
	at org.testng.remote.RemoteTestNG.main(RemoteTestNG.java:77)
</pre></div></td>
<td>0</td>
<td>com.unityworks.testcases.AffinitiveTest@3d5c822d</td></tr>
<tr>
<td title='com.unityworks.testcases.AffinitiveTest.verifyPageViewandReportTitle()'><b>verifyPageViewandReportTitle</b><br>Test class: com.unityworks.testcases.AffinitiveTest<br>Parameters: 03/01/2018, 03/10/2018, Strategic Marketing, Strategic Marketing, //span[text()='Strategic Marketing Report'], //tbody/tr[last()]/td[3]/b, Strategic Marketing Report, 89, No</td>
<td><div><pre>org.testng.SkipException: Skipping this exception
	at com.unityworks.testcases.AffinitiveTest.verifyPageViewandReportTitle(AffinitiveTest.java:155)
... Removed 24 stack frames</pre></div><a href='#' onClick='toggleBox("stack-trace553672556", this, "Click to show all stack frames", "Click to hide stack frames")'>Click to show all stack frames</a>
<div class='stack-trace' id='stack-trace553672556'><pre>org.testng.SkipException: Skipping this exception
	at com.unityworks.testcases.AffinitiveTest.verifyPageViewandReportTitle(AffinitiveTest.java:155)
	at sun.reflect.GeneratedMethodAccessor2.invoke(Unknown Source)
	at sun.reflect.DelegatingMethodAccessorImpl.invoke(Unknown Source)
	at java.lang.reflect.Method.invoke(Unknown Source)
	at org.testng.internal.MethodInvocationHelper.invokeMethod(MethodInvocationHelper.java:124)
	at org.testng.internal.Invoker.invokeMethod(Invoker.java:580)
	at org.testng.internal.Invoker.invokeTestMethod(Invoker.java:716)
	at org.testng.internal.Invoker.invokeTestMethods(Invoker.java:988)
	at org.testng.internal.TestMethodWorker.invokeTestMethods(TestMethodWorker.java:125)
	at org.testng.internal.TestMethodWorker.run(TestMethodWorker.java:109)
	at org.testng.TestRunner.privateRun(TestRunner.java:648)
	at org.testng.TestRunner.run(TestRunner.java:505)
	at org.testng.SuiteRunner.runTest(SuiteRunner.java:455)
	at org.testng.SuiteRunner.runSequentially(SuiteRunner.java:450)
	at org.testng.SuiteRunner.privateRun(SuiteRunner.java:415)
	at org.testng.SuiteRunner.run(SuiteRunner.java:364)
	at org.testng.SuiteRunnerWorker.runSuite(SuiteRunnerWorker.java:52)
	at org.testng.SuiteRunnerWorker.run(SuiteRunnerWorker.java:84)
	at org.testng.TestNG.runSuitesSequentially(TestNG.java:1208)
	at org.testng.TestNG.runSuitesLocally(TestNG.java:1137)
	at org.testng.TestNG.runSuites(TestNG.java:1049)
	at org.testng.TestNG.run(TestNG.java:1017)
	at org.testng.remote.AbstractRemoteTestNG.run(AbstractRemoteTestNG.java:114)
	at org.testng.remote.RemoteTestNG.initAndRun(RemoteTestNG.java:251)
	at org.testng.remote.RemoteTestNG.main(RemoteTestNG.java:77)
</pre></div></td>
<td>0</td>
<td>com.unityworks.testcases.AffinitiveTest@3d5c822d</td></tr>
</table><p>
</body>
</html>