<!DOCTYPE html PUBLIC "-//W3C//DTD XHTML 1.1//EN" "http://www.w3.org/TR/xhtml11/DTD/xhtml11.dtd">
<html xmlns="http://www.w3.org/1999/xhtml">
<head>
<meta http-equiv="content-type" content="text/html; charset=UTF-8"/>
<title>TestNG Report</title>
<style type="text/css">table {margin-bottom:10px;border-collapse:collapse;empty-cells:show}th,td {border:1px solid #009;padding:.25em .5em}th {vertical-align:bottom}td {vertical-align:top}table a {font-weight:bold}.stripe td {background-color: #E6EBF9}.num {text-align:right}.passedodd td {background-color: #3F3}.passedeven td {background-color: #0A0}.skippedodd td {background-color: #DDD}.skippedeven td {background-color: #CCC}.failedodd td,.attn {background-color: #F33}.failedeven td,.stripe .attn {background-color: #D00}.stacktrace {white-space:pre;font-family:monospace}.totop {font-size:85%;text-align:center;border-bottom:2px solid #000}.invisible {display:none}</style>
</head>
<body>
<table>
<tr><th>Test</th><th># Passed</th><th># Skipped</th><th># Failed</th><th>Time (ms)</th><th>Included Groups</th><th>Excluded Groups</th></tr>
<tr><th colspan="7">UnityworksReportTest</th></tr>
<tr><td><a href="#t0">Unityworks</a></td><td class="num">1</td><td class="num attn">61</td><td class="num">0</td><td class="num">33,756</td><td></td><td></td></tr>
</table>
<table id='summary'><thead><tr><th>Class</th><th>Method</th><th>Start</th><th>Time (ms)</th></tr></thead><tbody><tr><th colspan="4">UnityworksReportTest</th></tr></tbody><tbody id="t0"><tr><th colspan="4">Unityworks &#8212; skipped</th></tr><tr class="skippedeven"><td rowspan="61">com.unityworks.testcases.AffinitiveTest</td><td><a href="#m0">doubleclickreportTest</a></td><td rowspan="2">1530165626670</td><td rowspan="2">2</td></tr><tr class="skippedeven"><td><a href="#m1">doubleclickreportTest</a></td></tr><tr class="skippedeven"><td><a href="#m2">verifyPageViewandReportTitle</a></td><td rowspan="59">1530165660108</td><td rowspan="59">0</td></tr><tr class="skippedeven"><td><a href="#m3">verifyPageViewandReportTitle</a></td></tr><tr class="skippedeven"><td><a href="#m4">verifyPageViewandReportTitle</a></td></tr><tr class="skippedeven"><td><a href="#m5">verifyPageViewandReportTitle</a></td></tr><tr class="skippedeven"><td><a href="#m6">verifyPageViewandReportTitle</a></td></tr><tr class="skippedeven"><td><a href="#m7">verifyPageViewandReportTitle</a></td></tr><tr class="skippedeven"><td><a href="#m8">verifyPageViewandReportTitle</a></td></tr><tr class="skippedeven"><td><a href="#m9">verifyPageViewandReportTitle</a></td></tr><tr class="skippedeven"><td><a href="#m10">verifyPageViewandReportTitle</a></td></tr><tr class="skippedeven"><td><a href="#m11">verifyPageViewandReportTitle</a></td></tr><tr class="skippedeven"><td><a href="#m12">verifyPageViewandReportTitle</a></td></tr><tr class="skippedeven"><td><a href="#m13">verifyPageViewandReportTitle</a></td></tr><tr class="skippedeven"><td><a href="#m14">verifyPageViewandReportTitle</a></td></tr><tr class="skippedeven"><td><a href="#m15">verifyPageViewandReportTitle</a></td></tr><tr class="skippedeven"><td><a href="#m16">verifyPageViewandReportTitle</a></td></tr><tr class="skippedeven"><td><a href="#m17">verifyPageViewandReportTitle</a></td></tr><tr class="skippedeven"><td><a href="#m18">verifyPageViewandReportTitle</a></td></tr><tr class="skippedeven"><td><a href="#m19">verifyPageViewandReportTitle</a></td></tr><tr class="skippedeven"><td><a href="#m20">verifyPageViewandReportTitle</a></td></tr><tr class="skippedeven"><td><a href="#m21">verifyPageViewandReportTitle</a></td></tr><tr class="skippedeven"><td><a href="#m22">verifyPageViewandReportTitle</a></td></tr><tr class="skippedeven"><td><a href="#m23">verifyPageViewandReportTitle</a></td></tr><tr class="skippedeven"><td><a href="#m24">verifyPageViewandReportTitle</a></td></tr><tr class="skippedeven"><td><a href="#m25">verifyPageViewandReportTitle</a></td></tr><tr class="skippedeven"><td><a href="#m26">verifyPageViewandReportTitle</a></td></tr><tr class="skippedeven"><td><a href="#m27">verifyPageViewandReportTitle</a></td></tr><tr class="skippedeven"><td><a href="#m28">verifyPageViewandReportTitle</a></td></tr><tr class="skippedeven"><td><a href="#m29">verifyPageViewandReportTitle</a></td></tr><tr class="skippedeven"><td><a href="#m30">verifyPageViewandReportTitle</a></td></tr><tr class="skippedeven"><td><a href="#m31">verifyPageViewandReportTitle</a></td></tr><tr class="skippedeven"><td><a href="#m32">verifyPageViewandReportTitle</a></td></tr><tr class="skippedeven"><td><a href="#m33">verifyPageViewandReportTitle</a></td></tr><tr class="skippedeven"><td><a href="#m34">verifyPageViewandReportTitle</a></td></tr><tr class="skippedeven"><td><a href="#m35">verifyPageViewandReportTitle</a></td></tr><tr class="skippedeven"><td><a href="#m36">verifyPageViewandReportTitle</a></td></tr><tr class="skippedeven"><td><a href="#m37">verifyPageViewandReportTitle</a></td></tr><tr class="skippedeven"><td><a href="#m38">verifyPageViewandReportTitle</a></td></tr><tr class="skippedeven"><td><a href="#m39">verifyPageViewandReportTitle</a></td></tr><tr class="skippedeven"><td><a href="#m40">verifyPageViewandReportTitle</a></td></tr><tr class="skippedeven"><td><a href="#m41">verifyPageViewandReportTitle</a></td></tr><tr class="skippedeven"><td><a href="#m42">verifyPageViewandReportTitle</a></td></tr><tr class="skippedeven"><td><a href="#m43">verifyPageViewandReportTitle</a></td></tr><tr class="skippedeven"><td><a href="#m44">verifyPageViewandReportTitle</a></td></tr><tr class="skippedeven"><td><a href="#m45">verifyPageViewandReportTitle</a></td></tr><tr class="skippedeven"><td><a href="#m46">verifyPageViewandReportTitle</a></td></tr><tr class="skippedeven"><td><a href="#m47">verifyPageViewandReportTitle</a></td></tr><tr class="skippedeven"><td><a href="#m48">verifyPageViewandReportTitle</a></td></tr><tr class="skippedeven"><td><a href="#m49">verifyPageViewandReportTitle</a></td></tr><tr class="skippedeven"><td><a href="#m50">verifyPageViewandReportTitle</a></td></tr><tr class="skippedeven"><td><a href="#m51">verifyPageViewandReportTitle</a></td></tr><tr class="skippedeven"><td><a href="#m52">verifyPageViewandReportTitle</a></td></tr><tr class="skippedeven"><td><a href="#m53">verifyPageViewandReportTitle</a></td></tr><tr class="skippedeven"><td><a href="#m54">verifyPageViewandReportTitle</a></td></tr><tr class="skippedeven"><td><a href="#m55">verifyPageViewandReportTitle</a></td></tr><tr class="skippedeven"><td><a href="#m56">verifyPageViewandReportTitle</a></td></tr><tr class="skippedeven"><td><a href="#m57">verifyPageViewandReportTitle</a></td></tr><tr class="skippedeven"><td><a href="#m58">verifyPageViewandReportTitle</a></td></tr><tr class="skippedeven"><td><a href="#m59">verifyPageViewandReportTitle</a></td></tr><tr class="skippedeven"><td><a href="#m60">verifyPageViewandReportTitle</a></td></tr><tr><th colspan="4">Unityworks &#8212; passed</th></tr><tr class="passedeven"><td rowspan="1">com.unityworks.testcases.AffinitiveTest</td><td><a href="#m61">verifyPageViewandReportTitle</a></td><td rowspan="1">1530165626685</td><td rowspan="1">33405</td></tr></tbody>
</table>
<h2>Unityworks</h2><h3 id="m0">com.unityworks.testcases.AffinitiveTest#doubleclickreportTest</h3><table class="result"><tr class="param"><th>Parameter #1</th><th>Parameter #2</th><th>Parameter #3</th><th>Parameter #4</th><th>Parameter #5</th><th>Parameter #6</th><th>Parameter #7</th><th>Parameter #8</th><th>Parameter #9</th><th>Parameter #10</th><th>Parameter #11</th><th>Parameter #12</th><th>Parameter #13</th><th>Parameter #14</th><th>Parameter #15</th><th>Parameter #16</th><th>Parameter #17</th><th>Parameter #18</th><th>Parameter #19</th></tr><tr class="param stripe"><td>12/01/2017</td><td>03/01/2018</td><td>DoubleClick Reports</td><td>FCA Canada DoubleClick</td><td>Custom Select</td><td>Canda</td><td>Cherokee</td><td>Canda-RamCherokee</td><td>No</td><td>No</td><td>No</td><td>Yes</td><td>Report</td><td>//span[text()=&apos;FCA Canada DoubleClick Report&apos;]</td><td>//*[@id=&quot;weekly_report_data_table&quot;]/tfoot/tr/td[7]</td><td>FCA Canada DoubleClick Report</td><td>9,109,738</td><td>No</td><td>Test1</td></tr><tr><th colspan="19">Exception</th></tr><tr><td colspan="19"><div class="stacktrace">org.testng.SkipException: Skipping this exception
	at com.unityworks.testcases.AffinitiveTest.doubleclickreportTest(AffinitiveTest.java:209)
... Removed 28 stack frames</div></td></tr></table><p class="totop"><a href="#summary">back to summary</a></p>
<h3 id="m1">com.unityworks.testcases.AffinitiveTest#doubleclickreportTest</h3><table class="result"><tr class="param"><th>Parameter #1</th><th>Parameter #2</th><th>Parameter #3</th><th>Parameter #4</th><th>Parameter #5</th><th>Parameter #6</th><th>Parameter #7</th><th>Parameter #8</th><th>Parameter #9</th><th>Parameter #10</th><th>Parameter #11</th><th>Parameter #12</th><th>Parameter #13</th><th>Parameter #14</th><th>Parameter #15</th><th>Parameter #16</th><th>Parameter #17</th><th>Parameter #18</th><th>Parameter #19</th></tr><tr class="param stripe"><td>12/01/2017</td><td>03/01/2018</td><td>DoubleClick Reports</td><td>FCA Canada DoubleClick</td><td>Custom Select</td><td>Canda</td><td>Cherokee</td><td>Canda-RamCherokee</td><td>No</td><td>No</td><td>No</td><td>No</td><td>Management Fees</td><td>//span[text()=&apos;Management Fee Table&apos;]</td><td> //*[@id=&quot;mgt_fees_data_table&quot;]/tbody/tr[last()]/td</td><td>Management Fee Table</td><td></td><td>No</td><td>Test2</td></tr><tr><th colspan="19">Exception</th></tr><tr><td colspan="19"><div class="stacktrace">org.testng.SkipException: Skipping this exception
	at com.unityworks.testcases.AffinitiveTest.doubleclickreportTest(AffinitiveTest.java:209)
... Removed 28 stack frames</div></td></tr></table><p class="totop"><a href="#summary">back to summary</a></p>
<h3 id="m2">com.unityworks.testcases.AffinitiveTest#verifyPageViewandReportTitle</h3><table class="result"><tr class="param"><th>Parameter #1</th><th>Parameter #2</th><th>Parameter #3</th><th>Parameter #4</th><th>Parameter #5</th><th>Parameter #6</th><th>Parameter #7</th><th>Parameter #8</th><th>Parameter #9</th></tr><tr class="param stripe"><td>03/01/2018</td><td>03/10/2018</td><td>Fiat Chrysler Automobiles</td><td>SEBC Compass</td><td>//span[text()=&apos;SEBC Compass&apos;]</td><td>//tbody/tr[last()]/td[2]/b</td><td>SEBC Compass</td><td></td><td>No</td></tr><tr><th colspan="9">Exception</th></tr><tr><td colspan="9"><div class="stacktrace">org.testng.SkipException: Skipping this exception
	at com.unityworks.testcases.AffinitiveTest.verifyPageViewandReportTitle(AffinitiveTest.java:155)
... Removed 27 stack frames</div></td></tr></table><p class="totop"><a href="#summary">back to summary</a></p>
<h3 id="m3">com.unityworks.testcases.AffinitiveTest#verifyPageViewandReportTitle</h3><table class="result"><tr class="param"><th>Parameter #1</th><th>Parameter #2</th><th>Parameter #3</th><th>Parameter #4</th><th>Parameter #5</th><th>Parameter #6</th><th>Parameter #7</th><th>Parameter #8</th><th>Parameter #9</th></tr><tr class="param stripe"><td>03/01/2018</td><td>03/10/2018</td><td>Epsilon</td><td>Mazda Airbag</td><td>//span[text()=&apos;Mazda Airbag&apos;]</td><td>//tbody/tr[last()]/td[5]/b</td><td>Mazda Airbag</td><td>2</td><td>No</td></tr><tr><th colspan="9">Exception</th></tr><tr><td colspan="9"><div class="stacktrace">org.testng.SkipException: Skipping this exception
	at com.unityworks.testcases.AffinitiveTest.verifyPageViewandReportTitle(AffinitiveTest.java:155)
... Removed 27 stack frames</div></td></tr></table><p class="totop"><a href="#summary">back to summary</a></p>
<h3 id="m4">com.unityworks.testcases.AffinitiveTest#verifyPageViewandReportTitle</h3><table class="result"><tr class="param"><th>Parameter #1</th><th>Parameter #2</th><th>Parameter #3</th><th>Parameter #4</th><th>Parameter #5</th><th>Parameter #6</th><th>Parameter #7</th><th>Parameter #8</th><th>Parameter #9</th></tr><tr class="param stripe"><td>03/01/2018</td><td>03/10/2018</td><td>Epsilon</td><td>OnTarget</td><td>//span[text()=&apos;Epsilon OnTarget Report&apos;]</td><td>//tbody/tr[last()]/td[5]/b</td><td>Epsilon OnTarget Report</td><td>438</td><td>No</td></tr><tr><th colspan="9">Exception</th></tr><tr><td colspan="9"><div class="stacktrace">org.testng.SkipException: Skipping this exception
	at com.unityworks.testcases.AffinitiveTest.verifyPageViewandReportTitle(AffinitiveTest.java:155)
... Removed 27 stack frames</div></td></tr></table><p class="totop"><a href="#summary">back to summary</a></p>
<h3 id="m5">com.unityworks.testcases.AffinitiveTest#verifyPageViewandReportTitle</h3><table class="result"><tr class="param"><th>Parameter #1</th><th>Parameter #2</th><th>Parameter #3</th><th>Parameter #4</th><th>Parameter #5</th><th>Parameter #6</th><th>Parameter #7</th><th>Parameter #8</th><th>Parameter #9</th></tr><tr class="param stripe"><td>03/01/2018</td><td>03/10/2018</td><td>Epsilon</td><td>BMW T2</td><td>//span[text()=&apos;Epsilon BMW T2&apos;]</td><td>//*[@id=&apos;first_report&apos;]/tbody/tr[last()]/td[5]/b</td><td>Epsilon BMW T2</td><td></td><td>No</td></tr><tr><th colspan="9">Exception</th></tr><tr><td colspan="9"><div class="stacktrace">org.testng.SkipException: Skipping this exception
	at com.unityworks.testcases.AffinitiveTest.verifyPageViewandReportTitle(AffinitiveTest.java:155)
... Removed 28 stack frames</div></td></tr></table><p class="totop"><a href="#summary">back to summary</a></p>
<h3 id="m6">com.unityworks.testcases.AffinitiveTest#verifyPageViewandReportTitle</h3><table class="result"><tr class="param"><th>Parameter #1</th><th>Parameter #2</th><th>Parameter #3</th><th>Parameter #4</th><th>Parameter #5</th><th>Parameter #6</th><th>Parameter #7</th><th>Parameter #8</th><th>Parameter #9</th></tr><tr class="param stripe"><td>03/01/2018</td><td>03/10/2018</td><td>Epsilon</td><td>Ford Truck</td><td>//span[text()=&apos;Ford Truck Report&apos;]</td><td>//tbody/tr[last()]/td[3]/b</td><td>Ford Truck Report</td><td>8</td><td>No</td></tr><tr><th colspan="9">Exception</th></tr><tr><td colspan="9"><div class="stacktrace">org.testng.SkipException: Skipping this exception
	at com.unityworks.testcases.AffinitiveTest.verifyPageViewandReportTitle(AffinitiveTest.java:155)
... Removed 28 stack frames</div></td></tr></table><p class="totop"><a href="#summary">back to summary</a></p>
<h3 id="m7">com.unityworks.testcases.AffinitiveTest#verifyPageViewandReportTitle</h3><table class="result"><tr class="param"><th>Parameter #1</th><th>Parameter #2</th><th>Parameter #3</th><th>Parameter #4</th><th>Parameter #5</th><th>Parameter #6</th><th>Parameter #7</th><th>Parameter #8</th><th>Parameter #9</th></tr><tr class="param stripe"><td>03/01/2018</td><td>03/10/2018</td><td>Epsilon</td><td>Intercept National LMA</td><td>//span[text()=&apos;Epsilon National LMA Report&apos;]</td><td>//tbody/tr[last()]/td[4]/b</td><td>Epsilon National LMA Report</td><td>89</td><td>No</td></tr><tr><th colspan="9">Exception</th></tr><tr><td colspan="9"><div class="stacktrace">org.testng.SkipException: Skipping this exception
	at com.unityworks.testcases.AffinitiveTest.verifyPageViewandReportTitle(AffinitiveTest.java:155)
... Removed 28 stack frames</div></td></tr></table><p class="totop"><a href="#summary">back to summary</a></p>
<h3 id="m8">com.unityworks.testcases.AffinitiveTest#verifyPageViewandReportTitle</h3><table class="result"><tr class="param"><th>Parameter #1</th><th>Parameter #2</th><th>Parameter #3</th><th>Parameter #4</th><th>Parameter #5</th><th>Parameter #6</th><th>Parameter #7</th><th>Parameter #8</th><th>Parameter #9</th></tr><tr class="param stripe"><td>03/01/2018</td><td>03/10/2018</td><td>Campaign Manager</td><td>Ford Sales</td><td>//span[text()=&apos;Ford Report&apos;]</td><td>//tbody/tr[last()]/td[5]/b</td><td>Ford Report</td><td>37</td><td>No</td></tr><tr><th colspan="9">Exception</th></tr><tr><td colspan="9"><div class="stacktrace">org.testng.SkipException: Skipping this exception
	at com.unityworks.testcases.AffinitiveTest.verifyPageViewandReportTitle(AffinitiveTest.java:155)
... Removed 27 stack frames</div></td></tr></table><p class="totop"><a href="#summary">back to summary</a></p>
<h3 id="m9">com.unityworks.testcases.AffinitiveTest#verifyPageViewandReportTitle</h3><table class="result"><tr class="param"><th>Parameter #1</th><th>Parameter #2</th><th>Parameter #3</th><th>Parameter #4</th><th>Parameter #5</th><th>Parameter #6</th><th>Parameter #7</th><th>Parameter #8</th><th>Parameter #9</th></tr><tr class="param stripe"><td>03/01/2018</td><td>03/10/2018</td><td>Fiat Chrysler Automobiles</td><td>California BC</td><td>//span[text()=&apos;California BC&apos;]</td><td>//tbody/tr[last()]/td[2]/b</td><td>California BC</td><td>11</td><td>No</td></tr><tr><th colspan="9">Exception</th></tr><tr><td colspan="9"><div class="stacktrace">org.testng.SkipException: Skipping this exception
	at com.unityworks.testcases.AffinitiveTest.verifyPageViewandReportTitle(AffinitiveTest.java:155)
... Removed 27 stack frames</div></td></tr></table><p class="totop"><a href="#summary">back to summary</a></p>
<h3 id="m10">com.unityworks.testcases.AffinitiveTest#verifyPageViewandReportTitle</h3><table class="result"><tr class="param"><th>Parameter #1</th><th>Parameter #2</th><th>Parameter #3</th><th>Parameter #4</th><th>Parameter #5</th><th>Parameter #6</th><th>Parameter #7</th><th>Parameter #8</th><th>Parameter #9</th></tr><tr class="param stripe"><td>03/01/2018</td><td>03/10/2018</td><td>Epsilon</td><td>Honda LCC</td><td>//span[text()=&apos;Honda Lcc&apos;]</td><td>//tbody/tr[last()]/td[5]/b</td><td>Honda Lcc</td><td>1328</td><td>No</td></tr><tr><th colspan="9">Exception</th></tr><tr><td colspan="9"><div class="stacktrace">org.testng.SkipException: Skipping this exception
	at com.unityworks.testcases.AffinitiveTest.verifyPageViewandReportTitle(AffinitiveTest.java:155)
... Removed 28 stack frames</div></td></tr></table><p class="totop"><a href="#summary">back to summary</a></p>
<h3 id="m11">com.unityworks.testcases.AffinitiveTest#verifyPageViewandReportTitle</h3><table class="result"><tr class="param"><th>Parameter #1</th><th>Parameter #2</th><th>Parameter #3</th><th>Parameter #4</th><th>Parameter #5</th><th>Parameter #6</th><th>Parameter #7</th><th>Parameter #8</th><th>Parameter #9</th></tr><tr class="param stripe"><td>03/01/2018</td><td>03/10/2018</td><td>Epsilon</td><td>Used VIN Video - GM</td><td>//span[text()=&apos;Epsilon Used VIN Video - GM&apos;]</td><td>//tbody/tr[last()]/td[5]/b</td><td>Epsilon Used VIN Video - GM</td><td>95</td><td>No</td></tr><tr><th colspan="9">Exception</th></tr><tr><td colspan="9"><div class="stacktrace">org.testng.SkipException: Skipping this exception
	at com.unityworks.testcases.AffinitiveTest.verifyPageViewandReportTitle(AffinitiveTest.java:155)
... Removed 27 stack frames</div></td></tr></table><p class="totop"><a href="#summary">back to summary</a></p>
<h3 id="m12">com.unityworks.testcases.AffinitiveTest#verifyPageViewandReportTitle</h3><table class="result"><tr class="param"><th>Parameter #1</th><th>Parameter #2</th><th>Parameter #3</th><th>Parameter #4</th><th>Parameter #5</th><th>Parameter #6</th><th>Parameter #7</th><th>Parameter #8</th><th>Parameter #9</th></tr><tr class="param stripe"><td>03/01/2018</td><td>03/10/2018</td><td>Fiat Chrysler Automobiles</td><td>Maserati Microsite</td><td>//span[text()=&apos;Maserati Microsite&apos;]</td><td>//tbody/tr[last()]/td[3]/b</td><td>Maserati Microsite</td><td>3</td><td>No</td></tr><tr><th colspan="9">Exception</th></tr><tr><td colspan="9"><div class="stacktrace">org.testng.SkipException: Skipping this exception
	at com.unityworks.testcases.AffinitiveTest.verifyPageViewandReportTitle(AffinitiveTest.java:155)
... Removed 27 stack frames</div></td></tr></table><p class="totop"><a href="#summary">back to summary</a></p>
<h3 id="m13">com.unityworks.testcases.AffinitiveTest#verifyPageViewandReportTitle</h3><table class="result"><tr class="param"><th>Parameter #1</th><th>Parameter #2</th><th>Parameter #3</th><th>Parameter #4</th><th>Parameter #5</th><th>Parameter #6</th><th>Parameter #7</th><th>Parameter #8</th><th>Parameter #9</th></tr><tr class="param stripe"><td>03/01/2018</td><td>03/10/2018</td><td>Fiat Chrysler Automobiles</td><td>DBC Mopar</td><td>//span[text()=&apos;DBC Mopar&apos;]</td><td>//tbody/tr[last()]/td[2]/b</td><td>DBC Mopar</td><td>44</td><td>No</td></tr><tr><th colspan="9">Exception</th></tr><tr><td colspan="9"><div class="stacktrace">org.testng.SkipException: Skipping this exception
	at com.unityworks.testcases.AffinitiveTest.verifyPageViewandReportTitle(AffinitiveTest.java:155)
... Removed 27 stack frames</div></td></tr></table><p class="totop"><a href="#summary">back to summary</a></p>
<h3 id="m14">com.unityworks.testcases.AffinitiveTest#verifyPageViewandReportTitle</h3><table class="result"><tr class="param"><th>Parameter #1</th><th>Parameter #2</th><th>Parameter #3</th><th>Parameter #4</th><th>Parameter #5</th><th>Parameter #6</th><th>Parameter #7</th><th>Parameter #8</th><th>Parameter #9</th></tr><tr class="param stripe"><td>03/01/2018</td><td>03/10/2018</td><td>Fiat Chrysler Automobiles</td><td>Commercial</td><td>//span[text()=&apos;Commercial&apos;]</td><td>//tbody/tr[last()]/td[2]/b</td><td>Commercial</td><td>900</td><td>No</td></tr><tr><th colspan="9">Exception</th></tr><tr><td colspan="9"><div class="stacktrace">org.testng.SkipException: Skipping this exception
	at com.unityworks.testcases.AffinitiveTest.verifyPageViewandReportTitle(AffinitiveTest.java:155)
... Removed 27 stack frames</div></td></tr></table><p class="totop"><a href="#summary">back to summary</a></p>
<h3 id="m15">com.unityworks.testcases.AffinitiveTest#verifyPageViewandReportTitle</h3><table class="result"><tr class="param"><th>Parameter #1</th><th>Parameter #2</th><th>Parameter #3</th><th>Parameter #4</th><th>Parameter #5</th><th>Parameter #6</th><th>Parameter #7</th><th>Parameter #8</th><th>Parameter #9</th></tr><tr class="param stripe"><td>03/01/2018</td><td>03/10/2018</td><td>Fiat Chrysler Automobiles</td><td>MABC T2.5 Promaster</td><td>//span[text()=&apos;MABC T2.5 Promaster&apos;]</td><td>//tbody/tr[last()]/td[2]/b</td><td>MABC T2.5 Promaster</td><td>2</td><td>No</td></tr><tr><th colspan="9">Exception</th></tr><tr><td colspan="9"><div class="stacktrace">org.testng.SkipException: Skipping this exception
	at com.unityworks.testcases.AffinitiveTest.verifyPageViewandReportTitle(AffinitiveTest.java:155)
... Removed 27 stack frames</div></td></tr></table><p class="totop"><a href="#summary">back to summary</a></p>
<h3 id="m16">com.unityworks.testcases.AffinitiveTest#verifyPageViewandReportTitle</h3><table class="result"><tr class="param"><th>Parameter #1</th><th>Parameter #2</th><th>Parameter #3</th><th>Parameter #4</th><th>Parameter #5</th><th>Parameter #6</th><th>Parameter #7</th><th>Parameter #8</th><th>Parameter #9</th></tr><tr class="param stripe"><td>03/01/2018</td><td>03/10/2018</td><td>Epsilon</td><td>Jaguar F-Type</td><td>//span[text()=&apos;Jaguar F Type&apos;]</td><td>//tbody/tr[last()]/td[3]/b</td><td>Jaguar F Type</td><td>3</td><td>No</td></tr><tr><th colspan="9">Exception</th></tr><tr><td colspan="9"><div class="stacktrace">org.testng.SkipException: Skipping this exception
	at com.unityworks.testcases.AffinitiveTest.verifyPageViewandReportTitle(AffinitiveTest.java:155)
... Removed 27 stack frames</div></td></tr></table><p class="totop"><a href="#summary">back to summary</a></p>
<h3 id="m17">com.unityworks.testcases.AffinitiveTest#verifyPageViewandReportTitle</h3><table class="result"><tr class="param"><th>Parameter #1</th><th>Parameter #2</th><th>Parameter #3</th><th>Parameter #4</th><th>Parameter #5</th><th>Parameter #6</th><th>Parameter #7</th><th>Parameter #8</th><th>Parameter #9</th></tr><tr class="param stripe"><td>03/01/2018</td><td>03/10/2018</td><td>Epsilon</td><td>eOnPoint</td><td>//span[text()=&apos;Epsilon eOnPoint Report&apos;]</td><td>//tbody/tr[last()]/td[5]/b</td><td>Epsilon eOnPoint Report</td><td>59</td><td>No</td></tr><tr><th colspan="9">Exception</th></tr><tr><td colspan="9"><div class="stacktrace">org.testng.SkipException: Skipping this exception
	at com.unityworks.testcases.AffinitiveTest.verifyPageViewandReportTitle(AffinitiveTest.java:155)
... Removed 27 stack frames</div></td></tr></table><p class="totop"><a href="#summary">back to summary</a></p>
<h3 id="m18">com.unityworks.testcases.AffinitiveTest#verifyPageViewandReportTitle</h3><table class="result"><tr class="param"><th>Parameter #1</th><th>Parameter #2</th><th>Parameter #3</th><th>Parameter #4</th><th>Parameter #5</th><th>Parameter #6</th><th>Parameter #7</th><th>Parameter #8</th><th>Parameter #9</th></tr><tr class="param stripe"><td>03/01/2018</td><td>03/10/2018</td><td>Affinitiv</td><td>BMW SCP Affinitiv</td><td>//span[text()=&apos;Bmw Affinitiv Scp&apos;]</td><td>//tbody/tr[last()]/td[5]/b</td><td>Bmw Affinitiv Scp</td><td>62</td><td>No</td></tr><tr><th colspan="9">Exception</th></tr><tr><td colspan="9"><div class="stacktrace">org.testng.SkipException: Skipping this exception
	at com.unityworks.testcases.AffinitiveTest.verifyPageViewandReportTitle(AffinitiveTest.java:155)
... Removed 27 stack frames</div></td></tr></table><p class="totop"><a href="#summary">back to summary</a></p>
<h3 id="m19">com.unityworks.testcases.AffinitiveTest#verifyPageViewandReportTitle</h3><table class="result"><tr class="param"><th>Parameter #1</th><th>Parameter #2</th><th>Parameter #3</th><th>Parameter #4</th><th>Parameter #5</th><th>Parameter #6</th><th>Parameter #7</th><th>Parameter #8</th><th>Parameter #9</th></tr><tr class="param stripe"><td>03/01/2018</td><td>03/10/2018</td><td>Epsilon</td><td>OnPoint OnTarget Combined</td><td>//span[text()=&apos;Epsilon OnTarget and OnPoint Report&apos;]</td><td>//tbody/tr[last()]/td[5]/b</td><td>Epsilon OnTarget and OnPoint Report</td><td>891</td><td>No</td></tr><tr><th colspan="9">Exception</th></tr><tr><td colspan="9"><div class="stacktrace">org.testng.SkipException: Skipping this exception
	at com.unityworks.testcases.AffinitiveTest.verifyPageViewandReportTitle(AffinitiveTest.java:155)
... Removed 27 stack frames</div></td></tr></table><p class="totop"><a href="#summary">back to summary</a></p>
<h3 id="m20">com.unityworks.testcases.AffinitiveTest#verifyPageViewandReportTitle</h3><table class="result"><tr class="param"><th>Parameter #1</th><th>Parameter #2</th><th>Parameter #3</th><th>Parameter #4</th><th>Parameter #5</th><th>Parameter #6</th><th>Parameter #7</th><th>Parameter #8</th><th>Parameter #9</th></tr><tr class="param stripe"><td>03/01/2018</td><td>03/10/2018</td><td>National Karate</td><td>National Karate</td><td>//span[text()=&apos;National Karate Report&apos;]</td><td>//tbody/tr[last()]/td[3]/b</td><td>National Karate Report</td><td>133</td><td>No</td></tr><tr><th colspan="9">Exception</th></tr><tr><td colspan="9"><div class="stacktrace">org.testng.SkipException: Skipping this exception
	at com.unityworks.testcases.AffinitiveTest.verifyPageViewandReportTitle(AffinitiveTest.java:155)
... Removed 27 stack frames</div></td></tr></table><p class="totop"><a href="#summary">back to summary</a></p>
<h3 id="m21">com.unityworks.testcases.AffinitiveTest#verifyPageViewandReportTitle</h3><table class="result"><tr class="param"><th>Parameter #1</th><th>Parameter #2</th><th>Parameter #3</th><th>Parameter #4</th><th>Parameter #5</th><th>Parameter #6</th><th>Parameter #7</th><th>Parameter #8</th><th>Parameter #9</th></tr><tr class="param stripe"><td>03/01/2018</td><td>03/10/2018</td><td>Campaign Manager</td><td>Kia</td><td>//span[text()=&apos;Kia Report&apos;]</td><td>//tbody/tr[last()]/td[3]/b</td><td>Kia Report</td><td>260</td><td>No</td></tr><tr><th colspan="9">Exception</th></tr><tr><td colspan="9"><div class="stacktrace">org.testng.SkipException: Skipping this exception
	at com.unityworks.testcases.AffinitiveTest.verifyPageViewandReportTitle(AffinitiveTest.java:155)
... Removed 27 stack frames</div></td></tr></table><p class="totop"><a href="#summary">back to summary</a></p>
<h3 id="m22">com.unityworks.testcases.AffinitiveTest#verifyPageViewandReportTitle</h3><table class="result"><tr class="param"><th>Parameter #1</th><th>Parameter #2</th><th>Parameter #3</th><th>Parameter #4</th><th>Parameter #5</th><th>Parameter #6</th><th>Parameter #7</th><th>Parameter #8</th><th>Parameter #9</th></tr><tr class="param stripe"><td>03/01/2018</td><td>03/10/2018</td><td>Fiat Chrysler Automobiles</td><td>DBC Compass Compare T2.5</td><td>//span[text()=&apos;DBC Compass Compare T2.5&apos;]</td><td>//tbody/tr[last()]/td[2]/b</td><td>DBC Compass Compare T2.5</td><td>3</td><td>No</td></tr><tr><th colspan="9">Exception</th></tr><tr><td colspan="9"><div class="stacktrace">org.testng.SkipException: Skipping this exception
	at com.unityworks.testcases.AffinitiveTest.verifyPageViewandReportTitle(AffinitiveTest.java:155)
... Removed 27 stack frames</div></td></tr></table><p class="totop"><a href="#summary">back to summary</a></p>
<h3 id="m23">com.unityworks.testcases.AffinitiveTest#verifyPageViewandReportTitle</h3><table class="result"><tr class="param"><th>Parameter #1</th><th>Parameter #2</th><th>Parameter #3</th><th>Parameter #4</th><th>Parameter #5</th><th>Parameter #6</th><th>Parameter #7</th><th>Parameter #8</th><th>Parameter #9</th></tr><tr class="param stripe"><td>03/01/2018</td><td>03/10/2018</td><td>Campaign Manager</td><td>Agency 720 DC and GA</td><td>//span[text()=&apos;Intercept Report : A720 Heartland Chevy Dealers&apos;]</td><td>//tbody/tr[last()-1]/td[10]/b</td><td>Intercept Report : A720 Heartland Chevy Dealers</td><td>1889</td><td>No</td></tr><tr><th colspan="9">Exception</th></tr><tr><td colspan="9"><div class="stacktrace">org.testng.SkipException: Skipping this exception
	at com.unityworks.testcases.AffinitiveTest.verifyPageViewandReportTitle(AffinitiveTest.java:155)
... Removed 27 stack frames</div></td></tr></table><p class="totop"><a href="#summary">back to summary</a></p>
<h3 id="m24">com.unityworks.testcases.AffinitiveTest#verifyPageViewandReportTitle</h3><table class="result"><tr class="param"><th>Parameter #1</th><th>Parameter #2</th><th>Parameter #3</th><th>Parameter #4</th><th>Parameter #5</th><th>Parameter #6</th><th>Parameter #7</th><th>Parameter #8</th><th>Parameter #9</th></tr><tr class="param stripe"><td>03/01/2018</td><td>03/10/2018</td><td>Fiat Chrysler Automobiles</td><td>GLBC Jeep Lease</td><td>//span[text()=&apos;GLBC Jeep Lease&apos;]</td><td>//tbody/tr[last()]/td[2]/b</td><td>GLBC Jeep Lease</td><td></td><td>No</td></tr><tr><th colspan="9">Exception</th></tr><tr><td colspan="9"><div class="stacktrace">org.testng.SkipException: Skipping this exception
	at com.unityworks.testcases.AffinitiveTest.verifyPageViewandReportTitle(AffinitiveTest.java:155)
... Removed 27 stack frames</div></td></tr></table><p class="totop"><a href="#summary">back to summary</a></p>
<h3 id="m25">com.unityworks.testcases.AffinitiveTest#verifyPageViewandReportTitle</h3><table class="result"><tr class="param"><th>Parameter #1</th><th>Parameter #2</th><th>Parameter #3</th><th>Parameter #4</th><th>Parameter #5</th><th>Parameter #6</th><th>Parameter #7</th><th>Parameter #8</th><th>Parameter #9</th></tr><tr class="param stripe"><td>03/01/2018</td><td>03/10/2018</td><td>Epsilon</td><td>Honda SPS</td><td>//span[text()=&apos;Honda SPS&apos;]</td><td>//tbody/tr[last()]/td[5]/b</td><td>Honda SPS</td><td>1579</td><td>No</td></tr><tr><th colspan="9">Exception</th></tr><tr><td colspan="9"><div class="stacktrace">org.testng.SkipException: Skipping this exception
	at com.unityworks.testcases.AffinitiveTest.verifyPageViewandReportTitle(AffinitiveTest.java:155)
... Removed 28 stack frames</div></td></tr></table><p class="totop"><a href="#summary">back to summary</a></p>
<h3 id="m26">com.unityworks.testcases.AffinitiveTest#verifyPageViewandReportTitle</h3><table class="result"><tr class="param"><th>Parameter #1</th><th>Parameter #2</th><th>Parameter #3</th><th>Parameter #4</th><th>Parameter #5</th><th>Parameter #6</th><th>Parameter #7</th><th>Parameter #8</th><th>Parameter #9</th></tr><tr class="param stripe"><td>03/01/2018</td><td>03/10/2018</td><td>Epsilon</td><td>Mercedes Benz</td><td>//span[text()=&apos;Epsilon Mercedes Benz&apos;]</td><td>//tbody/tr[last()]/td[3]/b</td><td>Epsilon Mercedes Benz</td><td>3</td><td>No</td></tr><tr><th colspan="9">Exception</th></tr><tr><td colspan="9"><div class="stacktrace">org.testng.SkipException: Skipping this exception
	at com.unityworks.testcases.AffinitiveTest.verifyPageViewandReportTitle(AffinitiveTest.java:155)
... Removed 27 stack frames</div></td></tr></table><p class="totop"><a href="#summary">back to summary</a></p>
<h3 id="m27">com.unityworks.testcases.AffinitiveTest#verifyPageViewandReportTitle</h3><table class="result"><tr class="param"><th>Parameter #1</th><th>Parameter #2</th><th>Parameter #3</th><th>Parameter #4</th><th>Parameter #5</th><th>Parameter #6</th><th>Parameter #7</th><th>Parameter #8</th><th>Parameter #9</th></tr><tr class="param stripe"><td>03/01/2018</td><td>03/10/2018</td><td>Fiat Chrysler Automobiles</td><td>FCA Lease</td><td>//span[text()=&apos;Fca Lease&apos;]</td><td>//tbody/tr[last()]/td[2]/b</td><td>Fca Lease</td><td>246</td><td>No</td></tr><tr><th colspan="9">Exception</th></tr><tr><td colspan="9"><div class="stacktrace">org.testng.SkipException: Skipping this exception
	at com.unityworks.testcases.AffinitiveTest.verifyPageViewandReportTitle(AffinitiveTest.java:155)
... Removed 27 stack frames</div></td></tr></table><p class="totop"><a href="#summary">back to summary</a></p>
<h3 id="m28">com.unityworks.testcases.AffinitiveTest#verifyPageViewandReportTitle</h3><table class="result"><tr class="param"><th>Parameter #1</th><th>Parameter #2</th><th>Parameter #3</th><th>Parameter #4</th><th>Parameter #5</th><th>Parameter #6</th><th>Parameter #7</th><th>Parameter #8</th><th>Parameter #9</th></tr><tr class="param stripe"><td>03/01/2018</td><td>03/10/2018</td><td>Epsilon</td><td>CSSR - OLA</td><td>//span[text()=&apos;Epsilon OLA Report&apos;]</td><td>//*[@id=&apos;first_report&apos;]/tbody/tr[last()]/td[5]/b</td><td>Epsilon OLA Report</td><td>5005</td><td>No</td></tr><tr><th colspan="9">Exception</th></tr><tr><td colspan="9"><div class="stacktrace">org.testng.SkipException: Skipping this exception
	at com.unityworks.testcases.AffinitiveTest.verifyPageViewandReportTitle(AffinitiveTest.java:155)
... Removed 28 stack frames</div></td></tr></table><p class="totop"><a href="#summary">back to summary</a></p>
<h3 id="m29">com.unityworks.testcases.AffinitiveTest#verifyPageViewandReportTitle</h3><table class="result"><tr class="param"><th>Parameter #1</th><th>Parameter #2</th><th>Parameter #3</th><th>Parameter #4</th><th>Parameter #5</th><th>Parameter #6</th><th>Parameter #7</th><th>Parameter #8</th><th>Parameter #9</th></tr><tr class="param stripe"><td>03/01/2018</td><td>03/10/2018</td><td>Fiat Chrysler Automobiles</td><td>DBC Heavy Duty Farmers</td><td>//span[text()=&apos;DBC Heavy Duty Farmers&apos;]</td><td>//tbody/tr[last()]/td[2]/b</td><td>DBC Heavy Duty Farmers</td><td></td><td>No</td></tr><tr><th colspan="9">Exception</th></tr><tr><td colspan="9"><div class="stacktrace">org.testng.SkipException: Skipping this exception
	at com.unityworks.testcases.AffinitiveTest.verifyPageViewandReportTitle(AffinitiveTest.java:155)
... Removed 27 stack frames</div></td></tr></table><p class="totop"><a href="#summary">back to summary</a></p>
<h3 id="m30">com.unityworks.testcases.AffinitiveTest#verifyPageViewandReportTitle</h3><table class="result"><tr class="param"><th>Parameter #1</th><th>Parameter #2</th><th>Parameter #3</th><th>Parameter #4</th><th>Parameter #5</th><th>Parameter #6</th><th>Parameter #7</th><th>Parameter #8</th><th>Parameter #9</th></tr><tr class="param stripe"><td>03/01/2018</td><td>03/10/2018</td><td>Epsilon</td><td>Cherokee</td><td>//span[text()=&apos;Cherokee Report&apos;]</td><td>//tbody/tr[last()]/td[3]/b</td><td>Cherokee Report</td><td>33</td><td>No</td></tr><tr><th colspan="9">Exception</th></tr><tr><td colspan="9"><div class="stacktrace">org.testng.SkipException: Skipping this exception
	at com.unityworks.testcases.AffinitiveTest.verifyPageViewandReportTitle(AffinitiveTest.java:155)
... Removed 28 stack frames</div></td></tr></table><p class="totop"><a href="#summary">back to summary</a></p>
<h3 id="m31">com.unityworks.testcases.AffinitiveTest#verifyPageViewandReportTitle</h3><table class="result"><tr class="param"><th>Parameter #1</th><th>Parameter #2</th><th>Parameter #3</th><th>Parameter #4</th><th>Parameter #5</th><th>Parameter #6</th><th>Parameter #7</th><th>Parameter #8</th><th>Parameter #9</th></tr><tr class="param stripe"><td>03/01/2018</td><td>03/10/2018</td><td>Fiat Chrysler Automobiles</td><td>CBC T2.5 Commercial</td><td>//span[text()=&apos;CBC T2.5 Commercial&apos;]</td><td>//tbody/tr[last()]/td[2]/b</td><td>CBC T2.5 Commercial</td><td>202</td><td>No</td></tr><tr><th colspan="9">Exception</th></tr><tr><td colspan="9"><div class="stacktrace">org.testng.SkipException: Skipping this exception
	at com.unityworks.testcases.AffinitiveTest.verifyPageViewandReportTitle(AffinitiveTest.java:155)
... Removed 27 stack frames</div></td></tr></table><p class="totop"><a href="#summary">back to summary</a></p>
<h3 id="m32">com.unityworks.testcases.AffinitiveTest#verifyPageViewandReportTitle</h3><table class="result"><tr class="param"><th>Parameter #1</th><th>Parameter #2</th><th>Parameter #3</th><th>Parameter #4</th><th>Parameter #5</th><th>Parameter #6</th><th>Parameter #7</th><th>Parameter #8</th><th>Parameter #9</th></tr><tr class="param stripe"><td>03/01/2018</td><td>03/10/2018</td><td>Campaign Manager</td><td>Agency 720</td><td>//span[text()=&apos;Agency 720&apos;]</td><td>//tbody/tr[last()]/td[2]/b</td><td>Agency 720</td><td>1905</td><td>No</td></tr><tr><th colspan="9">Exception</th></tr><tr><td colspan="9"><div class="stacktrace">org.testng.SkipException: Skipping this exception
	at com.unityworks.testcases.AffinitiveTest.verifyPageViewandReportTitle(AffinitiveTest.java:155)
... Removed 27 stack frames</div></td></tr></table><p class="totop"><a href="#summary">back to summary</a></p>
<h3 id="m33">com.unityworks.testcases.AffinitiveTest#verifyPageViewandReportTitle</h3><table class="result"><tr class="param"><th>Parameter #1</th><th>Parameter #2</th><th>Parameter #3</th><th>Parameter #4</th><th>Parameter #5</th><th>Parameter #6</th><th>Parameter #7</th><th>Parameter #8</th><th>Parameter #9</th></tr><tr class="param stripe"><td>03/01/2018</td><td>03/10/2018</td><td>Fiat Chrysler Automobiles</td><td>Jaguar T3</td><td>//span[text()=&apos;Jaguar T3&apos;]</td><td>//tbody/tr[last()]/td[3]/b</td><td>Jaguar T3</td><td>608</td><td>No</td></tr><tr><th colspan="9">Exception</th></tr><tr><td colspan="9"><div class="stacktrace">org.testng.SkipException: Skipping this exception
	at com.unityworks.testcases.AffinitiveTest.verifyPageViewandReportTitle(AffinitiveTest.java:155)
... Removed 27 stack frames</div></td></tr></table><p class="totop"><a href="#summary">back to summary</a></p>
<h3 id="m34">com.unityworks.testcases.AffinitiveTest#verifyPageViewandReportTitle</h3><table class="result"><tr class="param"><th>Parameter #1</th><th>Parameter #2</th><th>Parameter #3</th><th>Parameter #4</th><th>Parameter #5</th><th>Parameter #6</th><th>Parameter #7</th><th>Parameter #8</th><th>Parameter #9</th></tr><tr class="param stripe"><td>03/01/2018</td><td>03/10/2018</td><td>Strategic Marketing</td><td>Strategic Marketing</td><td>//span[text()=&apos;Strategic Marketing Report&apos;]</td><td>//tbody/tr[last()]/td[3]/b</td><td>Strategic Marketing Report</td><td>89</td><td>No</td></tr><tr><th colspan="9">Exception</th></tr><tr><td colspan="9"><div class="stacktrace">org.testng.SkipException: Skipping this exception
	at com.unityworks.testcases.AffinitiveTest.verifyPageViewandReportTitle(AffinitiveTest.java:155)
... Removed 27 stack frames</div></td></tr></table><p class="totop"><a href="#summary">back to summary</a></p>
<h3 id="m35">com.unityworks.testcases.AffinitiveTest#verifyPageViewandReportTitle</h3><table class="result"><tr class="param"><th>Parameter #1</th><th>Parameter #2</th><th>Parameter #3</th><th>Parameter #4</th><th>Parameter #5</th><th>Parameter #6</th><th>Parameter #7</th><th>Parameter #8</th><th>Parameter #9</th></tr><tr class="param stripe"><td>03/01/2018</td><td>03/10/2018</td><td>Epsilon</td><td>Hyundai EM</td><td>//span[text()=&apos;Hyundai EM&apos;]</td><td>//tbody/tr[last()]/td[5]/b</td><td>Hyundai EM</td><td>3319</td><td>No</td></tr><tr><th colspan="9">Exception</th></tr><tr><td colspan="9"><div class="stacktrace">org.testng.SkipException: Skipping this exception
	at com.unityworks.testcases.AffinitiveTest.verifyPageViewandReportTitle(AffinitiveTest.java:155)
... Removed 28 stack frames</div></td></tr></table><p class="totop"><a href="#summary">back to summary</a></p>
<h3 id="m36">com.unityworks.testcases.AffinitiveTest#verifyPageViewandReportTitle</h3><table class="result"><tr class="param"><th>Parameter #1</th><th>Parameter #2</th><th>Parameter #3</th><th>Parameter #4</th><th>Parameter #5</th><th>Parameter #6</th><th>Parameter #7</th><th>Parameter #8</th><th>Parameter #9</th></tr><tr class="param stripe"><td>03/01/2018</td><td>03/10/2018</td><td>Fiat Chrysler Automobiles</td><td>SEBC T2.5 Alfa Romeo</td><td>//span[text()=&apos;SEBC T2.5 Alfa Romeo&apos;]</td><td>//tbody/tr[last()]/td[2]/b</td><td>SEBC T2.5 Alfa Romeo</td><td>1</td><td>No</td></tr><tr><th colspan="9">Exception</th></tr><tr><td colspan="9"><div class="stacktrace">org.testng.SkipException: Skipping this exception
	at com.unityworks.testcases.AffinitiveTest.verifyPageViewandReportTitle(AffinitiveTest.java:155)
... Removed 27 stack frames</div></td></tr></table><p class="totop"><a href="#summary">back to summary</a></p>
<h3 id="m37">com.unityworks.testcases.AffinitiveTest#verifyPageViewandReportTitle</h3><table class="result"><tr class="param"><th>Parameter #1</th><th>Parameter #2</th><th>Parameter #3</th><th>Parameter #4</th><th>Parameter #5</th><th>Parameter #6</th><th>Parameter #7</th><th>Parameter #8</th><th>Parameter #9</th></tr><tr class="param stripe"><td>03/01/2018</td><td>03/10/2018</td><td>Epsilon</td><td>CSSR Lease</td><td>//span[text()=&apos;Epsilon CSSR Lease Report&apos;]</td><td>//*[@id=&apos;first_report&apos;]/tbody/tr[last()]/td[5]/b</td><td>Epsilon CSSR Lease Report</td><td>184</td><td>No</td></tr><tr><th colspan="9">Exception</th></tr><tr><td colspan="9"><div class="stacktrace">org.testng.SkipException: Skipping this exception
	at com.unityworks.testcases.AffinitiveTest.verifyPageViewandReportTitle(AffinitiveTest.java:155)
... Removed 28 stack frames</div></td></tr></table><p class="totop"><a href="#summary">back to summary</a></p>
<h3 id="m38">com.unityworks.testcases.AffinitiveTest#verifyPageViewandReportTitle</h3><table class="result"><tr class="param"><th>Parameter #1</th><th>Parameter #2</th><th>Parameter #3</th><th>Parameter #4</th><th>Parameter #5</th><th>Parameter #6</th><th>Parameter #7</th><th>Parameter #8</th><th>Parameter #9</th></tr><tr class="param stripe"><td>03/01/2018</td><td>03/10/2018</td><td>Fiat Chrysler Automobiles</td><td>BMW T3</td><td>//span[text()=&apos;Bmw T3&apos;]</td><td>//tbody/tr[last()]/td[3]/b</td><td>Bmw T3</td><td>31</td><td>No</td></tr><tr><th colspan="9">Exception</th></tr><tr><td colspan="9"><div class="stacktrace">org.testng.SkipException: Skipping this exception
	at com.unityworks.testcases.AffinitiveTest.verifyPageViewandReportTitle(AffinitiveTest.java:155)
... Removed 27 stack frames</div></td></tr></table><p class="totop"><a href="#summary">back to summary</a></p>
<h3 id="m39">com.unityworks.testcases.AffinitiveTest#verifyPageViewandReportTitle</h3><table class="result"><tr class="param"><th>Parameter #1</th><th>Parameter #2</th><th>Parameter #3</th><th>Parameter #4</th><th>Parameter #5</th><th>Parameter #6</th><th>Parameter #7</th><th>Parameter #8</th><th>Parameter #9</th></tr><tr class="param stripe"><td>03/01/2018</td><td>03/10/2018</td><td>Fiat Chrysler Automobiles</td><td>WBC T2.5 Commercial</td><td>//span[text()=&apos;WBC T2.5 Commercial&apos;]</td><td>//tbody/tr[last()]/td[2]/b</td><td>WBC T2.5 Commercial</td><td></td><td>No</td></tr><tr><th colspan="9">Exception</th></tr><tr><td colspan="9"><div class="stacktrace">org.testng.SkipException: Skipping this exception
	at com.unityworks.testcases.AffinitiveTest.verifyPageViewandReportTitle(AffinitiveTest.java:155)
... Removed 27 stack frames</div></td></tr></table><p class="totop"><a href="#summary">back to summary</a></p>
<h3 id="m40">com.unityworks.testcases.AffinitiveTest#verifyPageViewandReportTitle</h3><table class="result"><tr class="param"><th>Parameter #1</th><th>Parameter #2</th><th>Parameter #3</th><th>Parameter #4</th><th>Parameter #5</th><th>Parameter #6</th><th>Parameter #7</th><th>Parameter #8</th><th>Parameter #9</th></tr><tr class="param stripe"><td>03/01/2018</td><td>03/10/2018</td><td>Fiat Chrysler Automobiles</td><td>DBC ProMaster Commercial</td><td>//span[text()=&apos;DBC ProMaster Commercial&apos;]</td><td>//tbody/tr[last()]/td[2]/b</td><td>DBC ProMaster Commercial</td><td></td><td>No</td></tr><tr><th colspan="9">Exception</th></tr><tr><td colspan="9"><div class="stacktrace">org.testng.SkipException: Skipping this exception
	at com.unityworks.testcases.AffinitiveTest.verifyPageViewandReportTitle(AffinitiveTest.java:155)
... Removed 27 stack frames</div></td></tr></table><p class="totop"><a href="#summary">back to summary</a></p>
<h3 id="m41">com.unityworks.testcases.AffinitiveTest#verifyPageViewandReportTitle</h3><table class="result"><tr class="param"><th>Parameter #1</th><th>Parameter #2</th><th>Parameter #3</th><th>Parameter #4</th><th>Parameter #5</th><th>Parameter #6</th><th>Parameter #7</th><th>Parameter #8</th><th>Parameter #9</th></tr><tr class="param stripe"><td>03/01/2018</td><td>03/10/2018</td><td>LifeTouch</td><td>LifeTouch</td><td>//span[text()=&apos;Life Touch Report&apos;]</td><td>//tbody/tr[last()]/td[3]/b</td><td>Life Touch Report</td><td></td><td>No</td></tr><tr><th colspan="9">Exception</th></tr><tr><td colspan="9"><div class="stacktrace">org.testng.SkipException: Skipping this exception
	at com.unityworks.testcases.AffinitiveTest.verifyPageViewandReportTitle(AffinitiveTest.java:155)
... Removed 27 stack frames</div></td></tr></table><p class="totop"><a href="#summary">back to summary</a></p>
<h3 id="m42">com.unityworks.testcases.AffinitiveTest#verifyPageViewandReportTitle</h3><table class="result"><tr class="param"><th>Parameter #1</th><th>Parameter #2</th><th>Parameter #3</th><th>Parameter #4</th><th>Parameter #5</th><th>Parameter #6</th><th>Parameter #7</th><th>Parameter #8</th><th>Parameter #9</th></tr><tr class="param stripe"><td>03/01/2018</td><td>03/10/2018</td><td>Epsilon</td><td>Business Elite</td><td>//span[text()=&apos;Epsilon Business Elite Standard, Non-Standard Report&apos;]</td><td>//*[@id=&apos;first_report&apos;]/tbody/tr[last()]/td[3]/b</td><td>Epsilon Business Elite Standard, Non-Standard Report</td><td>1</td><td>No</td></tr><tr><th colspan="9">Exception</th></tr><tr><td colspan="9"><div class="stacktrace">org.testng.SkipException: Skipping this exception
	at com.unityworks.testcases.AffinitiveTest.verifyPageViewandReportTitle(AffinitiveTest.java:155)
... Removed 28 stack frames</div></td></tr></table><p class="totop"><a href="#summary">back to summary</a></p>
<h3 id="m43">com.unityworks.testcases.AffinitiveTest#verifyPageViewandReportTitle</h3><table class="result"><tr class="param"><th>Parameter #1</th><th>Parameter #2</th><th>Parameter #3</th><th>Parameter #4</th><th>Parameter #5</th><th>Parameter #6</th><th>Parameter #7</th><th>Parameter #8</th><th>Parameter #9</th></tr><tr class="param stripe"><td>03/01/2018</td><td>03/10/2018</td><td>Epsilon</td><td>Ford Service</td><td>//span[text()=&apos;Ford Report&apos;]</td><td>//tbody/tr[last()]/td[3]/b</td><td>Ford Report</td><td>33</td><td>No</td></tr><tr><th colspan="9">Exception</th></tr><tr><td colspan="9"><div class="stacktrace">org.testng.SkipException: Skipping this exception
	at com.unityworks.testcases.AffinitiveTest.verifyPageViewandReportTitle(AffinitiveTest.java:155)
... Removed 28 stack frames</div></td></tr></table><p class="totop"><a href="#summary">back to summary</a></p>
<h3 id="m44">com.unityworks.testcases.AffinitiveTest#verifyPageViewandReportTitle</h3><table class="result"><tr class="param"><th>Parameter #1</th><th>Parameter #2</th><th>Parameter #3</th><th>Parameter #4</th><th>Parameter #5</th><th>Parameter #6</th><th>Parameter #7</th><th>Parameter #8</th><th>Parameter #9</th></tr><tr class="param stripe"><td>03/01/2018</td><td>03/10/2018</td><td>Epsilon</td><td>CSSR - EVO &amp; OLA Combined</td><td>//span[text()=&apos;EVO OLA Combined Report&apos;]</td><td>//*[@id=&apos;first_report&apos;]/tbody/tr[last()]/td[5]/b</td><td>EVO OLA Combined Report</td><td>5734</td><td>No</td></tr><tr><th colspan="9">Exception</th></tr><tr><td colspan="9"><div class="stacktrace">org.testng.SkipException: Skipping this exception
	at com.unityworks.testcases.AffinitiveTest.verifyPageViewandReportTitle(AffinitiveTest.java:155)
... Removed 28 stack frames</div></td></tr></table><p class="totop"><a href="#summary">back to summary</a></p>
<h3 id="m45">com.unityworks.testcases.AffinitiveTest#verifyPageViewandReportTitle</h3><table class="result"><tr class="param"><th>Parameter #1</th><th>Parameter #2</th><th>Parameter #3</th><th>Parameter #4</th><th>Parameter #5</th><th>Parameter #6</th><th>Parameter #7</th><th>Parameter #8</th><th>Parameter #9</th></tr><tr class="param stripe"><td>03/01/2018</td><td>03/10/2018</td><td>MVP - New Schema</td><td>MVP</td><td>//span[text()=&apos;MVP Reports&apos;]</td><td>//tbody/tr[last()]/td[5]/b</td><td>MVP Reports</td><td>10354</td><td>No</td></tr><tr><th colspan="9">Exception</th></tr><tr><td colspan="9"><div class="stacktrace">org.testng.SkipException: Skipping this exception
	at com.unityworks.testcases.AffinitiveTest.verifyPageViewandReportTitle(AffinitiveTest.java:155)
... Removed 27 stack frames</div></td></tr></table><p class="totop"><a href="#summary">back to summary</a></p>
<h3 id="m46">com.unityworks.testcases.AffinitiveTest#verifyPageViewandReportTitle</h3><table class="result"><tr class="param"><th>Parameter #1</th><th>Parameter #2</th><th>Parameter #3</th><th>Parameter #4</th><th>Parameter #5</th><th>Parameter #6</th><th>Parameter #7</th><th>Parameter #8</th><th>Parameter #9</th></tr><tr class="param stripe"><td>03/01/2018</td><td>03/10/2018</td><td>Epsilon</td><td>2014 Sales Touches Round 1</td><td>//span[text()=&apos;Epsilon Sales Touch&apos;]</td><td>//*[@id=&apos;first_report&apos;]/tbody/tr[last()]/td[5]/b</td><td>Epsilon Sales Touch</td><td>95</td><td>No</td></tr><tr><th colspan="9">Exception</th></tr><tr><td colspan="9"><div class="stacktrace">org.testng.SkipException: Skipping this exception
	at com.unityworks.testcases.AffinitiveTest.verifyPageViewandReportTitle(AffinitiveTest.java:155)
... Removed 28 stack frames</div></td></tr></table><p class="totop"><a href="#summary">back to summary</a></p>
<h3 id="m47">com.unityworks.testcases.AffinitiveTest#verifyPageViewandReportTitle</h3><table class="result"><tr class="param"><th>Parameter #1</th><th>Parameter #2</th><th>Parameter #3</th><th>Parameter #4</th><th>Parameter #5</th><th>Parameter #6</th><th>Parameter #7</th><th>Parameter #8</th><th>Parameter #9</th></tr><tr class="param stripe"><td>03/01/2018</td><td>03/10/2018</td><td>Fiat Chrysler Automobiles</td><td>Pacifica Tier 2.5</td><td>//span[text()=&apos;Pacifica Tier 2.5&apos;]</td><td>//tbody/tr[last()]/td[2]/b</td><td>Pacifica Tier 2.5</td><td>1</td><td>No</td></tr><tr><th colspan="9">Exception</th></tr><tr><td colspan="9"><div class="stacktrace">org.testng.SkipException: Skipping this exception
	at com.unityworks.testcases.AffinitiveTest.verifyPageViewandReportTitle(AffinitiveTest.java:155)
... Removed 27 stack frames</div></td></tr></table><p class="totop"><a href="#summary">back to summary</a></p>
<h3 id="m48">com.unityworks.testcases.AffinitiveTest#verifyPageViewandReportTitle</h3><table class="result"><tr class="param"><th>Parameter #1</th><th>Parameter #2</th><th>Parameter #3</th><th>Parameter #4</th><th>Parameter #5</th><th>Parameter #6</th><th>Parameter #7</th><th>Parameter #8</th><th>Parameter #9</th></tr><tr class="param stripe"><td>03/01/2018</td><td>03/10/2018</td><td>Epsilon</td><td>eStrike Service - GM</td><td>//span[text()=&apos;Epsilon eStrike Service - GM &apos;]</td><td>//tbody/tr[last()]/td[3]/b</td><td>Epsilon eStrike Service - GM</td><td></td><td>No</td></tr><tr><th colspan="9">Exception</th></tr><tr><td colspan="9"><div class="stacktrace">org.testng.SkipException: Skipping this exception
	at com.unityworks.testcases.AffinitiveTest.verifyPageViewandReportTitle(AffinitiveTest.java:155)
... Removed 27 stack frames</div></td></tr></table><p class="totop"><a href="#summary">back to summary</a></p>
<h3 id="m49">com.unityworks.testcases.AffinitiveTest#verifyPageViewandReportTitle</h3><table class="result"><tr class="param"><th>Parameter #1</th><th>Parameter #2</th><th>Parameter #3</th><th>Parameter #4</th><th>Parameter #5</th><th>Parameter #6</th><th>Parameter #7</th><th>Parameter #8</th><th>Parameter #9</th></tr><tr class="param stripe"><td>03/01/2018</td><td>03/10/2018</td><td>Fiat Chrysler Automobiles</td><td>Infiniti Microsite</td><td>//span[text()=&apos;Infiniti Microsite&apos;]</td><td>//tbody/tr[last()]/td[5]/b</td><td>Infiniti Microsite</td><td>31</td><td>No</td></tr><tr><th colspan="9">Exception</th></tr><tr><td colspan="9"><div class="stacktrace">org.testng.SkipException: Skipping this exception
	at com.unityworks.testcases.AffinitiveTest.verifyPageViewandReportTitle(AffinitiveTest.java:155)
... Removed 27 stack frames</div></td></tr></table><p class="totop"><a href="#summary">back to summary</a></p>
<h3 id="m50">com.unityworks.testcases.AffinitiveTest#verifyPageViewandReportTitle</h3><table class="result"><tr class="param"><th>Parameter #1</th><th>Parameter #2</th><th>Parameter #3</th><th>Parameter #4</th><th>Parameter #5</th><th>Parameter #6</th><th>Parameter #7</th><th>Parameter #8</th><th>Parameter #9</th></tr><tr class="param stripe"><td>03/01/2018</td><td>03/10/2018</td><td>Epsilon</td><td>CSSR - Car Care</td><td>//span[text()=&apos;Epsilon Car Care Report&apos;]</td><td>//*[@id=&apos;first_report&apos;]/tbody/tr[last()]/td[5]/b</td><td>Epsilon Car Care Report</td><td>1926</td><td>No</td></tr><tr><th colspan="9">Exception</th></tr><tr><td colspan="9"><div class="stacktrace">org.testng.SkipException: Skipping this exception
	at com.unityworks.testcases.AffinitiveTest.verifyPageViewandReportTitle(AffinitiveTest.java:155)
... Removed 28 stack frames</div></td></tr></table><p class="totop"><a href="#summary">back to summary</a></p>
<h3 id="m51">com.unityworks.testcases.AffinitiveTest#verifyPageViewandReportTitle</h3><table class="result"><tr class="param"><th>Parameter #1</th><th>Parameter #2</th><th>Parameter #3</th><th>Parameter #4</th><th>Parameter #5</th><th>Parameter #6</th><th>Parameter #7</th><th>Parameter #8</th><th>Parameter #9</th></tr><tr class="param stripe"><td>03/01/2018</td><td>03/10/2018</td><td>Fiat Chrysler Automobiles</td><td>SEBC DODGE</td><td>//span[text()=&apos;SEBC DODGE&apos;]</td><td>//tbody/tr[last()]/td[2]/b</td><td>SEBC DODGE</td><td>1837</td><td>No</td></tr><tr><th colspan="9">Exception</th></tr><tr><td colspan="9"><div class="stacktrace">org.testng.SkipException: Skipping this exception
	at com.unityworks.testcases.AffinitiveTest.verifyPageViewandReportTitle(AffinitiveTest.java:155)
... Removed 27 stack frames</div></td></tr></table><p class="totop"><a href="#summary">back to summary</a></p>
<h3 id="m52">com.unityworks.testcases.AffinitiveTest#verifyPageViewandReportTitle</h3><table class="result"><tr class="param"><th>Parameter #1</th><th>Parameter #2</th><th>Parameter #3</th><th>Parameter #4</th><th>Parameter #5</th><th>Parameter #6</th><th>Parameter #7</th><th>Parameter #8</th><th>Parameter #9</th></tr><tr class="param stripe"><td>03/01/2018</td><td>03/10/2018</td><td>Chrysler Pacifica</td><td>Chrysler Pacifica</td><td>//span[text()=&apos;Chrysler Pacifica Report&apos;]</td><td>//tbody/tr[last()]/td[3]/b</td><td>Chrysler Pacifica Report</td><td></td><td>No</td></tr><tr><th colspan="9">Exception</th></tr><tr><td colspan="9"><div class="stacktrace">org.testng.SkipException: Skipping this exception
	at com.unityworks.testcases.AffinitiveTest.verifyPageViewandReportTitle(AffinitiveTest.java:155)
... Removed 27 stack frames</div></td></tr></table><p class="totop"><a href="#summary">back to summary</a></p>
<h3 id="m53">com.unityworks.testcases.AffinitiveTest#verifyPageViewandReportTitle</h3><table class="result"><tr class="param"><th>Parameter #1</th><th>Parameter #2</th><th>Parameter #3</th><th>Parameter #4</th><th>Parameter #5</th><th>Parameter #6</th><th>Parameter #7</th><th>Parameter #8</th><th>Parameter #9</th></tr><tr class="param stripe"><td>03/01/2018</td><td>03/10/2018</td><td>Fiat Chrysler Automobiles</td><td>GLBC RAM</td><td>//span[text()=&apos;GLBC RAM&apos;]</td><td>//tbody/tr[last()]/td[2]/b</td><td>GLBC RAM</td><td>2</td><td>No</td></tr><tr><th colspan="9">Exception</th></tr><tr><td colspan="9"><div class="stacktrace">org.testng.SkipException: Skipping this exception
	at com.unityworks.testcases.AffinitiveTest.verifyPageViewandReportTitle(AffinitiveTest.java:155)
... Removed 27 stack frames</div></td></tr></table><p class="totop"><a href="#summary">back to summary</a></p>
<h3 id="m54">com.unityworks.testcases.AffinitiveTest#verifyPageViewandReportTitle</h3><table class="result"><tr class="param"><th>Parameter #1</th><th>Parameter #2</th><th>Parameter #3</th><th>Parameter #4</th><th>Parameter #5</th><th>Parameter #6</th><th>Parameter #7</th><th>Parameter #8</th><th>Parameter #9</th></tr><tr class="param stripe"><td>03/01/2018</td><td>03/10/2018</td><td>Affinitiv</td><td>Lexus Affinitiv Tire</td><td>//span[text()=&apos;Lexus Affinitiv Tire&apos;]</td><td>//tbody/tr[last()]/td[5]/b</td><td>Lexus Affinitiv Tire</td><td>4</td><td>No</td></tr><tr><th colspan="9">Exception</th></tr><tr><td colspan="9"><div class="stacktrace">org.testng.SkipException: Skipping this exception
	at com.unityworks.testcases.AffinitiveTest.verifyPageViewandReportTitle(AffinitiveTest.java:155)
... Removed 27 stack frames</div></td></tr></table><p class="totop"><a href="#summary">back to summary</a></p>
<h3 id="m55">com.unityworks.testcases.AffinitiveTest#verifyPageViewandReportTitle</h3><table class="result"><tr class="param"><th>Parameter #1</th><th>Parameter #2</th><th>Parameter #3</th><th>Parameter #4</th><th>Parameter #5</th><th>Parameter #6</th><th>Parameter #7</th><th>Parameter #8</th><th>Parameter #9</th></tr><tr class="param stripe"><td>03/01/2018</td><td>03/10/2018</td><td>Affinitiv</td><td>BMW Affinitiv Tire</td><td>//span[text()=&apos;Bmw Affinitiv Tire&apos;]</td><td>//tbody/tr[last()]/td[5]/b</td><td>Bmw Affinitiv Tire</td><td>4</td><td>No</td></tr><tr><th colspan="9">Exception</th></tr><tr><td colspan="9"><div class="stacktrace">org.testng.SkipException: Skipping this exception
	at com.unityworks.testcases.AffinitiveTest.verifyPageViewandReportTitle(AffinitiveTest.java:155)
... Removed 27 stack frames</div></td></tr></table><p class="totop"><a href="#summary">back to summary</a></p>
<h3 id="m56">com.unityworks.testcases.AffinitiveTest#verifyPageViewandReportTitle</h3><table class="result"><tr class="param"><th>Parameter #1</th><th>Parameter #2</th><th>Parameter #3</th><th>Parameter #4</th><th>Parameter #5</th><th>Parameter #6</th><th>Parameter #7</th><th>Parameter #8</th><th>Parameter #9</th></tr><tr class="param stripe"><td>03/01/2018</td><td>03/10/2018</td><td>Fiat Chrysler Automobiles</td><td>Mopar SEBC</td><td>//span[text()=&apos;Southeast Business Center Mopar&apos;]</td><td>//tbody/tr[last()]/td[2]/b</td><td>Southeast Business Center Mopar</td><td>13</td><td>No</td></tr><tr><th colspan="9">Exception</th></tr><tr><td colspan="9"><div class="stacktrace">org.testng.SkipException: Skipping this exception
	at com.unityworks.testcases.AffinitiveTest.verifyPageViewandReportTitle(AffinitiveTest.java:155)
... Removed 27 stack frames</div></td></tr></table><p class="totop"><a href="#summary">back to summary</a></p>
<h3 id="m57">com.unityworks.testcases.AffinitiveTest#verifyPageViewandReportTitle</h3><table class="result"><tr class="param"><th>Parameter #1</th><th>Parameter #2</th><th>Parameter #3</th><th>Parameter #4</th><th>Parameter #5</th><th>Parameter #6</th><th>Parameter #7</th><th>Parameter #8</th><th>Parameter #9</th></tr><tr class="param stripe"><td>03/01/2018</td><td>03/10/2018</td><td>Fiat Chrysler Automobiles</td><td>Land Rover T3</td><td>//span[text()=&apos;Land Rover T3&apos;]</td><td>//tbody/tr[last()]/td[3]/b</td><td>Land Rover T3</td><td>237</td><td>No</td></tr><tr><th colspan="9">Exception</th></tr><tr><td colspan="9"><div class="stacktrace">org.testng.SkipException: Skipping this exception
	at com.unityworks.testcases.AffinitiveTest.verifyPageViewandReportTitle(AffinitiveTest.java:155)
... Removed 27 stack frames</div></td></tr></table><p class="totop"><a href="#summary">back to summary</a></p>
<h3 id="m58">com.unityworks.testcases.AffinitiveTest#verifyPageViewandReportTitle</h3><table class="result"><tr class="param"><th>Parameter #1</th><th>Parameter #2</th><th>Parameter #3</th><th>Parameter #4</th><th>Parameter #5</th><th>Parameter #6</th><th>Parameter #7</th><th>Parameter #8</th><th>Parameter #9</th></tr><tr class="param stripe"><td>03/01/2018</td><td>03/10/2018</td><td>UnityWorks Website</td><td>UnityWorks Website</td><td>//span[text()=&apos;UnityWorks Website Report&apos;]</td><td>//tbody/tr[last()]/td[6]/b</td><td>UnityWorks Website Report</td><td></td><td>No</td></tr><tr><th colspan="9">Exception</th></tr><tr><td colspan="9"><div class="stacktrace">org.testng.SkipException: Skipping this exception
	at com.unityworks.testcases.AffinitiveTest.verifyPageViewandReportTitle(AffinitiveTest.java:155)
... Removed 27 stack frames</div></td></tr></table><p class="totop"><a href="#summary">back to summary</a></p>
<h3 id="m59">com.unityworks.testcases.AffinitiveTest#verifyPageViewandReportTitle</h3><table class="result"><tr class="param"><th>Parameter #1</th><th>Parameter #2</th><th>Parameter #3</th><th>Parameter #4</th><th>Parameter #5</th><th>Parameter #6</th><th>Parameter #7</th><th>Parameter #8</th><th>Parameter #9</th></tr><tr class="param stripe"><td>03/01/2018</td><td>03/10/2018</td><td>Dialogue Direct</td><td>Honda Airbag</td><td>//span[text()=&apos;Epsilon Honda Airbag&apos;]</td><td>//tbody/tr[last()]/td[3]/b</td><td>Epsilon Honda Airbag</td><td></td><td>No</td></tr><tr><th colspan="9">Exception</th></tr><tr><td colspan="9"><div class="stacktrace">org.testng.SkipException: Skipping this exception
	at com.unityworks.testcases.AffinitiveTest.verifyPageViewandReportTitle(AffinitiveTest.java:155)
... Removed 27 stack frames</div></td></tr></table><p class="totop"><a href="#summary">back to summary</a></p>
<h3 id="m60">com.unityworks.testcases.AffinitiveTest#verifyPageViewandReportTitle</h3><table class="result"><tr class="param"><th>Parameter #1</th><th>Parameter #2</th><th>Parameter #3</th><th>Parameter #4</th><th>Parameter #5</th><th>Parameter #6</th><th>Parameter #7</th><th>Parameter #8</th><th>Parameter #9</th></tr><tr class="param stripe"><td>03/01/2018</td><td>03/10/2018</td><td>Epsilon</td><td>CSSR - EVO</td><td>//span[text()=&apos;Epsilon EVO Report&apos;]</td><td>//tbody/tr[last()]/td[5]/b</td><td>Epsilon EVO Report</td><td>729</td><td>No</td></tr><tr><th colspan="9">Exception</th></tr><tr><td colspan="9"><div class="stacktrace">org.testng.SkipException: Skipping this exception
	at com.unityworks.testcases.AffinitiveTest.verifyPageViewandReportTitle(AffinitiveTest.java:155)
... Removed 28 stack frames</div></td></tr></table><p class="totop"><a href="#summary">back to summary</a></p>
<h3 id="m61">com.unityworks.testcases.AffinitiveTest#verifyPageViewandReportTitle</h3><table class="result"><tr class="param"><th>Parameter #1</th><th>Parameter #2</th><th>Parameter #3</th><th>Parameter #4</th><th>Parameter #5</th><th>Parameter #6</th><th>Parameter #7</th><th>Parameter #8</th><th>Parameter #9</th></tr><tr class="param stripe"><td>03/01/2018</td><td>03/10/2018</td><td>Epsilon</td><td>BMW Airbag Recall</td><td>//span[text()=&apos;BMW Airbag Recall&apos;]</td><td>//*[@id=&apos;first_report&apos;]/tbody/tr[last()]/td[5]/b</td><td>BMW Airbag Recall</td><td>398</td><td>Yes</td></tr></table><p class="totop"><a href="#summary">back to summary</a></p>
</body>
</html>
